2021-09-16 20:07:42,525 :: INFO :: Line --> 27 :: Inference Game with Model FrozenLake-v1_16-Sep-2021_15-53-31.h5
2021-09-16 20:07:42,525 :: INFO :: Line --> 28 :: --------------------------------------------------------------------------------------------------------------------------------
2021-09-16 20:07:43,167 :: WARNING :: Line --> 629 :: Model was constructed with shape (None, 16) for input KerasTensor(type_spec=TensorSpec(shape=(None, 16), dtype=tf.float32, name='dense_input'), name='dense_input', description="created by layer 'dense_input'"), but it was called on an input with incompatible shape (None, 1, 16).
2021-09-16 20:07:45,701 :: INFO :: Line --> 91 :: episode:1  total reward:0.0  Path Followed:[0, 0, 4, 4, 8, 8, 4, 0, 4, 8, 8, 8, 8, 8, 9, 8, 9, 8, 8, 8, 4, 4, 8, 9, 10, 9, 10, 6]  Action Executed:[2, 2, 0, 0, 3, 3, 0, 2, 0, 3, 3, 3, 3, 3, 1, 3, 1, 3, 3, 3, 0, 0, 3, 1, 0, 1, 0, 2]
2021-09-16 20:07:48,204 :: INFO :: Line --> 91 :: episode:2  total reward:0.0  Path Followed:[0, 4, 4, 4, 4, 8, 4, 4, 4, 0, 4, 8, 4, 0, 1, 0, 1, 0, 1, 2, 3, 2, 3, 3, 3, 3, 3, 3, 2, 3, 3, 3, 3, 3, 2, 3, 3, 3, 3, 2, 2, 3, 3, 2, 6]  Action Executed:[2, 0, 0, 0, 0, 3, 0, 0, 0, 2, 0, 3, 0, 2, 3, 2, 3, 2, 3, 2, 3, 2, 3, 3, 3, 3, 3, 3, 2, 3, 3, 3, 3, 3, 2, 3, 3, 3, 3, 2, 2, 3, 3, 2, 2]
2021-09-16 20:07:50,144 :: INFO :: Line --> 91 :: episode:3  total reward:0.0  Path Followed:[0, 1, 1, 0, 1, 2, 3, 3, 2, 3, 3, 3, 2, 2, 3, 3, 3, 3, 2, 3, 3, 3, 3, 3, 3, 3, 3, 2, 6]  Action Executed:[2, 3, 3, 2, 3, 2, 3, 3, 2, 3, 3, 3, 2, 2, 3, 3, 3, 3, 2, 3, 3, 3, 3, 3, 3, 3, 3, 2, 2]
2021-09-16 20:07:52,805 :: INFO :: Line --> 91 :: episode:4  total reward:0.0  Path Followed:[0, 4, 8, 4, 4, 8, 8, 8, 8, 9, 8, 4, 8, 8, 8, 8, 8, 8, 8, 8, 4, 4, 4, 0, 1, 1, 1, 1, 1, 2, 3, 2, 3, 3, 3, 3, 2, 3, 3, 3, 3, 3, 2, 2, 6]  Action Executed:[2, 0, 3, 0, 0, 3, 3, 3, 3, 1, 3, 0, 3, 3, 3, 3, 3, 3, 3, 3, 0, 0, 0, 2, 3, 3, 3, 3, 3, 2, 3, 2, 3, 3, 3, 3, 2, 3, 3, 3, 3, 3, 2, 2, 2]
2021-09-16 20:07:56,428 :: INFO :: Line --> 91 :: episode:5  total reward:1.0  Path Followed:[0, 0, 4, 0, 0, 0, 0, 0, 1, 2, 2, 6, 10, 14, 14, 13, 13, 13, 13, 13, 13, 13, 9, 13, 14, 14, 13, 9, 8, 4, 4, 4, 0, 1, 0, 4, 8, 4, 0, 0, 0, 0, 1, 1, 2, 2, 3, 2, 6, 2, 2, 6, 2, 6, 10, 9, 13, 14, 14, 14, 14, 13, 14, 14, 13, 14]  Action Executed:[2, 2, 0, 2, 2, 2, 2, 2, 3, 2, 2, 2, 0, 1, 1, 2, 2, 2, 2, 2, 2, 2, 1, 2, 1, 1, 2, 1, 3, 0, 0, 0, 2, 3, 2, 0, 3, 0, 2, 2, 2, 2, 3, 3, 2, 2, 3, 2, 2, 2, 2, 2, 2, 2, 0, 1, 2, 1, 1, 1, 1, 2, 1, 1, 2, 1]
2021-09-16 20:07:58,208 :: INFO :: Line --> 91 :: episode:6  total reward:2.0  Path Followed:[0, 1, 0, 0, 0, 1, 2, 3, 2, 3, 3, 2, 3, 3, 3, 3, 2, 2, 2, 2, 6, 2, 2, 6, 10, 9, 13, 13, 14, 13, 14]  Action Executed:[2, 3, 2, 2, 2, 3, 2, 3, 2, 3, 3, 2, 3, 3, 3, 3, 2, 2, 2, 2, 2, 2, 2, 2, 0, 1, 2, 2, 1, 2, 1]
2021-09-16 20:08:00,045 :: INFO :: Line --> 91 :: episode:7  total reward:2.0  Path Followed:[0, 1, 0, 0, 1, 1, 0, 4, 0, 0, 0, 4, 8, 4, 8, 9, 13, 9, 10, 6, 10, 9, 8, 9, 10, 6, 10, 6, 10, 6]  Action Executed:[2, 3, 2, 2, 3, 3, 2, 0, 2, 2, 2, 0, 3, 0, 3, 1, 2, 1, 0, 2, 0, 1, 3, 1, 0, 2, 0, 2, 0, 2]
2021-09-16 20:08:00,888 :: INFO :: Line --> 91 :: episode:8  total reward:2.0  Path Followed:[0, 0, 4, 8, 4, 8, 4, 0, 1, 2, 6]  Action Executed:[2, 2, 0, 3, 0, 3, 0, 2, 3, 2, 2]
2021-09-16 20:08:02,997 :: INFO :: Line --> 91 :: episode:9  total reward:2.0  Path Followed:[0, 4, 8, 9, 8, 8, 8, 4, 0, 1, 2, 6, 10, 14, 14, 13, 14, 14, 14, 14, 13, 9, 8, 4, 0, 1, 1, 2, 2, 6]  Action Executed:[2, 0, 3, 1, 3, 3, 3, 0, 2, 3, 2, 2, 0, 1, 1, 2, 1, 1, 1, 1, 2, 1, 3, 0, 2, 3, 3, 2, 2, 2]
2021-09-16 20:08:05,303 :: INFO :: Line --> 91 :: episode:10  total reward:3.0  Path Followed:[0, 1, 1, 0, 1, 2, 3, 3, 3, 3, 2, 3, 2, 3, 3, 3, 3, 3, 2, 6, 10, 14, 14, 14, 13, 9, 10, 14, 13, 9, 13, 9, 13, 9, 13, 13, 14, 13, 13, 14]  Action Executed:[2, 3, 3, 2, 3, 2, 3, 3, 3, 3, 2, 3, 2, 3, 3, 3, 3, 3, 2, 2, 0, 1, 1, 1, 2, 1, 0, 1, 2, 1, 2, 1, 2, 1, 2, 2, 1, 2, 2, 1]
2021-09-16 20:08:07,267 :: INFO :: Line --> 91 :: episode:11  total reward:4.0  Path Followed:[0, 4, 4, 4, 8, 9, 13, 9, 10, 14, 14, 13, 13, 14, 13, 14, 13, 13, 14, 13, 13, 9, 10, 9, 8, 8, 8, 4, 0, 1, 2, 6, 10, 14, 14]  Action Executed:[2, 0, 0, 0, 3, 1, 2, 1, 0, 1, 1, 2, 2, 1, 2, 1, 2, 2, 1, 2, 2, 1, 0, 1, 3, 3, 3, 0, 2, 3, 2, 2, 0, 1, 1]
2021-09-16 20:08:07,937 :: INFO :: Line --> 91 :: episode:12  total reward:4.0  Path Followed:[0, 0, 1, 2, 2, 2, 6]  Action Executed:[2, 2, 3, 2, 2, 2, 2]
2021-09-16 20:08:09,511 :: INFO :: Line --> 91 :: episode:13  total reward:4.0  Path Followed:[0, 4, 0, 0, 1, 1, 1, 2, 2, 2, 2, 3, 3, 3, 3, 3, 3, 3, 3, 3, 3, 3, 2, 6]  Action Executed:[2, 0, 2, 2, 3, 3, 3, 2, 2, 2, 2, 3, 3, 3, 3, 3, 3, 3, 3, 3, 3, 3, 2, 2]
2021-09-16 20:08:11,238 :: INFO :: Line --> 91 :: episode:14  total reward:4.0  Path Followed:[0, 4, 4, 8, 4, 0, 4, 4, 0, 4, 4, 4, 4, 4, 4, 0, 1, 1, 0, 4, 8, 8, 8, 4, 8, 8, 9, 10, 6]  Action Executed:[2, 0, 0, 3, 0, 2, 0, 0, 2, 0, 0, 0, 0, 0, 0, 2, 3, 3, 2, 0, 3, 3, 3, 0, 3, 3, 1, 0, 2]
2021-09-16 20:08:12,283 :: INFO :: Line --> 91 :: episode:15  total reward:4.0  Path Followed:[0, 1, 2, 6, 10, 9, 10, 6, 2, 2, 6]  Action Executed:[2, 3, 2, 2, 0, 1, 0, 2, 2, 2, 2]
2021-09-16 20:08:14,027 :: INFO :: Line --> 91 :: episode:16  total reward:4.0  Path Followed:[0, 1, 0, 0, 0, 1, 0, 1, 2, 6, 2, 2, 3, 3, 3, 3, 3, 3, 3, 3, 3, 2, 2, 3, 2, 6, 10, 9, 10, 6]  Action Executed:[2, 3, 2, 2, 2, 3, 2, 3, 2, 2, 2, 2, 3, 3, 3, 3, 3, 3, 3, 3, 3, 2, 2, 3, 2, 2, 0, 1, 0, 2]
2021-09-16 20:08:15,098 :: INFO :: Line --> 91 :: episode:17  total reward:4.0  Path Followed:[0, 4, 4, 8, 9, 8, 8, 8, 8, 9, 10, 9, 10, 6]  Action Executed:[2, 0, 0, 3, 1, 3, 3, 3, 3, 1, 0, 1, 0, 2]
2021-09-16 20:08:17,004 :: INFO :: Line --> 91 :: episode:18  total reward:4.0  Path Followed:[0, 1, 0, 0, 4, 0, 4, 4, 0, 4, 4, 4, 4, 4, 0, 1, 1, 2, 2, 3, 2, 3, 3, 2, 2, 3, 3, 2, 6]  Action Executed:[2, 3, 2, 2, 0, 2, 0, 0, 2, 0, 0, 0, 0, 0, 2, 3, 3, 2, 2, 3, 2, 3, 3, 2, 2, 3, 3, 2, 2]
2021-09-16 20:08:17,600 :: INFO :: Line --> 91 :: episode:19  total reward:4.0  Path Followed:[0, 1, 2, 6]  Action Executed:[2, 3, 2, 2]
2021-09-16 20:08:18,956 :: INFO :: Line --> 91 :: episode:20  total reward:5.0  Path Followed:[0, 0, 4, 4, 8, 8, 9, 13, 9, 13, 9, 10, 14, 14, 13, 14]  Action Executed:[2, 2, 0, 0, 3, 3, 1, 2, 1, 2, 1, 0, 1, 1, 2, 1]
2021-09-16 20:08:20,226 :: INFO :: Line --> 91 :: episode:21  total reward:5.0  Path Followed:[0, 0, 1, 0, 0, 0, 0, 0, 0, 0, 1, 1, 2, 3, 2, 3, 2, 6]  Action Executed:[2, 2, 3, 2, 2, 2, 2, 2, 2, 2, 3, 3, 2, 3, 2, 3, 2, 2]
2021-09-16 20:08:23,297 :: INFO :: Line --> 91 :: episode:22  total reward:6.0  Path Followed:[0, 1, 0, 0, 1, 1, 0, 0, 1, 2, 3, 2, 6, 10, 14, 14, 13, 9, 13, 9, 13, 9, 10, 6, 2, 6, 10, 9, 10, 9, 13, 14]  Action Executed:[2, 3, 2, 2, 3, 3, 2, 2, 3, 2, 3, 2, 2, 0, 1, 1, 2, 1, 2, 1, 2, 1, 0, 2, 2, 2, 0, 1, 0, 1, 2, 1]
2021-09-16 20:08:24,329 :: INFO :: Line --> 91 :: episode:23  total reward:6.0  Path Followed:[0, 4, 0, 0, 4, 8, 8, 9, 10, 6, 10, 6]  Action Executed:[2, 0, 2, 2, 0, 3, 3, 1, 0, 2, 0, 2]
2021-09-16 20:08:26,599 :: INFO :: Line --> 91 :: episode:24  total reward:7.0  Path Followed:[0, 1, 1, 1, 0, 4, 4, 0, 1, 0, 0, 4, 0, 0, 4, 0, 0, 1, 2, 3, 3, 3, 2, 3, 3, 2, 6, 2, 2, 2, 2, 6, 10, 14, 13, 14, 13, 14, 14]  Action Executed:[2, 3, 3, 3, 2, 0, 0, 2, 3, 2, 2, 0, 2, 2, 0, 2, 2, 3, 2, 3, 3, 3, 2, 3, 3, 2, 2, 2, 2, 2, 2, 2, 0, 1, 2, 1, 2, 1, 1]
2021-09-16 20:08:27,899 :: INFO :: Line --> 91 :: episode:25  total reward:8.0  Path Followed:[0, 4, 4, 8, 9, 8, 8, 4, 0, 0, 4, 4, 0, 0, 4, 8, 9, 13, 9, 10, 14]  Action Executed:[2, 0, 0, 3, 1, 3, 3, 0, 2, 2, 0, 0, 2, 2, 0, 3, 1, 2, 1, 0, 1]
2021-09-16 20:08:29,429 :: INFO :: Line --> 91 :: episode:26  total reward:9.0  Path Followed:[0, 0, 4, 0, 0, 0, 0, 1, 1, 2, 3, 2, 3, 2, 3, 3, 3, 3, 2, 2, 6, 2, 6, 10, 14, 14]  Action Executed:[2, 2, 0, 2, 2, 2, 2, 3, 3, 2, 3, 2, 3, 2, 3, 3, 3, 3, 2, 2, 2, 2, 2, 0, 1, 1]
2021-09-16 20:08:31,575 :: INFO :: Line --> 91 :: episode:27  total reward:10.0  Path Followed:[0, 1, 0, 4, 4, 4, 0, 0, 1, 2, 2, 6, 10, 9, 8, 4, 0, 1, 1, 0, 4, 4, 0, 1, 0, 4, 8, 9, 13, 9, 8, 8, 8, 8, 9, 13, 13, 14]  Action Executed:[2, 3, 2, 0, 0, 0, 2, 2, 3, 2, 2, 2, 0, 1, 3, 0, 2, 3, 3, 2, 0, 0, 2, 3, 2, 0, 3, 1, 2, 1, 3, 3, 3, 3, 1, 2, 2, 1]
2021-09-16 20:08:32,628 :: INFO :: Line --> 91 :: episode:28  total reward:11.0  Path Followed:[0, 0, 0, 0, 1, 1, 1, 0, 0, 4, 4, 8, 9, 13, 14]  Action Executed:[2, 2, 2, 2, 3, 3, 3, 2, 2, 0, 0, 3, 1, 2, 1]
2021-09-16 20:08:34,093 :: INFO :: Line --> 91 :: episode:29  total reward:12.0  Path Followed:[0, 4, 8, 9, 8, 4, 4, 0, 4, 4, 4, 0, 4, 0, 4, 4, 8, 8, 9, 10, 14]  Action Executed:[2, 0, 3, 1, 3, 0, 0, 2, 0, 0, 0, 2, 0, 2, 0, 0, 3, 3, 1, 0, 1]
2021-09-16 20:08:39,507 :: INFO :: Line --> 91 :: episode:30  total reward:12.0  Path Followed:[0, 1, 0, 4, 0, 4, 0, 1, 0, 0, 0, 0, 1, 0, 4, 0, 0, 4, 8, 4, 4, 0, 0, 1, 1, 0, 0, 4, 8, 8, 4, 8, 4, 8, 4, 0, 1, 0, 4, 4, 0, 0, 0, 4, 0, 0, 1, 2, 3, 3, 2, 2, 2, 3, 3, 2, 6, 2, 3, 3, 3, 3, 3, 3, 3, 3, 3, 3, 3, 2, 2, 2, 2, 2, 3, 3, 3, 3, 3, 3, 3, 3, 3, 3, 3, 2, 3, 3, 3, 3, 3, 2, 6]  Action Executed:[2, 3, 2, 0, 2, 0, 2, 3, 2, 2, 2, 2, 3, 2, 0, 2, 2, 0, 3, 0, 0, 2, 2, 3, 3, 2, 2, 0, 3, 3, 0, 3, 0, 3, 0, 2, 3, 2, 0, 0, 2, 2, 2, 0, 2, 2, 3, 2, 3, 3, 2, 2, 2, 3, 3, 2, 2, 2, 3, 3, 3, 3, 3, 3, 3, 3, 3, 3, 3, 2, 2, 2, 2, 2, 3, 3, 3, 3, 3, 3, 3, 3, 3, 3, 3, 2, 3, 3, 3, 3, 3, 2, 2]
2021-09-16 20:08:41,042 :: INFO :: Line --> 91 :: episode:31  total reward:12.0  Path Followed:[0, 4, 4, 0, 4, 8, 9, 8, 4, 4, 4, 0, 0, 4, 8, 4, 0, 1, 2, 2, 6]  Action Executed:[2, 0, 0, 2, 0, 3, 1, 3, 0, 0, 0, 2, 2, 0, 3, 0, 2, 3, 2, 2, 2]
2021-09-16 20:08:42,194 :: INFO :: Line --> 91 :: episode:32  total reward:12.0  Path Followed:[0, 4, 8, 4, 0, 0, 4, 8, 4, 4, 0, 1, 0, 1, 2, 2, 6]  Action Executed:[2, 0, 3, 0, 2, 2, 0, 3, 0, 0, 2, 3, 2, 3, 2, 2, 2]
2021-09-16 20:08:43,220 :: INFO :: Line --> 91 :: episode:33  total reward:12.0  Path Followed:[0, 1, 0, 0, 1, 1, 2, 3, 3, 2, 6]  Action Executed:[2, 3, 2, 2, 3, 3, 2, 3, 3, 2, 2]
2021-09-16 20:08:45,930 :: INFO :: Line --> 91 :: episode:34  total reward:13.0  Path Followed:[0, 1, 0, 0, 0, 1, 1, 2, 3, 3, 3, 3, 3, 2, 2, 2, 3, 2, 6, 2, 3, 2, 2, 6, 10, 9, 8, 8, 4, 8, 9, 13, 14, 14, 14, 13, 9, 8, 9, 13, 13, 14, 14]  Action Executed:[2, 3, 2, 2, 2, 3, 3, 2, 3, 3, 3, 3, 3, 2, 2, 2, 3, 2, 2, 2, 3, 2, 2, 2, 0, 1, 3, 3, 0, 3, 1, 2, 1, 1, 1, 2, 1, 3, 1, 2, 2, 1, 1]
2021-09-16 20:08:49,710 :: INFO :: Line --> 91 :: episode:35  total reward:13.0  Path Followed:[0, 4, 4, 4, 4, 0, 4, 4, 0, 4, 0, 1, 1, 1, 0, 1, 0, 0, 0, 0, 1, 2, 3, 3, 3, 3, 2, 2, 6, 2, 3, 2, 3, 3, 3, 2, 2, 6, 10, 9, 13, 9, 13, 13, 14, 14, 13, 9, 8, 9, 13, 13, 14, 13, 9, 10, 14, 14, 13, 9, 13, 13, 9, 10, 6]  Action Executed:[2, 0, 0, 0, 0, 2, 0, 0, 2, 0, 2, 3, 3, 3, 2, 3, 2, 2, 2, 2, 3, 2, 3, 3, 3, 3, 2, 2, 2, 2, 3, 2, 3, 3, 3, 2, 2, 2, 0, 1, 2, 1, 2, 2, 1, 1, 2, 1, 3, 1, 2, 2, 1, 2, 1, 0, 1, 1, 2, 1, 2, 2, 1, 0, 2]
2021-09-16 20:08:52,250 :: INFO :: Line --> 91 :: episode:36  total reward:13.0  Path Followed:[0, 4, 8, 4, 0, 1, 2, 3, 3, 3, 3, 3, 3, 3, 3, 3, 3, 3, 3, 3, 3, 3, 2, 3, 3, 3, 2, 6, 10, 6]  Action Executed:[2, 0, 3, 0, 2, 3, 2, 3, 3, 3, 3, 3, 3, 3, 3, 3, 3, 3, 3, 3, 3, 3, 2, 3, 3, 3, 2, 2, 0, 2]
2021-09-16 20:08:53,555 :: INFO :: Line --> 91 :: episode:37  total reward:13.0  Path Followed:[0, 1, 1, 1, 1, 0, 0, 1, 1, 0, 1, 1, 1, 2, 6]  Action Executed:[2, 3, 3, 3, 3, 2, 2, 3, 3, 2, 3, 3, 3, 2, 2]
2021-09-16 20:08:54,930 :: INFO :: Line --> 91 :: episode:38  total reward:13.0  Path Followed:[0, 0, 4, 4, 8, 4, 0, 0, 4, 0, 4, 8, 8, 9, 10, 9, 10, 6]  Action Executed:[2, 2, 0, 0, 3, 0, 2, 2, 0, 2, 0, 3, 3, 1, 0, 1, 0, 2]
2021-09-16 20:08:55,958 :: INFO :: Line --> 91 :: episode:39  total reward:13.0  Path Followed:[0, 1, 0, 1, 2, 3, 3, 3, 3, 2, 3, 2, 6]  Action Executed:[2, 3, 2, 3, 2, 3, 3, 3, 3, 2, 3, 2, 2]
2021-09-16 20:08:57,475 :: INFO :: Line --> 91 :: episode:40  total reward:13.0  Path Followed:[0, 4, 4, 0, 0, 0, 0, 1, 1, 2, 6, 2, 2, 3, 3, 2, 6, 2, 6, 2, 2, 2, 6]  Action Executed:[2, 0, 0, 2, 2, 2, 2, 3, 3, 2, 2, 2, 2, 3, 3, 2, 2, 2, 2, 2, 2, 2, 2]
2021-09-16 20:08:58,495 :: INFO :: Line --> 91 :: episode:41  total reward:13.0  Path Followed:[0, 0, 0, 4, 0, 0, 1, 2, 2, 6]  Action Executed:[2, 2, 2, 0, 2, 2, 3, 2, 2, 2]
2021-09-16 20:08:59,865 :: INFO :: Line --> 91 :: episode:42  total reward:13.0  Path Followed:[0, 0, 0, 4, 0, 0, 0, 1, 2, 3, 3, 3, 3, 3, 3, 3, 2, 6]  Action Executed:[2, 2, 2, 0, 2, 2, 2, 3, 2, 3, 3, 3, 3, 3, 3, 3, 2, 2]
2021-09-16 20:09:00,928 :: INFO :: Line --> 91 :: episode:43  total reward:14.0  Path Followed:[0, 1, 0, 0, 0, 1, 2, 2, 6, 10, 14]  Action Executed:[2, 3, 2, 2, 2, 3, 2, 2, 2, 0, 1]
2021-09-16 20:09:04,086 :: INFO :: Line --> 91 :: episode:44  total reward:15.0  Path Followed:[0, 1, 1, 0, 4, 8, 8, 4, 8, 9, 10, 9, 13, 9, 13, 9, 8, 9, 8, 9, 13, 13, 9, 8, 4, 4, 0, 4, 8, 4, 0, 4, 4, 4, 0, 1, 2, 2, 2, 3, 3, 3, 3, 3, 2, 2, 6, 10, 14, 13, 13, 9, 13, 13, 14]  Action Executed:[2, 3, 3, 2, 0, 3, 3, 0, 3, 1, 0, 1, 2, 1, 2, 1, 3, 1, 3, 1, 2, 2, 1, 3, 0, 0, 2, 0, 3, 0, 2, 0, 0, 0, 2, 3, 2, 2, 2, 3, 3, 3, 3, 3, 2, 2, 2, 0, 1, 2, 2, 1, 2, 2, 1]
2021-09-16 20:09:05,405 :: INFO :: Line --> 91 :: episode:45  total reward:16.0  Path Followed:[0, 4, 8, 4, 8, 9, 13, 9, 8, 4, 8, 9, 10, 9, 13, 13, 13, 9, 10, 14]  Action Executed:[2, 0, 3, 0, 3, 1, 2, 1, 3, 0, 3, 1, 0, 1, 2, 2, 2, 1, 0, 1]
2021-09-16 20:09:06,723 :: INFO :: Line --> 91 :: episode:46  total reward:16.0  Path Followed:[0, 0, 1, 1, 1, 0, 4, 8, 9, 8, 8, 4, 0, 4, 8, 9, 10, 6]  Action Executed:[2, 2, 3, 3, 3, 2, 0, 3, 1, 3, 3, 0, 2, 0, 3, 1, 0, 2]
2021-09-16 20:09:11,517 :: INFO :: Line --> 91 :: episode:47  total reward:17.0  Path Followed:[0, 0, 4, 8, 4, 0, 0, 0, 4, 4, 0, 4, 0, 4, 8, 8, 8, 9, 8, 9, 8, 4, 4, 0, 4, 4, 8, 9, 10, 9, 10, 6, 10, 9, 8, 8, 4, 8, 8, 8, 4, 8, 8, 4, 8, 4, 0, 0, 4, 8, 8, 4, 4, 4, 0, 0, 1, 0, 0, 1, 1, 2, 6, 10, 14, 13, 9, 8, 8, 9, 13, 14]  Action Executed:[2, 2, 0, 3, 0, 2, 2, 2, 0, 0, 2, 0, 2, 0, 3, 3, 3, 1, 3, 1, 3, 0, 0, 2, 0, 0, 3, 1, 0, 1, 0, 2, 0, 1, 3, 3, 0, 3, 3, 3, 0, 3, 3, 0, 3, 0, 2, 2, 0, 3, 3, 0, 0, 0, 2, 2, 3, 2, 2, 3, 3, 2, 2, 0, 1, 2, 1, 3, 3, 1, 2, 1]
2021-09-16 20:09:15,559 :: INFO :: Line --> 91 :: episode:48  total reward:17.0  Path Followed:[0, 4, 4, 4, 4, 4, 0, 1, 0, 4, 0, 4, 8, 4, 8, 9, 10, 9, 8, 8, 8, 9, 10, 14, 14, 13, 9, 8, 8, 8, 9, 8, 4, 8, 4, 4, 8, 8, 8, 8, 4, 0, 1, 1, 2, 2, 3, 3, 3, 3, 3, 2, 6, 2, 3, 3, 3, 3, 2, 2, 2, 3, 2, 2, 3, 2, 6, 2, 2, 6]  Action Executed:[2, 0, 0, 0, 0, 0, 2, 3, 2, 0, 2, 0, 3, 0, 3, 1, 0, 1, 3, 3, 3, 1, 0, 1, 1, 2, 1, 3, 3, 3, 1, 3, 0, 3, 0, 0, 3, 3, 3, 3, 0, 2, 3, 3, 2, 2, 3, 3, 3, 3, 3, 2, 2, 2, 3, 3, 3, 3, 2, 2, 2, 3, 2, 2, 3, 2, 2, 2, 2, 2]
2021-09-16 20:09:16,639 :: INFO :: Line --> 91 :: episode:49  total reward:17.0  Path Followed:[0, 1, 1, 1, 2, 2, 6, 10, 6, 2, 2, 3, 2, 6]  Action Executed:[2, 3, 3, 3, 2, 2, 2, 0, 2, 2, 2, 3, 2, 2]
2021-09-16 20:09:22,722 :: INFO :: Line --> 91 :: episode:50  total reward:18.0  Path Followed:[0, 4, 4, 4, 0, 4, 4, 8, 8, 9, 13, 9, 13, 13, 9, 10, 9, 10, 6, 2, 2, 6, 2, 3, 2, 2, 3, 3, 2, 3, 3, 2, 2, 6, 10, 9, 10, 9, 8, 9, 13, 13, 9, 10, 14, 13, 14, 13, 9, 8, 4, 0, 1, 0, 0, 4, 4, 4, 4, 8, 4, 0, 1, 1, 1, 0, 1, 2, 2, 2, 2, 2, 3, 3, 2, 6, 10, 14, 13, 9, 10, 9, 10, 9, 13, 13, 9, 13, 13, 14, 13, 13, 13, 13, 14, 13, 9, 13, 14, 14]  Action Executed:[2, 0, 0, 0, 2, 0, 0, 3, 3, 1, 2, 1, 2, 2, 1, 0, 1, 0, 2, 2, 2, 2, 2, 3, 2, 2, 3, 3, 2, 3, 3, 2, 2, 2, 0, 1, 0, 1, 3, 1, 2, 2, 1, 0, 1, 2, 1, 2, 1, 3, 0, 2, 3, 2, 2, 0, 0, 0, 0, 3, 0, 2, 3, 3, 3, 2, 3, 2, 2, 2, 2, 2, 3, 3, 2, 2, 0, 1, 2, 1, 0, 1, 0, 1, 2, 2, 1, 2, 2, 1, 2, 2, 2, 2, 1, 2, 1, 2, 1, 1]
2021-09-16 20:09:23,957 :: INFO :: Line --> 91 :: episode:51  total reward:19.0  Path Followed:[0, 4, 8, 4, 0, 4, 8, 8, 4, 0, 4, 0, 4, 8, 9, 13, 9, 13, 14]  Action Executed:[2, 0, 3, 0, 2, 0, 3, 3, 0, 2, 0, 2, 0, 3, 1, 2, 1, 2, 1]
2021-09-16 20:09:28,244 :: INFO :: Line --> 91 :: episode:52  total reward:20.0  Path Followed:[0, 0, 4, 8, 4, 8, 8, 8, 8, 4, 4, 0, 4, 4, 4, 4, 0, 1, 2, 3, 3, 2, 3, 2, 3, 3, 2, 6, 2, 3, 3, 2, 3, 2, 6, 2, 6, 2, 6, 2, 2, 3, 3, 2, 2, 6, 10, 14, 13, 9, 10, 6, 2, 3, 2, 3, 2, 3, 3, 3, 3, 2, 3, 2, 6, 2, 2, 3, 2, 6, 10, 9, 8, 8, 9, 13, 13, 9, 10, 14]  Action Executed:[2, 2, 0, 3, 0, 3, 3, 3, 3, 0, 0, 2, 0, 0, 0, 0, 2, 3, 2, 3, 3, 2, 3, 2, 3, 3, 2, 2, 2, 3, 3, 2, 3, 2, 2, 2, 2, 2, 2, 2, 2, 3, 3, 2, 2, 2, 0, 1, 2, 1, 0, 2, 2, 3, 2, 3, 2, 3, 3, 3, 3, 2, 3, 2, 2, 2, 2, 3, 2, 2, 0, 1, 3, 3, 1, 2, 2, 1, 0, 1]
2021-09-16 20:09:29,383 :: INFO :: Line --> 91 :: episode:53  total reward:20.0  Path Followed:[0, 0, 4, 0, 1, 1, 0, 0, 4, 0, 1, 2, 2, 2, 2, 2, 6]  Action Executed:[2, 2, 0, 2, 3, 3, 2, 2, 0, 2, 3, 2, 2, 2, 2, 2, 2]
2021-09-16 20:09:30,369 :: INFO :: Line --> 91 :: episode:54  total reward:21.0  Path Followed:[0, 1, 0, 1, 0, 0, 4, 4, 4, 8, 9, 10, 14, 14]  Action Executed:[2, 3, 2, 3, 2, 2, 0, 0, 0, 3, 1, 0, 1, 1]
2021-09-16 20:09:34,210 :: INFO :: Line --> 91 :: episode:55  total reward:22.0  Path Followed:[0, 4, 8, 4, 4, 0, 0, 1, 0, 0, 4, 8, 9, 10, 6, 10, 9, 13, 9, 13, 9, 8, 8, 4, 0, 1, 1, 2, 3, 2, 2, 2, 2, 3, 2, 2, 6, 2, 3, 3, 3, 3, 2, 3, 2, 2, 3, 3, 3, 3, 3, 3, 2, 6, 10, 14, 14, 13, 13, 13, 13, 13, 13, 14]  Action Executed:[2, 0, 3, 0, 0, 2, 2, 3, 2, 2, 0, 3, 1, 0, 2, 0, 1, 2, 1, 2, 1, 3, 3, 0, 2, 3, 3, 2, 3, 2, 2, 2, 2, 3, 2, 2, 2, 2, 3, 3, 3, 3, 2, 3, 2, 2, 3, 3, 3, 3, 3, 3, 2, 2, 0, 1, 1, 2, 2, 2, 2, 2, 2, 1]
2021-09-16 20:09:35,331 :: INFO :: Line --> 91 :: episode:56  total reward:22.0  Path Followed:[0, 0, 4, 0, 0, 0, 1, 0, 0, 1, 2, 2, 3, 3, 2, 6]  Action Executed:[2, 2, 0, 2, 2, 2, 3, 2, 2, 3, 2, 2, 3, 3, 2, 2]
2021-09-16 20:09:37,580 :: INFO :: Line --> 91 :: episode:57  total reward:22.0  Path Followed:[0, 4, 0, 4, 8, 4, 4, 8, 9, 8, 8, 4, 8, 9, 8, 9, 8, 9, 10, 6, 10, 9, 13, 14, 13, 13, 9, 13, 13, 13, 9, 10, 6]  Action Executed:[2, 0, 2, 0, 3, 0, 0, 3, 1, 3, 3, 0, 3, 1, 3, 1, 3, 1, 0, 2, 0, 1, 2, 1, 2, 2, 1, 2, 2, 2, 1, 0, 2]
2021-09-16 20:09:41,459 :: INFO :: Line --> 91 :: episode:58  total reward:23.0  Path Followed:[0, 1, 0, 1, 2, 6, 2, 3, 3, 3, 3, 3, 3, 2, 2, 6, 10, 9, 10, 9, 10, 9, 13, 9, 8, 8, 4, 4, 8, 4, 8, 4, 0, 0, 1, 0, 1, 0, 4, 0, 4, 4, 8, 8, 4, 4, 0, 1, 0, 0, 0, 4, 4, 8, 4, 0, 1, 1, 2, 3, 3, 3, 2, 6, 10, 14, 14]  Action Executed:[2, 3, 2, 3, 2, 2, 2, 3, 3, 3, 3, 3, 3, 2, 2, 2, 0, 1, 0, 1, 0, 1, 2, 1, 3, 3, 0, 0, 3, 0, 3, 0, 2, 2, 3, 2, 3, 2, 0, 2, 0, 0, 3, 3, 0, 0, 2, 3, 2, 2, 2, 0, 0, 3, 0, 2, 3, 3, 2, 3, 3, 3, 2, 2, 0, 1, 1]
2021-09-16 20:09:43,326 :: INFO :: Line --> 91 :: episode:59  total reward:23.0  Path Followed:[0, 0, 0, 4, 4, 0, 1, 0, 1, 0, 4, 4, 0, 0, 1, 0, 4, 4, 0, 1, 1, 2, 2, 6]  Action Executed:[2, 2, 2, 0, 0, 2, 3, 2, 3, 2, 0, 0, 2, 2, 3, 2, 0, 0, 2, 3, 3, 2, 2, 2]
2021-09-16 20:09:45,719 :: INFO :: Line --> 91 :: episode:60  total reward:24.0  Path Followed:[0, 1, 1, 1, 0, 0, 0, 4, 4, 4, 4, 0, 4, 8, 9, 10, 9, 10, 9, 10, 9, 13, 13, 13, 14, 14, 14]  Action Executed:[2, 3, 3, 3, 2, 2, 2, 0, 0, 0, 0, 2, 0, 3, 1, 0, 1, 0, 1, 0, 1, 2, 2, 2, 1, 1, 1]
2021-09-16 20:09:47,012 :: INFO :: Line --> 91 :: episode:61  total reward:24.0  Path Followed:[0, 0, 0, 0, 1, 1, 2, 3, 2, 2, 3, 3, 3, 2, 3, 3, 3, 3, 2, 6]  Action Executed:[2, 2, 2, 2, 3, 3, 2, 3, 2, 2, 3, 3, 3, 2, 3, 3, 3, 3, 2, 2]
2021-09-16 20:09:50,192 :: INFO :: Line --> 91 :: episode:62  total reward:24.0  Path Followed:[0, 4, 8, 4, 8, 9, 10, 6, 10, 14, 13, 9, 8, 9, 10, 6, 2, 3, 3, 3, 2, 3, 2, 3, 3, 2, 2, 3, 3, 2, 3, 2, 3, 3, 3, 3, 3, 3, 3, 3, 2, 3, 2, 3, 3, 2, 3, 3, 3, 3, 3, 2, 6]  Action Executed:[2, 0, 3, 0, 3, 1, 0, 2, 0, 1, 2, 1, 3, 1, 0, 2, 2, 3, 3, 3, 2, 3, 2, 3, 3, 2, 2, 3, 3, 2, 3, 2, 3, 3, 3, 3, 3, 3, 3, 3, 2, 3, 2, 3, 3, 2, 3, 3, 3, 3, 3, 2, 2]
2021-09-16 20:09:51,257 :: INFO :: Line --> 91 :: episode:63  total reward:25.0  Path Followed:[0, 0, 4, 8, 4, 8, 4, 0, 4, 4, 8, 8, 9, 10, 14]  Action Executed:[2, 2, 0, 3, 0, 3, 0, 2, 0, 0, 3, 3, 1, 0, 1]
2021-09-16 20:09:54,321 :: INFO :: Line --> 91 :: episode:64  total reward:25.0  Path Followed:[0, 1, 1, 1, 0, 4, 0, 0, 4, 0, 4, 0, 0, 4, 4, 8, 8, 4, 8, 9, 10, 9, 8, 4, 8, 4, 4, 0, 4, 4, 8, 4, 0, 4, 0, 1, 2, 3, 3, 3, 3, 3, 3, 3, 3, 3, 3, 3, 3, 3, 3, 3, 3, 3, 2, 6]  Action Executed:[2, 3, 3, 3, 2, 0, 2, 2, 0, 2, 0, 2, 2, 0, 0, 3, 3, 0, 3, 1, 0, 1, 3, 0, 3, 0, 0, 2, 0, 0, 3, 0, 2, 0, 2, 3, 2, 3, 3, 3, 3, 3, 3, 3, 3, 3, 3, 3, 3, 3, 3, 3, 3, 3, 2, 2]
2021-09-16 20:09:56,482 :: INFO :: Line --> 91 :: episode:65  total reward:26.0  Path Followed:[0, 0, 0, 1, 0, 4, 8, 9, 8, 8, 9, 10, 9, 8, 4, 4, 0, 4, 8, 4, 0, 4, 8, 8, 9, 8, 9, 8, 9, 10, 14, 14]  Action Executed:[2, 2, 2, 3, 2, 0, 3, 1, 3, 3, 1, 0, 1, 3, 0, 0, 2, 0, 3, 0, 2, 0, 3, 3, 1, 3, 1, 3, 1, 0, 1, 1]
2021-09-16 20:09:59,152 :: INFO :: Line --> 91 :: episode:66  total reward:27.0  Path Followed:[0, 4, 8, 9, 8, 4, 0, 0, 1, 2, 6, 2, 3, 2, 3, 3, 3, 3, 3, 3, 3, 2, 3, 3, 2, 3, 2, 6, 10, 14, 14, 14, 13, 13, 14, 14, 14, 13, 13, 13, 13, 13, 14]  Action Executed:[2, 0, 3, 1, 3, 0, 2, 2, 3, 2, 2, 2, 3, 2, 3, 3, 3, 3, 3, 3, 3, 2, 3, 3, 2, 3, 2, 2, 0, 1, 1, 1, 2, 2, 1, 1, 1, 2, 2, 2, 2, 2, 1]
2021-09-16 20:09:59,861 :: INFO :: Line --> 91 :: episode:67  total reward:27.0  Path Followed:[0, 4, 8, 4, 0, 1, 2, 6]  Action Executed:[2, 0, 3, 0, 2, 3, 2, 2]
2021-09-16 20:10:00,573 :: INFO :: Line --> 91 :: episode:68  total reward:27.0  Path Followed:[0, 0, 1, 1, 2, 6, 10, 6]  Action Executed:[2, 2, 3, 3, 2, 2, 0, 2]
2021-09-16 20:10:02,521 :: INFO :: Line --> 91 :: episode:69  total reward:28.0  Path Followed:[0, 4, 0, 4, 8, 9, 10, 9, 8, 8, 9, 10, 6, 10, 6, 2, 2, 2, 3, 3, 3, 2, 6, 10, 14, 14, 14, 14, 14, 14, 14]  Action Executed:[2, 0, 2, 0, 3, 1, 0, 1, 3, 3, 1, 0, 2, 0, 2, 2, 2, 2, 3, 3, 3, 2, 2, 0, 1, 1, 1, 1, 1, 1, 1]
2021-09-16 20:10:04,161 :: INFO :: Line --> 91 :: episode:70  total reward:29.0  Path Followed:[0, 0, 4, 4, 8, 4, 0, 4, 4, 0, 0, 0, 0, 1, 0, 0, 1, 2, 6, 10, 9, 10, 14]  Action Executed:[2, 2, 0, 0, 3, 0, 2, 0, 0, 2, 2, 2, 2, 3, 2, 2, 3, 2, 2, 0, 1, 0, 1]
2021-09-16 20:10:05,010 :: INFO :: Line --> 91 :: episode:71  total reward:29.0  Path Followed:[0, 1, 2, 6, 2, 2, 3, 3, 2, 6]  Action Executed:[2, 3, 2, 2, 2, 2, 3, 3, 2, 2]
2021-09-16 20:10:06,692 :: INFO :: Line --> 91 :: episode:72  total reward:29.0  Path Followed:[0, 0, 4, 4, 4, 0, 0, 1, 0, 1, 0, 4, 0, 0, 1, 2, 3, 3, 3, 3, 3, 3, 3, 2, 6]  Action Executed:[2, 2, 0, 0, 0, 2, 2, 3, 2, 3, 2, 0, 2, 2, 3, 2, 3, 3, 3, 3, 3, 3, 3, 2, 2]
2021-09-16 20:10:08,979 :: INFO :: Line --> 91 :: episode:73  total reward:30.0  Path Followed:[0, 4, 4, 8, 8, 4, 0, 0, 4, 4, 8, 4, 0, 1, 0, 4, 4, 4, 8, 9, 10, 9, 10, 6, 2, 6, 2, 2, 6, 10, 9, 8, 4, 8, 9, 13, 13, 14]  Action Executed:[2, 0, 0, 3, 3, 0, 2, 2, 0, 0, 3, 0, 2, 3, 2, 0, 0, 0, 3, 1, 0, 1, 0, 2, 2, 2, 2, 2, 2, 0, 1, 3, 0, 3, 1, 2, 2, 1]
2021-09-16 20:10:11,150 :: INFO :: Line --> 91 :: episode:74  total reward:30.0  Path Followed:[0, 0, 0, 0, 4, 4, 0, 0, 1, 1, 1, 2, 3, 3, 2, 2, 3, 3, 3, 3, 3, 3, 2, 2, 6, 2, 3, 3, 3, 2, 3, 2, 6, 10, 6]  Action Executed:[2, 2, 2, 2, 0, 0, 2, 2, 3, 3, 3, 2, 3, 3, 2, 2, 3, 3, 3, 3, 3, 3, 2, 2, 2, 2, 3, 3, 3, 2, 3, 2, 2, 0, 2]
2021-09-16 20:10:12,852 :: INFO :: Line --> 91 :: episode:75  total reward:31.0  Path Followed:[0, 0, 1, 0, 4, 4, 8, 4, 8, 8, 4, 0, 4, 8, 9, 10, 9, 8, 9, 10, 14, 14, 13, 13, 14, 13, 14]  Action Executed:[2, 2, 3, 2, 0, 0, 3, 0, 3, 3, 0, 2, 0, 3, 1, 0, 1, 3, 1, 0, 1, 1, 2, 2, 1, 2, 1]
2021-09-16 20:10:14,093 :: INFO :: Line --> 91 :: episode:76  total reward:32.0  Path Followed:[0, 0, 1, 0, 0, 1, 0, 0, 4, 8, 8, 8, 8, 4, 8, 9, 13, 14]  Action Executed:[2, 2, 3, 2, 2, 3, 2, 2, 0, 3, 3, 3, 3, 0, 3, 1, 2, 1]
2021-09-16 20:10:16,702 :: INFO :: Line --> 91 :: episode:77  total reward:32.0  Path Followed:[0, 0, 4, 4, 0, 1, 2, 2, 6, 2, 2, 2, 3, 3, 2, 3, 2, 2, 3, 3, 3, 3, 3, 2, 6, 10, 9, 13, 13, 13, 13, 9, 10, 9, 13, 13, 13, 9, 10, 6]  Action Executed:[2, 2, 0, 0, 2, 3, 2, 2, 2, 2, 2, 2, 3, 3, 2, 3, 2, 2, 3, 3, 3, 3, 3, 2, 2, 0, 1, 2, 2, 2, 2, 1, 0, 1, 2, 2, 2, 1, 0, 2]
2021-09-16 20:10:17,328 :: INFO :: Line --> 91 :: episode:78  total reward:33.0  Path Followed:[0, 4, 8, 9, 10, 14]  Action Executed:[2, 0, 3, 1, 0, 1]
2021-09-16 20:10:18,836 :: INFO :: Line --> 91 :: episode:79  total reward:33.0  Path Followed:[0, 0, 1, 2, 3, 3, 3, 3, 2, 3, 3, 2, 3, 3, 3, 3, 2, 2, 6]  Action Executed:[2, 2, 3, 2, 3, 3, 3, 3, 2, 3, 3, 2, 3, 3, 3, 3, 2, 2, 2]
2021-09-16 20:10:20,669 :: INFO :: Line --> 91 :: episode:80  total reward:34.0  Path Followed:[0, 1, 2, 3, 3, 3, 3, 2, 2, 2, 3, 2, 2, 6, 2, 6, 10, 14, 13, 9, 8, 9, 13, 13, 13, 14, 14, 14, 14, 14]  Action Executed:[2, 3, 2, 3, 3, 3, 3, 2, 2, 2, 3, 2, 2, 2, 2, 2, 0, 1, 2, 1, 3, 1, 2, 2, 2, 1, 1, 1, 1, 1]
2021-09-16 20:10:22,055 :: INFO :: Line --> 91 :: episode:81  total reward:34.0  Path Followed:[0, 1, 2, 3, 3, 3, 3, 3, 3, 2, 3, 2, 3, 3, 3, 3, 3, 3, 2, 6]  Action Executed:[2, 3, 2, 3, 3, 3, 3, 3, 3, 2, 3, 2, 3, 3, 3, 3, 3, 3, 2, 2]
2021-09-16 20:10:23,562 :: INFO :: Line --> 91 :: episode:82  total reward:35.0  Path Followed:[0, 4, 0, 1, 1, 0, 1, 2, 3, 3, 3, 3, 2, 3, 3, 2, 6, 10, 14, 14, 13, 14, 14, 14]  Action Executed:[2, 0, 2, 3, 3, 2, 3, 2, 3, 3, 3, 3, 2, 3, 3, 2, 2, 0, 1, 1, 2, 1, 1, 1]
2021-09-16 20:10:24,341 :: INFO :: Line --> 91 :: episode:83  total reward:35.0  Path Followed:[0, 4, 0, 1, 2, 2, 6, 2, 6]  Action Executed:[2, 0, 2, 3, 2, 2, 2, 2, 2]
2021-09-16 20:10:25,678 :: INFO :: Line --> 91 :: episode:84  total reward:35.0  Path Followed:[0, 1, 1, 2, 3, 3, 2, 6, 2, 3, 3, 3, 3, 3, 3, 2, 6, 10, 6]  Action Executed:[2, 3, 3, 2, 3, 3, 2, 2, 2, 3, 3, 3, 3, 3, 3, 2, 2, 0, 2]
2021-09-16 20:10:27,981 :: INFO :: Line --> 91 :: episode:85  total reward:36.0  Path Followed:[0, 1, 1, 2, 3, 3, 3, 3, 3, 3, 2, 3, 3, 2, 3, 3, 2, 3, 2, 3, 3, 3, 2, 6, 10, 6, 2, 6, 10, 14, 13, 14]  Action Executed:[2, 3, 3, 2, 3, 3, 3, 3, 3, 3, 2, 3, 3, 2, 3, 3, 2, 3, 2, 3, 3, 3, 2, 2, 0, 2, 2, 2, 0, 1, 2, 1]
2021-09-16 20:10:29,445 :: INFO :: Line --> 91 :: episode:86  total reward:37.0  Path Followed:[0, 1, 1, 2, 6, 2, 6, 2, 3, 3, 2, 3, 3, 3, 2, 6, 10, 9, 10, 14, 14, 14]  Action Executed:[2, 3, 3, 2, 2, 2, 2, 2, 3, 3, 2, 3, 3, 3, 2, 2, 0, 1, 0, 1, 1, 1]
2021-09-16 20:10:30,252 :: INFO :: Line --> 91 :: episode:87  total reward:38.0  Path Followed:[0, 4, 8, 4, 8, 9, 10, 14]  Action Executed:[2, 0, 3, 0, 3, 1, 0, 1]
2021-09-16 20:10:31,458 :: INFO :: Line --> 91 :: episode:88  total reward:39.0  Path Followed:[0, 0, 0, 1, 2, 3, 3, 2, 6, 2, 6, 10, 14, 14, 14]  Action Executed:[2, 2, 2, 3, 2, 3, 3, 2, 2, 2, 2, 0, 1, 1, 1]
2021-09-16 20:10:33,594 :: INFO :: Line --> 91 :: episode:89  total reward:40.0  Path Followed:[0, 0, 0, 1, 0, 0, 1, 2, 3, 2, 3, 3, 3, 2, 3, 3, 3, 3, 3, 2, 3, 2, 3, 2, 6, 10, 14, 13, 13, 14]  Action Executed:[2, 2, 2, 3, 2, 2, 3, 2, 3, 2, 3, 3, 3, 2, 3, 3, 3, 3, 3, 2, 3, 2, 3, 2, 2, 0, 1, 2, 2, 1]
2021-09-16 20:10:36,109 :: INFO :: Line --> 91 :: episode:90  total reward:40.0  Path Followed:[0, 0, 0, 1, 1, 1, 0, 0, 4, 4, 0, 4, 4, 0, 1, 0, 1, 2, 2, 3, 3, 2, 3, 3, 2, 3, 2, 2, 6, 2, 3, 3, 3, 3, 3, 3, 3, 3, 2, 6]  Action Executed:[2, 2, 2, 3, 3, 3, 2, 2, 0, 0, 2, 0, 0, 2, 3, 2, 3, 2, 2, 3, 3, 2, 3, 3, 2, 3, 2, 2, 2, 2, 3, 3, 3, 3, 3, 3, 3, 3, 2, 2]
2021-09-16 20:10:37,391 :: INFO :: Line --> 91 :: episode:91  total reward:40.0  Path Followed:[0, 1, 0, 0, 1, 0, 4, 8, 4, 0, 0, 4, 0, 1, 2, 6]  Action Executed:[2, 3, 2, 2, 3, 2, 0, 3, 0, 2, 2, 0, 2, 3, 2, 2]
2021-09-16 20:10:38,144 :: INFO :: Line --> 91 :: episode:92  total reward:40.0  Path Followed:[0, 1, 2, 6]  Action Executed:[2, 3, 2, 2]
2021-09-16 20:10:39,817 :: INFO :: Line --> 91 :: episode:93  total reward:40.0  Path Followed:[0, 0, 4, 4, 0, 0, 1, 0, 0, 1, 0, 4, 0, 0, 1, 2, 3, 2, 2, 2, 6, 10, 6]  Action Executed:[2, 2, 0, 0, 2, 2, 3, 2, 2, 3, 2, 0, 2, 2, 3, 2, 3, 2, 2, 2, 2, 0, 2]
2021-09-16 20:10:43,520 :: INFO :: Line --> 91 :: episode:94  total reward:40.0  Path Followed:[0, 0, 1, 0, 0, 0, 4, 4, 8, 8, 9, 10, 6, 10, 9, 10, 9, 10, 14, 14, 13, 9, 13, 9, 10, 9, 10, 6, 10, 14, 13, 13, 13, 13, 9, 10, 6, 10, 9, 8, 9, 8, 4, 0, 0, 0, 0, 4, 4, 8, 8, 4, 8, 4, 8, 4, 0, 1, 2, 6]  Action Executed:[2, 2, 3, 2, 2, 2, 0, 0, 3, 3, 1, 0, 2, 0, 1, 0, 1, 0, 1, 1, 2, 1, 2, 1, 0, 1, 0, 2, 0, 1, 2, 2, 2, 2, 1, 0, 2, 0, 1, 3, 1, 3, 0, 2, 2, 2, 2, 0, 0, 3, 3, 0, 3, 0, 3, 0, 2, 3, 2, 2]
2021-09-16 20:10:45,245 :: INFO :: Line --> 91 :: episode:95  total reward:40.0  Path Followed:[0, 4, 4, 0, 0, 1, 1, 0, 0, 1, 1, 1, 2, 2, 3, 2, 2, 2, 3, 2, 6]  Action Executed:[2, 0, 0, 2, 2, 3, 3, 2, 2, 3, 3, 3, 2, 2, 3, 2, 2, 2, 3, 2, 2]
2021-09-16 20:10:46,237 :: INFO :: Line --> 91 :: episode:96  total reward:40.0  Path Followed:[0, 1, 0, 0, 1, 0, 1, 2, 6, 10, 6]  Action Executed:[2, 3, 2, 2, 3, 2, 3, 2, 2, 0, 2]
2021-09-16 20:10:49,380 :: INFO :: Line --> 91 :: episode:97  total reward:40.0  Path Followed:[0, 1, 2, 2, 2, 2, 3, 3, 2, 2, 2, 2, 3, 3, 3, 3, 3, 3, 3, 3, 3, 3, 3, 2, 3, 3, 3, 3, 3, 3, 3, 3, 3, 3, 3, 3, 2, 3, 3, 3, 2, 2, 2, 2, 3, 3, 2, 6]  Action Executed:[2, 3, 2, 2, 2, 2, 3, 3, 2, 2, 2, 2, 3, 3, 3, 3, 3, 3, 3, 3, 3, 3, 3, 2, 3, 3, 3, 3, 3, 3, 3, 3, 3, 3, 3, 3, 2, 3, 3, 3, 2, 2, 2, 2, 3, 3, 2, 2]
2021-09-16 20:10:56,140 :: INFO :: Line --> 91 :: episode:98  total reward:40.0  Path Followed:[0, 0, 0, 4, 0, 4, 0, 4, 8, 4, 4, 4, 4, 4, 4, 0, 0, 0, 0, 4, 0, 1, 1, 2, 3, 2, 3, 3, 3, 3, 3, 2, 2, 2, 6, 2, 6, 2, 6, 10, 9, 8, 4, 0, 4, 4, 0, 1, 0, 4, 0, 0, 1, 1, 2, 3, 2, 3, 3, 3, 3, 3, 2, 3, 3, 3, 2, 6, 2, 2, 3, 3, 3, 3, 2, 3, 3, 3, 3, 3, 3, 3, 3, 2, 3, 3, 2, 3, 3, 3, 3, 3, 3, 2, 6, 10, 9, 8, 8, 8]  Action Executed:[2, 2, 2, 0, 2, 0, 2, 0, 3, 0, 0, 0, 0, 0, 0, 2, 2, 2, 2, 0, 2, 3, 3, 2, 3, 2, 3, 3, 3, 3, 3, 2, 2, 2, 2, 2, 2, 2, 2, 0, 1, 3, 0, 2, 0, 0, 2, 3, 2, 0, 2, 2, 3, 3, 2, 3, 2, 3, 3, 3, 3, 3, 2, 3, 3, 3, 2, 2, 2, 2, 3, 3, 3, 3, 2, 3, 3, 3, 3, 3, 3, 3, 3, 2, 3, 3, 2, 3, 3, 3, 3, 3, 3, 2, 2, 0, 1, 3, 3, 3]
2021-09-16 20:10:57,055 :: INFO :: Line --> 91 :: episode:99  total reward:40.0  Path Followed:[0, 4, 0, 4, 0, 1, 1, 2, 6]  Action Executed:[2, 0, 2, 0, 2, 3, 3, 2, 2]
2021-09-16 20:10:58,846 :: INFO :: Line --> 91 :: episode:100  total reward:41.0  Path Followed:[0, 0, 4, 4, 4, 4, 0, 4, 0, 0, 4, 8, 4, 8, 9, 8, 9, 10, 9, 13, 9, 8, 8, 8, 8, 8, 9, 13, 14]  Action Executed:[2, 2, 0, 0, 0, 0, 2, 0, 2, 2, 0, 3, 0, 3, 1, 3, 1, 0, 1, 2, 1, 3, 3, 3, 3, 3, 1, 2, 1]
2021-09-16 20:10:59,269 :: INFO :: Line --> 101 :: episode:100  total reward:41.0  Model Accuracy:41.0
