2021-09-16 20:12:30,871 :: INFO :: Line --> 27 :: Inference Game with Model FrozenLake-v1_16-Sep-2021_15-53-31.h5
2021-09-16 20:12:30,871 :: INFO :: Line --> 28 :: --------------------------------------------------------------------------------------------------------------------------------
2021-09-16 20:12:31,478 :: WARNING :: Line --> 629 :: Model was constructed with shape (None, 16) for input KerasTensor(type_spec=TensorSpec(shape=(None, 16), dtype=tf.float32, name='dense_input'), name='dense_input', description="created by layer 'dense_input'"), but it was called on an input with incompatible shape (None, 1, 16).
2021-09-16 20:12:32,441 :: INFO :: Line --> 91 :: episode:1  total reward:0.0  Path Followed:[0, 0, 4, 0, 1, 1, 1, 1, 1, 1, 2, 6, 10, 6]  Action Executed:[2, 2, 0, 2, 3, 3, 3, 3, 3, 3, 2, 2, 0, 2]
2021-09-16 20:12:33,434 :: INFO :: Line --> 91 :: episode:2  total reward:0.0  Path Followed:[0, 4, 4, 0, 1, 0, 4, 0, 4, 0, 4, 4, 8, 9, 10, 6]  Action Executed:[2, 0, 0, 2, 3, 2, 0, 2, 0, 2, 0, 0, 3, 1, 0, 2]
2021-09-16 20:12:36,043 :: INFO :: Line --> 91 :: episode:3  total reward:0.0  Path Followed:[0, 4, 0, 0, 4, 0, 4, 4, 8, 4, 8, 8, 4, 4, 8, 4, 8, 8, 9, 8, 4, 0, 0, 1, 1, 2, 2, 2, 2, 3, 3, 2, 2, 3, 3, 2, 2, 3, 2, 2, 6, 2, 6, 2, 3, 2, 6, 2, 6]  Action Executed:[2, 0, 2, 2, 0, 2, 0, 0, 3, 0, 3, 3, 0, 0, 3, 0, 3, 3, 1, 3, 0, 2, 2, 3, 3, 2, 2, 2, 2, 3, 3, 2, 2, 3, 3, 2, 2, 3, 2, 2, 2, 2, 2, 2, 3, 2, 2, 2, 2]
2021-09-16 20:12:37,354 :: INFO :: Line --> 91 :: episode:4  total reward:0.0  Path Followed:[0, 0, 4, 8, 8, 8, 9, 10, 9, 13, 13, 13, 9, 8, 8, 8, 8, 9, 10, 6, 2, 6]  Action Executed:[2, 2, 0, 3, 3, 3, 1, 0, 1, 2, 2, 2, 1, 3, 3, 3, 3, 1, 0, 2, 2, 2]
2021-09-16 20:12:38,456 :: INFO :: Line --> 91 :: episode:5  total reward:0.0  Path Followed:[0, 0, 0, 1, 2, 6, 2, 3, 3, 3, 2, 2, 3, 3, 2, 6]  Action Executed:[2, 2, 2, 3, 2, 2, 2, 3, 3, 3, 2, 2, 3, 3, 2, 2]
2021-09-16 20:12:41,767 :: INFO :: Line --> 91 :: episode:6  total reward:1.0  Path Followed:[0, 0, 4, 4, 4, 4, 4, 0, 1, 1, 0, 4, 4, 4, 0, 0, 0, 0, 4, 8, 4, 0, 1, 1, 0, 1, 2, 6, 2, 6, 10, 6, 2, 6, 2, 3, 3, 2, 6, 10, 14, 14, 14, 14, 13, 14]  Action Executed:[2, 2, 0, 0, 0, 0, 0, 2, 3, 3, 2, 0, 0, 0, 2, 2, 2, 2, 0, 3, 0, 2, 3, 3, 2, 3, 2, 2, 2, 2, 0, 2, 2, 2, 2, 3, 3, 2, 2, 0, 1, 1, 1, 1, 2, 1]
2021-09-16 20:12:43,099 :: INFO :: Line --> 91 :: episode:7  total reward:1.0  Path Followed:[0, 1, 2, 3, 3, 3, 3, 3, 3, 3, 3, 3, 3, 3, 2, 6, 10, 6]  Action Executed:[2, 3, 2, 3, 3, 3, 3, 3, 3, 3, 3, 3, 3, 3, 2, 2, 0, 2]
2021-09-16 20:12:45,104 :: INFO :: Line --> 91 :: episode:8  total reward:2.0  Path Followed:[0, 1, 0, 0, 4, 8, 9, 13, 14, 13, 14, 14, 14, 13, 9, 8, 9, 8, 4, 4, 8, 8, 9, 13, 13, 14, 14, 13, 14, 14, 14]  Action Executed:[2, 3, 2, 2, 0, 3, 1, 2, 1, 2, 1, 1, 1, 2, 1, 3, 1, 3, 0, 0, 3, 3, 1, 2, 2, 1, 1, 2, 1, 1, 1]
2021-09-16 20:12:46,313 :: INFO :: Line --> 91 :: episode:9  total reward:3.0  Path Followed:[0, 1, 2, 3, 3, 3, 3, 2, 2, 2, 6, 10, 9, 10, 9, 13, 14, 14, 14]  Action Executed:[2, 3, 2, 3, 3, 3, 3, 2, 2, 2, 2, 0, 1, 0, 1, 2, 1, 1, 1]
2021-09-16 20:12:50,592 :: INFO :: Line --> 91 :: episode:10  total reward:3.0  Path Followed:[0, 1, 0, 0, 4, 4, 8, 4, 8, 8, 8, 4, 8, 8, 4, 0, 4, 8, 8, 4, 0, 1, 2, 3, 3, 3, 2, 6, 10, 9, 13, 9, 8, 4, 8, 4, 8, 9, 8, 9, 10, 14, 14, 13, 9, 8, 4, 8, 9, 13, 9, 8, 4, 4, 0, 0, 1, 0, 1, 2, 6]  Action Executed:[2, 3, 2, 2, 0, 0, 3, 0, 3, 3, 3, 0, 3, 3, 0, 2, 0, 3, 3, 0, 2, 3, 2, 3, 3, 3, 2, 2, 0, 1, 2, 1, 3, 0, 3, 0, 3, 1, 3, 1, 0, 1, 1, 2, 1, 3, 0, 3, 1, 2, 1, 3, 0, 0, 2, 2, 3, 2, 3, 2, 2]
2021-09-16 20:12:52,538 :: INFO :: Line --> 91 :: episode:11  total reward:3.0  Path Followed:[0, 0, 0, 1, 2, 2, 2, 3, 3, 3, 3, 3, 3, 3, 3, 3, 3, 2, 3, 3, 3, 3, 2, 3, 3, 2, 2, 2, 3, 2, 6]  Action Executed:[2, 2, 2, 3, 2, 2, 2, 3, 3, 3, 3, 3, 3, 3, 3, 3, 3, 2, 3, 3, 3, 3, 2, 3, 3, 2, 2, 2, 3, 2, 2]
2021-09-16 20:12:53,741 :: INFO :: Line --> 91 :: episode:12  total reward:4.0  Path Followed:[0, 0, 0, 4, 0, 4, 4, 8, 9, 10, 9, 13, 14, 13, 14, 14, 14]  Action Executed:[2, 2, 2, 0, 2, 0, 0, 3, 1, 0, 1, 2, 1, 2, 1, 1, 1]
2021-09-16 20:12:56,928 :: INFO :: Line --> 91 :: episode:13  total reward:4.0  Path Followed:[0, 0, 4, 4, 4, 4, 0, 0, 0, 0, 1, 1, 0, 0, 1, 1, 2, 6, 10, 9, 8, 9, 8, 4, 0, 4, 8, 8, 4, 4, 0, 1, 1, 0, 4, 0, 1, 2, 3, 2, 2, 3, 3, 3, 3, 3, 3, 3, 2, 6, 2, 6]  Action Executed:[2, 2, 0, 0, 0, 0, 2, 2, 2, 2, 3, 3, 2, 2, 3, 3, 2, 2, 0, 1, 3, 1, 3, 0, 2, 0, 3, 3, 0, 0, 2, 3, 3, 2, 0, 2, 3, 2, 3, 2, 2, 3, 3, 3, 3, 3, 3, 3, 2, 2, 2, 2]
2021-09-16 20:12:59,305 :: INFO :: Line --> 91 :: episode:14  total reward:5.0  Path Followed:[0, 4, 4, 0, 4, 4, 0, 0, 4, 4, 8, 9, 10, 9, 10, 14, 14, 13, 9, 13, 13, 14, 14, 13, 9, 8, 4, 8, 8, 9, 10, 6, 10, 9, 13, 14]  Action Executed:[2, 0, 0, 2, 0, 0, 2, 2, 0, 0, 3, 1, 0, 1, 0, 1, 1, 2, 1, 2, 2, 1, 1, 2, 1, 3, 0, 3, 3, 1, 0, 2, 0, 1, 2, 1]
2021-09-16 20:12:59,877 :: INFO :: Line --> 91 :: episode:15  total reward:5.0  Path Followed:[0, 1, 1, 2, 6]  Action Executed:[2, 3, 3, 2, 2]
2021-09-16 20:13:02,649 :: INFO :: Line --> 91 :: episode:16  total reward:5.0  Path Followed:[0, 1, 1, 0, 0, 4, 8, 8, 4, 8, 8, 8, 9, 8, 9, 8, 8, 4, 4, 0, 0, 4, 8, 8, 8, 4, 4, 4, 0, 4, 0, 1, 0, 0, 4, 4, 0, 1, 2, 3, 2, 6, 2, 2, 6]  Action Executed:[2, 3, 3, 2, 2, 0, 3, 3, 0, 3, 3, 3, 1, 3, 1, 3, 3, 0, 0, 2, 2, 0, 3, 3, 3, 0, 0, 0, 2, 0, 2, 3, 2, 2, 0, 0, 2, 3, 2, 3, 2, 2, 2, 2, 2]
2021-09-16 20:13:06,423 :: INFO :: Line --> 91 :: episode:17  total reward:6.0  Path Followed:[0, 0, 4, 8, 9, 13, 9, 8, 9, 13, 9, 13, 9, 13, 13, 9, 10, 9, 10, 6, 10, 9, 10, 14, 13, 14, 13, 13, 13, 14, 14, 13, 9, 13, 14]  Action Executed:[2, 2, 0, 3, 1, 2, 1, 3, 1, 2, 1, 2, 1, 2, 2, 1, 0, 1, 0, 2, 0, 1, 0, 1, 2, 1, 2, 2, 2, 1, 1, 2, 1, 2, 1]
2021-09-16 20:13:08,198 :: INFO :: Line --> 91 :: episode:18  total reward:7.0  Path Followed:[0, 0, 1, 1, 1, 0, 4, 8, 8, 8, 4, 0, 1, 0, 1, 2, 6, 10, 9, 8, 9, 10, 14]  Action Executed:[2, 2, 3, 3, 3, 2, 0, 3, 3, 3, 0, 2, 3, 2, 3, 2, 2, 0, 1, 3, 1, 0, 1]
2021-09-16 20:13:11,304 :: INFO :: Line --> 91 :: episode:19  total reward:7.0  Path Followed:[0, 4, 4, 8, 4, 4, 8, 8, 4, 8, 4, 8, 9, 8, 8, 8, 4, 4, 8, 4, 4, 8, 4, 0, 1, 2, 3, 3, 3, 3, 3, 3, 3, 3, 3, 3, 3, 3, 3, 3, 3, 2, 2, 6]  Action Executed:[2, 0, 0, 3, 0, 0, 3, 3, 0, 3, 0, 3, 1, 3, 3, 3, 0, 0, 3, 0, 0, 3, 0, 2, 3, 2, 3, 3, 3, 3, 3, 3, 3, 3, 3, 3, 3, 3, 3, 3, 3, 2, 2, 2]
2021-09-16 20:13:13,105 :: INFO :: Line --> 91 :: episode:20  total reward:7.0  Path Followed:[0, 1, 0, 4, 0, 4, 4, 8, 8, 4, 0, 0, 0, 0, 4, 0, 0, 1, 2, 3, 2, 6]  Action Executed:[2, 3, 2, 0, 2, 0, 0, 3, 3, 0, 2, 2, 2, 2, 0, 2, 2, 3, 2, 3, 2, 2]
2021-09-16 20:13:14,145 :: INFO :: Line --> 91 :: episode:21  total reward:7.0  Path Followed:[0, 4, 8, 4, 4, 4, 0, 4, 4, 0, 1, 2, 6]  Action Executed:[2, 0, 3, 0, 0, 0, 2, 0, 0, 2, 3, 2, 2]
2021-09-16 20:13:15,181 :: INFO :: Line --> 91 :: episode:22  total reward:8.0  Path Followed:[0, 4, 4, 4, 4, 4, 8, 9, 8, 9, 10, 14]  Action Executed:[2, 0, 0, 0, 0, 0, 3, 1, 3, 1, 0, 1]
2021-09-16 20:13:16,613 :: INFO :: Line --> 91 :: episode:23  total reward:9.0  Path Followed:[0, 0, 1, 2, 3, 2, 6, 2, 2, 6, 10, 9, 8, 8, 9, 10, 9, 13, 9, 13, 14, 14]  Action Executed:[2, 2, 3, 2, 3, 2, 2, 2, 2, 2, 0, 1, 3, 3, 1, 0, 1, 2, 1, 2, 1, 1]
2021-09-16 20:13:20,676 :: INFO :: Line --> 91 :: episode:24  total reward:10.0  Path Followed:[0, 1, 1, 0, 1, 1, 1, 0, 0, 1, 1, 2, 3, 3, 3, 2, 2, 2, 3, 3, 2, 2, 2, 2, 3, 3, 3, 2, 3, 3, 3, 3, 3, 3, 3, 3, 3, 3, 2, 3, 2, 6, 10, 9, 8, 9, 8, 8, 4, 8, 4, 4, 4, 4, 0, 1, 0, 0, 1, 0, 1, 0, 0, 1, 2, 2, 6, 10, 14]  Action Executed:[2, 3, 3, 2, 3, 3, 3, 2, 2, 3, 3, 2, 3, 3, 3, 2, 2, 2, 3, 3, 2, 2, 2, 2, 3, 3, 3, 2, 3, 3, 3, 3, 3, 3, 3, 3, 3, 3, 2, 3, 2, 2, 0, 1, 3, 1, 3, 3, 0, 3, 0, 0, 0, 0, 2, 3, 2, 2, 3, 2, 3, 2, 2, 3, 2, 2, 2, 0, 1]
2021-09-16 20:13:25,038 :: INFO :: Line --> 91 :: episode:25  total reward:10.0  Path Followed:[0, 0, 1, 0, 0, 1, 0, 1, 1, 1, 0, 4, 4, 4, 4, 4, 0, 1, 0, 1, 1, 0, 1, 0, 1, 1, 0, 4, 0, 1, 2, 2, 2, 6, 2, 3, 3, 3, 3, 3, 2, 2, 2, 3, 3, 3, 3, 2, 2, 2, 3, 3, 3, 3, 3, 3, 3, 2, 2, 2, 2, 2, 3, 2, 3, 3, 2, 6, 2, 6, 10, 6]  Action Executed:[2, 2, 3, 2, 2, 3, 2, 3, 3, 3, 2, 0, 0, 0, 0, 0, 2, 3, 2, 3, 3, 2, 3, 2, 3, 3, 2, 0, 2, 3, 2, 2, 2, 2, 2, 3, 3, 3, 3, 3, 2, 2, 2, 3, 3, 3, 3, 2, 2, 2, 3, 3, 3, 3, 3, 3, 3, 2, 2, 2, 2, 2, 3, 2, 3, 3, 2, 2, 2, 2, 0, 2]
2021-09-16 20:13:25,757 :: INFO :: Line --> 91 :: episode:26  total reward:11.0  Path Followed:[0, 1, 1, 2, 6, 10, 9, 13, 14]  Action Executed:[2, 3, 3, 2, 2, 0, 1, 2, 1]
2021-09-16 20:13:27,689 :: INFO :: Line --> 91 :: episode:27  total reward:12.0  Path Followed:[0, 1, 1, 1, 2, 2, 2, 3, 3, 3, 3, 3, 3, 2, 2, 2, 6, 2, 6, 2, 2, 6, 10, 6, 10, 14, 14, 14, 13, 13, 14, 13, 14, 14]  Action Executed:[2, 3, 3, 3, 2, 2, 2, 3, 3, 3, 3, 3, 3, 2, 2, 2, 2, 2, 2, 2, 2, 2, 0, 2, 0, 1, 1, 1, 2, 2, 1, 2, 1, 1]
2021-09-16 20:13:31,961 :: INFO :: Line --> 91 :: episode:28  total reward:13.0  Path Followed:[0, 0, 4, 0, 4, 8, 4, 4, 0, 0, 1, 0, 4, 0, 1, 1, 1, 0, 1, 1, 2, 2, 3, 3, 2, 3, 2, 3, 3, 3, 2, 3, 3, 2, 2, 3, 3, 3, 2, 3, 3, 3, 3, 3, 3, 3, 2, 2, 3, 3, 2, 2, 3, 3, 3, 3, 3, 3, 3, 2, 6, 10, 14, 14, 14, 13, 13, 13, 13, 13, 13, 13, 9, 10, 14, 14, 13, 14, 14, 14, 14]  Action Executed:[2, 2, 0, 2, 0, 3, 0, 0, 2, 2, 3, 2, 0, 2, 3, 3, 3, 2, 3, 3, 2, 2, 3, 3, 2, 3, 2, 3, 3, 3, 2, 3, 3, 2, 2, 3, 3, 3, 2, 3, 3, 3, 3, 3, 3, 3, 2, 2, 3, 3, 2, 2, 3, 3, 3, 3, 3, 3, 3, 2, 2, 0, 1, 1, 1, 2, 2, 2, 2, 2, 2, 2, 1, 0, 1, 1, 2, 1, 1, 1, 1]
2021-09-16 20:13:32,538 :: INFO :: Line --> 91 :: episode:29  total reward:14.0  Path Followed:[0, 4, 8, 9, 13, 14]  Action Executed:[2, 0, 3, 1, 2, 1]
2021-09-16 20:13:33,871 :: INFO :: Line --> 91 :: episode:30  total reward:15.0  Path Followed:[0, 4, 4, 4, 8, 8, 4, 8, 8, 8, 8, 4, 4, 4, 0, 0, 4, 8, 9, 13, 14]  Action Executed:[2, 0, 0, 0, 3, 3, 0, 3, 3, 3, 3, 0, 0, 0, 2, 2, 0, 3, 1, 2, 1]
2021-09-16 20:13:37,329 :: INFO :: Line --> 91 :: episode:31  total reward:15.0  Path Followed:[0, 4, 0, 0, 1, 0, 1, 1, 0, 1, 1, 1, 0, 1, 1, 0, 4, 4, 4, 8, 9, 13, 9, 8, 8, 9, 8, 8, 4, 0, 1, 0, 4, 4, 0, 4, 0, 4, 4, 4, 8, 9, 8, 8, 9, 8, 9, 10, 14, 13, 9, 8, 4, 8, 4, 4, 0, 4, 0, 4, 4, 0, 1, 2, 6]  Action Executed:[2, 0, 2, 2, 3, 2, 3, 3, 2, 3, 3, 3, 2, 3, 3, 2, 0, 0, 0, 3, 1, 2, 1, 3, 3, 1, 3, 3, 0, 2, 3, 2, 0, 0, 2, 0, 2, 0, 0, 0, 3, 1, 3, 3, 1, 3, 1, 0, 1, 2, 1, 3, 0, 3, 0, 0, 2, 0, 2, 0, 0, 2, 3, 2, 2]
2021-09-16 20:13:38,408 :: INFO :: Line --> 91 :: episode:32  total reward:16.0  Path Followed:[0, 4, 0, 0, 0, 1, 1, 0, 0, 4, 8, 9, 13, 14, 13, 14]  Action Executed:[2, 0, 2, 2, 2, 3, 3, 2, 2, 0, 3, 1, 2, 1, 2, 1]
2021-09-16 20:13:40,554 :: INFO :: Line --> 91 :: episode:33  total reward:17.0  Path Followed:[0, 1, 2, 2, 3, 3, 3, 3, 3, 3, 3, 3, 2, 2, 3, 3, 2, 6, 2, 3, 2, 2, 2, 2, 2, 2, 3, 3, 3, 2, 2, 6, 10, 14, 14, 14]  Action Executed:[2, 3, 2, 2, 3, 3, 3, 3, 3, 3, 3, 3, 2, 2, 3, 3, 2, 2, 2, 3, 2, 2, 2, 2, 2, 2, 3, 3, 3, 2, 2, 2, 0, 1, 1, 1]
2021-09-16 20:13:43,806 :: INFO :: Line --> 91 :: episode:34  total reward:17.0  Path Followed:[0, 0, 1, 0, 1, 0, 0, 4, 4, 4, 4, 4, 0, 4, 0, 4, 4, 4, 0, 1, 1, 1, 2, 6, 10, 9, 10, 6, 2, 2, 2, 6, 10, 9, 8, 4, 4, 4, 4, 4, 0, 4, 8, 9, 10, 6, 10, 6]  Action Executed:[2, 2, 3, 2, 3, 2, 2, 0, 0, 0, 0, 0, 2, 0, 2, 0, 0, 0, 2, 3, 3, 3, 2, 2, 0, 1, 0, 2, 2, 2, 2, 2, 0, 1, 3, 0, 0, 0, 0, 0, 2, 0, 3, 1, 0, 2, 0, 2]
2021-09-16 20:13:45,018 :: INFO :: Line --> 91 :: episode:35  total reward:18.0  Path Followed:[0, 1, 2, 3, 3, 3, 3, 2, 2, 2, 6, 10, 14]  Action Executed:[2, 3, 2, 3, 3, 3, 3, 2, 2, 2, 2, 0, 1]
2021-09-16 20:13:48,403 :: INFO :: Line --> 91 :: episode:36  total reward:19.0  Path Followed:[0, 0, 4, 8, 4, 0, 1, 2, 3, 3, 3, 3, 3, 3, 3, 2, 2, 2, 6, 2, 2, 3, 3, 3, 3, 2, 2, 3, 3, 3, 3, 3, 2, 2, 2, 2, 3, 3, 3, 3, 3, 2, 6, 2, 2, 6, 2, 6, 2, 3, 2, 2, 6, 10, 14, 14, 14, 14, 14]  Action Executed:[2, 2, 0, 3, 0, 2, 3, 2, 3, 3, 3, 3, 3, 3, 3, 2, 2, 2, 2, 2, 2, 3, 3, 3, 3, 2, 2, 3, 3, 3, 3, 3, 2, 2, 2, 2, 3, 3, 3, 3, 3, 2, 2, 2, 2, 2, 2, 2, 2, 3, 2, 2, 2, 0, 1, 1, 1, 1, 1]
2021-09-16 20:13:49,236 :: INFO :: Line --> 91 :: episode:37  total reward:20.0  Path Followed:[0, 1, 2, 6, 2, 2, 6, 10, 14, 13, 14]  Action Executed:[2, 3, 2, 2, 2, 2, 2, 0, 1, 2, 1]
2021-09-16 20:13:50,761 :: INFO :: Line --> 91 :: episode:38  total reward:21.0  Path Followed:[0, 4, 8, 9, 13, 13, 9, 10, 6, 10, 9, 13, 14, 13, 13, 9, 8, 4, 8, 8, 4, 8, 9, 10, 14]  Action Executed:[2, 0, 3, 1, 2, 2, 1, 0, 2, 0, 1, 2, 1, 2, 2, 1, 3, 0, 3, 3, 0, 3, 1, 0, 1]
2021-09-16 20:13:52,217 :: INFO :: Line --> 91 :: episode:39  total reward:21.0  Path Followed:[0, 0, 1, 1, 1, 1, 0, 0, 1, 0, 1, 2, 3, 2, 2, 2, 3, 2, 3, 3, 3, 3, 2, 6]  Action Executed:[2, 2, 3, 3, 3, 3, 2, 2, 3, 2, 3, 2, 3, 2, 2, 2, 3, 2, 3, 3, 3, 3, 2, 2]
2021-09-16 20:13:55,565 :: INFO :: Line --> 91 :: episode:40  total reward:21.0  Path Followed:[0, 1, 1, 2, 2, 2, 3, 3, 3, 3, 3, 2, 3, 3, 2, 3, 3, 2, 3, 3, 3, 2, 2, 3, 2, 2, 6, 2, 2, 2, 2, 2, 3, 3, 3, 3, 2, 3, 3, 2, 3, 3, 3, 3, 3, 3, 2, 2, 3, 2, 3, 2, 2, 3, 2, 2, 3, 2, 2, 6, 2, 6]  Action Executed:[2, 3, 3, 2, 2, 2, 3, 3, 3, 3, 3, 2, 3, 3, 2, 3, 3, 2, 3, 3, 3, 2, 2, 3, 2, 2, 2, 2, 2, 2, 2, 2, 3, 3, 3, 3, 2, 3, 3, 2, 3, 3, 3, 3, 3, 3, 2, 2, 3, 2, 3, 2, 2, 3, 2, 2, 3, 2, 2, 2, 2, 2]
2021-09-16 20:13:56,868 :: INFO :: Line --> 91 :: episode:41  total reward:21.0  Path Followed:[0, 0, 1, 0, 1, 2, 6, 2, 6, 2, 3, 2, 6, 10, 6]  Action Executed:[2, 2, 3, 2, 3, 2, 2, 2, 2, 2, 3, 2, 2, 0, 2]
2021-09-16 20:13:58,226 :: INFO :: Line --> 91 :: episode:42  total reward:22.0  Path Followed:[0, 0, 1, 1, 0, 4, 8, 8, 8, 8, 9, 13, 13, 13, 13, 14, 14, 14]  Action Executed:[2, 2, 3, 3, 2, 0, 3, 3, 3, 3, 1, 2, 2, 2, 2, 1, 1, 1]
2021-09-16 20:13:59,099 :: INFO :: Line --> 91 :: episode:43  total reward:22.0  Path Followed:[0, 0, 1, 2, 2, 2, 6, 10, 6]  Action Executed:[2, 2, 3, 2, 2, 2, 2, 0, 2]
2021-09-16 20:14:00,464 :: INFO :: Line --> 91 :: episode:44  total reward:23.0  Path Followed:[0, 0, 0, 0, 0, 1, 0, 1, 0, 0, 0, 1, 2, 2, 2, 6, 10, 6, 10, 14]  Action Executed:[2, 2, 2, 2, 2, 3, 2, 3, 2, 2, 2, 3, 2, 2, 2, 2, 0, 2, 0, 1]
2021-09-16 20:14:01,391 :: INFO :: Line --> 91 :: episode:45  total reward:23.0  Path Followed:[0, 1, 1, 2, 3, 3, 3, 2, 6, 10, 6]  Action Executed:[2, 3, 3, 2, 3, 3, 3, 2, 2, 0, 2]
2021-09-16 20:14:03,783 :: INFO :: Line --> 91 :: episode:46  total reward:24.0  Path Followed:[0, 4, 8, 4, 0, 4, 8, 4, 4, 4, 0, 4, 8, 4, 4, 8, 8, 8, 4, 8, 8, 9, 13, 13, 9, 13, 13, 9, 13, 9, 10, 14]  Action Executed:[2, 0, 3, 0, 2, 0, 3, 0, 0, 0, 2, 0, 3, 0, 0, 3, 3, 3, 0, 3, 3, 1, 2, 2, 1, 2, 2, 1, 2, 1, 0, 1]
2021-09-16 20:14:07,291 :: INFO :: Line --> 91 :: episode:47  total reward:24.0  Path Followed:[0, 1, 1, 0, 1, 1, 2, 3, 3, 3, 3, 2, 6, 2, 6, 10, 9, 8, 4, 8, 8, 4, 4, 0, 0, 1, 1, 0, 0, 0, 1, 2, 2, 2, 6, 2, 2, 6, 2, 3, 3, 3, 3, 3, 3, 3, 3, 3, 2, 2, 2, 6, 10, 9, 10, 6, 10, 6]  Action Executed:[2, 3, 3, 2, 3, 3, 2, 3, 3, 3, 3, 2, 2, 2, 2, 0, 1, 3, 0, 3, 3, 0, 0, 2, 2, 3, 3, 2, 2, 2, 3, 2, 2, 2, 2, 2, 2, 2, 2, 3, 3, 3, 3, 3, 3, 3, 3, 3, 2, 2, 2, 2, 0, 1, 0, 2, 0, 2]
2021-09-16 20:14:08,511 :: INFO :: Line --> 91 :: episode:48  total reward:25.0  Path Followed:[0, 4, 0, 1, 1, 2, 6, 10, 6, 10, 14, 14, 14, 14, 14]  Action Executed:[2, 0, 2, 3, 3, 2, 2, 0, 2, 0, 1, 1, 1, 1, 1]
2021-09-16 20:14:10,515 :: INFO :: Line --> 91 :: episode:49  total reward:25.0  Path Followed:[0, 4, 8, 4, 8, 4, 8, 8, 8, 8, 8, 8, 4, 8, 8, 4, 0, 4, 8, 4, 0, 1, 2, 2, 3, 3, 2, 6, 2, 3, 2, 6, 10, 6]  Action Executed:[2, 0, 3, 0, 3, 0, 3, 3, 3, 3, 3, 3, 0, 3, 3, 0, 2, 0, 3, 0, 2, 3, 2, 2, 3, 3, 2, 2, 2, 3, 2, 2, 0, 2]
2021-09-16 20:14:11,827 :: INFO :: Line --> 91 :: episode:50  total reward:26.0  Path Followed:[0, 1, 0, 4, 8, 4, 8, 9, 13, 13, 14, 14, 14, 13, 13, 9, 10, 14]  Action Executed:[2, 3, 2, 0, 3, 0, 3, 1, 2, 2, 1, 1, 1, 2, 2, 1, 0, 1]
2021-09-16 20:14:14,588 :: INFO :: Line --> 91 :: episode:51  total reward:26.0  Path Followed:[0, 4, 4, 0, 0, 1, 1, 0, 4, 0, 1, 2, 2, 3, 3, 2, 2, 3, 3, 3, 3, 3, 2, 6, 2, 3, 3, 3, 3, 3, 3, 3, 3, 2, 2, 6]  Action Executed:[2, 0, 0, 2, 2, 3, 3, 2, 0, 2, 3, 2, 2, 3, 3, 2, 2, 3, 3, 3, 3, 3, 2, 2, 2, 3, 3, 3, 3, 3, 3, 3, 3, 2, 2, 2]
2021-09-16 20:14:16,071 :: INFO :: Line --> 91 :: episode:52  total reward:27.0  Path Followed:[0, 0, 4, 8, 9, 8, 8, 4, 8, 9, 10, 14, 13, 9, 10, 14]  Action Executed:[2, 2, 0, 3, 1, 3, 3, 0, 3, 1, 0, 1, 2, 1, 0, 1]
2021-09-16 20:14:19,133 :: INFO :: Line --> 91 :: episode:53  total reward:28.0  Path Followed:[0, 1, 1, 1, 0, 4, 4, 8, 8, 9, 8, 9, 8, 8, 4, 4, 4, 0, 1, 0, 4, 8, 8, 8, 4, 4, 8, 8, 8, 4, 4, 0, 4, 4, 0, 1, 1, 1, 2, 2, 3, 3, 2, 2, 6, 10, 14]  Action Executed:[2, 3, 3, 3, 2, 0, 0, 3, 3, 1, 3, 1, 3, 3, 0, 0, 0, 2, 3, 2, 0, 3, 3, 3, 0, 0, 3, 3, 3, 0, 0, 2, 0, 0, 2, 3, 3, 3, 2, 2, 3, 3, 2, 2, 2, 0, 1]
2021-09-16 20:14:23,244 :: INFO :: Line --> 91 :: episode:54  total reward:28.0  Path Followed:[0, 1, 2, 3, 3, 2, 2, 6, 2, 6, 2, 2, 2, 2, 2, 2, 2, 2, 6, 10, 14, 13, 13, 13, 9, 10, 6, 2, 6, 10, 9, 13, 13, 9, 10, 6, 2, 3, 3, 2, 3, 2, 3, 3, 3, 3, 3, 3, 3, 2, 3, 3, 2, 6, 10, 6]  Action Executed:[2, 3, 2, 3, 3, 2, 2, 2, 2, 2, 2, 2, 2, 2, 2, 2, 2, 2, 2, 0, 1, 2, 2, 2, 1, 0, 2, 2, 2, 0, 1, 2, 2, 1, 0, 2, 2, 3, 3, 2, 3, 2, 3, 3, 3, 3, 3, 3, 3, 2, 3, 3, 2, 2, 0, 2]
2021-09-16 20:14:24,765 :: INFO :: Line --> 91 :: episode:55  total reward:29.0  Path Followed:[0, 0, 4, 4, 0, 4, 8, 4, 4, 8, 9, 10, 6, 2, 6, 10, 9, 13, 13, 13, 13, 14, 13, 14]  Action Executed:[2, 2, 0, 0, 2, 0, 3, 0, 0, 3, 1, 0, 2, 2, 2, 0, 1, 2, 2, 2, 2, 1, 2, 1]
2021-09-16 20:14:25,585 :: INFO :: Line --> 91 :: episode:56  total reward:29.0  Path Followed:[0, 0, 4, 4, 0, 0, 1, 2, 6]  Action Executed:[2, 2, 0, 0, 2, 2, 3, 2, 2]
2021-09-16 20:14:26,520 :: INFO :: Line --> 91 :: episode:57  total reward:29.0  Path Followed:[0, 4, 8, 4, 4, 0, 1, 0, 0, 1, 2, 6]  Action Executed:[2, 0, 3, 0, 0, 2, 3, 2, 2, 3, 2, 2]
2021-09-16 20:14:28,885 :: INFO :: Line --> 91 :: episode:58  total reward:30.0  Path Followed:[0, 1, 0, 4, 0, 0, 4, 8, 4, 0, 1, 1, 2, 3, 3, 3, 3, 2, 6, 10, 9, 13, 9, 8, 4, 4, 8, 8, 8, 9, 10, 14, 13, 13, 9, 13, 14, 14, 14]  Action Executed:[2, 3, 2, 0, 2, 2, 0, 3, 0, 2, 3, 3, 2, 3, 3, 3, 3, 2, 2, 0, 1, 2, 1, 3, 0, 0, 3, 3, 3, 1, 0, 1, 2, 2, 1, 2, 1, 1, 1]
2021-09-16 20:14:30,477 :: INFO :: Line --> 91 :: episode:59  total reward:30.0  Path Followed:[0, 0, 4, 4, 0, 0, 1, 1, 2, 2, 2, 3, 3, 3, 3, 3, 3, 2, 6]  Action Executed:[2, 2, 0, 0, 2, 2, 3, 3, 2, 2, 2, 3, 3, 3, 3, 3, 3, 2, 2]
2021-09-16 20:14:32,515 :: INFO :: Line --> 91 :: episode:60  total reward:31.0  Path Followed:[0, 1, 1, 0, 0, 4, 0, 1, 0, 1, 2, 6, 10, 14, 13, 13, 9, 13, 14]  Action Executed:[2, 3, 3, 2, 2, 0, 2, 3, 2, 3, 2, 2, 0, 1, 2, 2, 1, 2, 1]
2021-09-16 20:14:33,700 :: INFO :: Line --> 91 :: episode:61  total reward:31.0  Path Followed:[0, 4, 4, 8, 9, 13, 9, 10, 6, 2, 2, 6]  Action Executed:[2, 0, 0, 3, 1, 2, 1, 0, 2, 2, 2, 2]
2021-09-16 20:14:35,841 :: INFO :: Line --> 91 :: episode:62  total reward:31.0  Path Followed:[0, 4, 4, 4, 8, 8, 9, 10, 14, 13, 14, 14, 13, 14, 13, 14, 13, 14, 13, 13, 9, 13, 13, 9, 13, 14, 14, 14, 14, 14, 14, 13, 9, 10, 6]  Action Executed:[2, 0, 0, 0, 3, 3, 1, 0, 1, 2, 1, 1, 2, 1, 2, 1, 2, 1, 2, 2, 1, 2, 2, 1, 2, 1, 1, 1, 1, 1, 1, 2, 1, 0, 2]
2021-09-16 20:14:37,121 :: INFO :: Line --> 91 :: episode:63  total reward:31.0  Path Followed:[0, 4, 0, 1, 2, 3, 2, 3, 3, 3, 3, 3, 3, 2, 6]  Action Executed:[2, 0, 2, 3, 2, 3, 2, 3, 3, 3, 3, 3, 3, 2, 2]
2021-09-16 20:14:38,289 :: INFO :: Line --> 91 :: episode:64  total reward:31.0  Path Followed:[0, 1, 1, 0, 0, 1, 0, 0, 1, 1, 2, 6, 10, 6]  Action Executed:[2, 3, 3, 2, 2, 3, 2, 2, 3, 3, 2, 2, 0, 2]
2021-09-16 20:14:43,659 :: INFO :: Line --> 91 :: episode:65  total reward:31.0  Path Followed:[0, 4, 0, 4, 4, 4, 4, 4, 8, 4, 8, 4, 0, 1, 1, 1, 1, 0, 4, 0, 4, 8, 9, 8, 9, 10, 14, 13, 9, 8, 8, 8, 8, 8, 9, 8, 8, 4, 4, 0, 4, 8, 4, 4, 4, 0, 0, 4, 8, 9, 13, 9, 10, 9, 8, 4, 0, 0, 0, 4, 8, 9, 10, 9, 8, 4, 0, 0, 0, 4, 8, 9, 10, 6, 2, 6, 2, 3, 3, 2, 6, 10, 6]  Action Executed:[2, 0, 2, 0, 0, 0, 0, 0, 3, 0, 3, 0, 2, 3, 3, 3, 3, 2, 0, 2, 0, 3, 1, 3, 1, 0, 1, 2, 1, 3, 3, 3, 3, 3, 1, 3, 3, 0, 0, 2, 0, 3, 0, 0, 0, 2, 2, 0, 3, 1, 2, 1, 0, 1, 3, 0, 2, 2, 2, 0, 3, 1, 0, 1, 3, 0, 2, 2, 2, 0, 3, 1, 0, 2, 2, 2, 2, 3, 3, 2, 2, 0, 2]
2021-09-16 20:14:44,276 :: INFO :: Line --> 91 :: episode:66  total reward:31.0  Path Followed:[0, 1, 2, 6]  Action Executed:[2, 3, 2, 2]
2021-09-16 20:14:46,078 :: INFO :: Line --> 91 :: episode:67  total reward:32.0  Path Followed:[0, 1, 0, 0, 0, 4, 4, 8, 4, 8, 4, 4, 4, 8, 9, 13, 13, 13, 14]  Action Executed:[2, 3, 2, 2, 2, 0, 0, 3, 0, 3, 0, 0, 0, 3, 1, 2, 2, 2, 1]
2021-09-16 20:14:46,972 :: INFO :: Line --> 91 :: episode:68  total reward:32.0  Path Followed:[0, 4, 0, 0, 1, 2, 2, 6, 10, 6]  Action Executed:[2, 0, 2, 2, 3, 2, 2, 2, 0, 2]
2021-09-16 20:14:48,268 :: INFO :: Line --> 91 :: episode:69  total reward:33.0  Path Followed:[0, 1, 1, 2, 6, 2, 3, 2, 2, 2, 3, 3, 3, 2, 6, 10, 9, 13, 13, 14]  Action Executed:[2, 3, 3, 2, 2, 2, 3, 2, 2, 2, 3, 3, 3, 2, 2, 0, 1, 2, 2, 1]
2021-09-16 20:14:50,612 :: INFO :: Line --> 91 :: episode:70  total reward:33.0  Path Followed:[0, 4, 0, 4, 0, 0, 4, 8, 9, 10, 14, 13, 9, 10, 6, 2, 6, 2, 3, 2, 3, 2, 3, 3, 2, 6, 2, 6]  Action Executed:[2, 0, 2, 0, 2, 2, 0, 3, 1, 0, 1, 2, 1, 0, 2, 2, 2, 2, 3, 2, 3, 2, 3, 3, 2, 2, 2, 2]
2021-09-16 20:14:51,518 :: INFO :: Line --> 91 :: episode:71  total reward:33.0  Path Followed:[0, 4, 4, 4, 8, 4, 0, 0, 1, 2, 6]  Action Executed:[2, 0, 0, 0, 3, 0, 2, 2, 3, 2, 2]
2021-09-16 20:14:54,017 :: INFO :: Line --> 91 :: episode:72  total reward:34.0  Path Followed:[0, 4, 0, 1, 1, 2, 6, 10, 9, 13, 9, 8, 8, 4, 4, 4, 4, 0, 4, 0, 0, 1, 2, 3, 3, 3, 2, 2, 6, 10, 14, 14, 14]  Action Executed:[2, 0, 2, 3, 3, 2, 2, 0, 1, 2, 1, 3, 3, 0, 0, 0, 0, 2, 0, 2, 2, 3, 2, 3, 3, 3, 2, 2, 2, 0, 1, 1, 1]
2021-09-16 20:14:57,229 :: INFO :: Line --> 91 :: episode:73  total reward:34.0  Path Followed:[0, 0, 4, 8, 4, 4, 8, 8, 8, 9, 8, 4, 4, 4, 0, 1, 1, 0, 0, 4, 0, 0, 1, 2, 3, 3, 2, 3, 2, 3, 3, 3, 2, 3, 3, 2, 2, 2, 3, 3, 3, 3, 2, 3, 3, 3, 3, 3, 3, 2, 3, 3, 3, 3, 2, 2, 6]  Action Executed:[2, 2, 0, 3, 0, 0, 3, 3, 3, 1, 3, 0, 0, 0, 2, 3, 3, 2, 2, 0, 2, 2, 3, 2, 3, 3, 2, 3, 2, 3, 3, 3, 2, 3, 3, 2, 2, 2, 3, 3, 3, 3, 2, 3, 3, 3, 3, 3, 3, 2, 3, 3, 3, 3, 2, 2, 2]
2021-09-16 20:14:58,274 :: INFO :: Line --> 91 :: episode:74  total reward:35.0  Path Followed:[0, 4, 8, 8, 9, 13, 14, 13, 14, 13, 14, 13, 14, 14, 14]  Action Executed:[2, 0, 3, 3, 1, 2, 1, 2, 1, 2, 1, 2, 1, 1, 1]
2021-09-16 20:14:59,276 :: INFO :: Line --> 91 :: episode:75  total reward:36.0  Path Followed:[0, 1, 1, 0, 0, 0, 1, 2, 3, 3, 2, 6, 10, 14]  Action Executed:[2, 3, 3, 2, 2, 2, 3, 2, 3, 3, 2, 2, 0, 1]
2021-09-16 20:15:00,529 :: INFO :: Line --> 91 :: episode:76  total reward:37.0  Path Followed:[0, 1, 2, 2, 2, 6, 2, 6, 10, 9, 8, 8, 4, 0, 4, 8, 9, 13, 14]  Action Executed:[2, 3, 2, 2, 2, 2, 2, 2, 0, 1, 3, 3, 0, 2, 0, 3, 1, 2, 1]
2021-09-16 20:15:02,432 :: INFO :: Line --> 91 :: episode:77  total reward:37.0  Path Followed:[0, 1, 0, 1, 1, 1, 2, 6, 2, 3, 3, 3, 2, 2, 2, 3, 3, 3, 3, 2, 3, 3, 3, 3, 2, 2, 2, 2, 3, 3, 2, 6]  Action Executed:[2, 3, 2, 3, 3, 3, 2, 2, 2, 3, 3, 3, 2, 2, 2, 3, 3, 3, 3, 2, 3, 3, 3, 3, 2, 2, 2, 2, 3, 3, 2, 2]
2021-09-16 20:15:03,490 :: INFO :: Line --> 91 :: episode:78  total reward:38.0  Path Followed:[0, 0, 0, 0, 1, 2, 6, 10, 14, 14, 14, 13, 9, 10, 14]  Action Executed:[2, 2, 2, 2, 3, 2, 2, 0, 1, 1, 1, 2, 1, 0, 1]
2021-09-16 20:15:04,055 :: INFO :: Line --> 91 :: episode:79  total reward:38.0  Path Followed:[0, 1, 2, 2, 6]  Action Executed:[2, 3, 2, 2, 2]
2021-09-16 20:15:05,750 :: INFO :: Line --> 91 :: episode:80  total reward:38.0  Path Followed:[0, 1, 1, 1, 0, 1, 1, 2, 2, 2, 3, 3, 3, 2, 2, 2, 6, 10, 6, 2, 6, 2, 2, 2, 2, 2, 6]  Action Executed:[2, 3, 3, 3, 2, 3, 3, 2, 2, 2, 3, 3, 3, 2, 2, 2, 2, 0, 2, 2, 2, 2, 2, 2, 2, 2, 2]
2021-09-16 20:15:08,491 :: INFO :: Line --> 91 :: episode:81  total reward:38.0  Path Followed:[0, 4, 8, 4, 0, 0, 1, 1, 1, 2, 2, 6, 2, 2, 2, 6, 2, 3, 2, 3, 3, 3, 3, 2, 3, 3, 3, 3, 2, 2, 3, 2, 2, 2, 2, 3, 3, 3, 2, 2, 6]  Action Executed:[2, 0, 3, 0, 2, 2, 3, 3, 3, 2, 2, 2, 2, 2, 2, 2, 2, 3, 2, 3, 3, 3, 3, 2, 3, 3, 3, 3, 2, 2, 3, 2, 2, 2, 2, 3, 3, 3, 2, 2, 2]
2021-09-16 20:15:09,985 :: INFO :: Line --> 91 :: episode:82  total reward:39.0  Path Followed:[0, 1, 2, 3, 3, 2, 2, 3, 3, 3, 3, 3, 3, 2, 6, 2, 6, 10, 14]  Action Executed:[2, 3, 2, 3, 3, 2, 2, 3, 3, 3, 3, 3, 3, 2, 2, 2, 2, 0, 1]
2021-09-16 20:15:11,530 :: INFO :: Line --> 91 :: episode:83  total reward:40.0  Path Followed:[0, 0, 0, 4, 0, 1, 1, 2, 3, 3, 3, 3, 3, 3, 3, 2, 6, 10, 14, 14]  Action Executed:[2, 2, 2, 0, 2, 3, 3, 2, 3, 3, 3, 3, 3, 3, 3, 2, 2, 0, 1, 1]
2021-09-16 20:15:15,766 :: INFO :: Line --> 91 :: episode:84  total reward:41.0  Path Followed:[0, 4, 4, 0, 4, 8, 4, 8, 8, 8, 4, 8, 9, 8, 4, 8, 8, 4, 4, 0, 1, 2, 2, 6, 10, 6, 2, 6, 2, 3, 3, 2, 2, 3, 3, 2, 2, 6, 10, 9, 10, 9, 8, 9, 10, 9, 13, 9, 13, 14, 13, 13, 13, 14, 14, 13, 13, 14, 14]  Action Executed:[2, 0, 0, 2, 0, 3, 0, 3, 3, 3, 0, 3, 1, 3, 0, 3, 3, 0, 0, 2, 3, 2, 2, 2, 0, 2, 2, 2, 2, 3, 3, 2, 2, 3, 3, 2, 2, 2, 0, 1, 0, 1, 3, 1, 0, 1, 2, 1, 2, 1, 2, 2, 2, 1, 1, 2, 2, 1, 1]
2021-09-16 20:15:18,078 :: INFO :: Line --> 91 :: episode:85  total reward:41.0  Path Followed:[0, 1, 2, 3, 3, 2, 3, 3, 3, 3, 3, 2, 2, 6, 2, 6, 2, 2, 3, 2, 3, 3, 3, 3, 3, 3, 3, 2, 3, 3, 3, 2, 2, 6, 2, 6]  Action Executed:[2, 3, 2, 3, 3, 2, 3, 3, 3, 3, 3, 2, 2, 2, 2, 2, 2, 2, 3, 2, 3, 3, 3, 3, 3, 3, 3, 2, 3, 3, 3, 2, 2, 2, 2, 2]
2021-09-16 20:15:18,605 :: INFO :: Line --> 91 :: episode:86  total reward:41.0  Path Followed:[0, 1, 2, 6]  Action Executed:[2, 3, 2, 2]
2021-09-16 20:15:19,582 :: INFO :: Line --> 91 :: episode:87  total reward:41.0  Path Followed:[0, 0, 4, 0, 1, 2, 6, 2, 2, 2, 6, 2, 6]  Action Executed:[2, 2, 0, 2, 3, 2, 2, 2, 2, 2, 2, 2, 2]
2021-09-16 20:15:24,383 :: INFO :: Line --> 91 :: episode:88  total reward:41.0  Path Followed:[0, 4, 4, 0, 4, 0, 4, 4, 8, 8, 9, 13, 9, 8, 4, 0, 0, 0, 0, 4, 4, 8, 4, 0, 4, 4, 0, 1, 0, 4, 8, 8, 9, 13, 13, 14, 14, 13, 9, 13, 14, 13, 14, 14, 13, 14, 13, 14, 14, 14, 13, 14, 13, 14, 13, 13, 14, 13, 9, 8, 4, 0, 1, 1, 2, 6, 2, 6]  Action Executed:[2, 0, 0, 2, 0, 2, 0, 0, 3, 3, 1, 2, 1, 3, 0, 2, 2, 2, 2, 0, 0, 3, 0, 2, 0, 0, 2, 3, 2, 0, 3, 3, 1, 2, 2, 1, 1, 2, 1, 2, 1, 2, 1, 1, 2, 1, 2, 1, 1, 1, 2, 1, 2, 1, 2, 2, 1, 2, 1, 3, 0, 2, 3, 3, 2, 2, 2, 2]
2021-09-16 20:15:26,021 :: INFO :: Line --> 91 :: episode:89  total reward:41.0  Path Followed:[0, 4, 4, 8, 8, 4, 4, 0, 4, 0, 0, 0, 4, 4, 8, 4, 0, 1, 1, 1, 2, 3, 2, 6, 10, 6]  Action Executed:[2, 0, 0, 3, 3, 0, 0, 2, 0, 2, 2, 2, 0, 0, 3, 0, 2, 3, 3, 3, 2, 3, 2, 2, 0, 2]
2021-09-16 20:15:26,965 :: INFO :: Line --> 91 :: episode:90  total reward:41.0  Path Followed:[0, 1, 1, 0, 1, 0, 1, 2, 6, 2, 2, 6]  Action Executed:[2, 3, 3, 2, 3, 2, 3, 2, 2, 2, 2, 2]
2021-09-16 20:15:29,270 :: INFO :: Line --> 91 :: episode:91  total reward:42.0  Path Followed:[0, 4, 0, 4, 8, 4, 0, 1, 0, 1, 0, 4, 0, 0, 0, 4, 0, 4, 0, 1, 1, 1, 0, 1, 1, 0, 0, 0, 0, 4, 8, 9, 10, 9, 13, 14]  Action Executed:[2, 0, 2, 0, 3, 0, 2, 3, 2, 3, 2, 0, 2, 2, 2, 0, 2, 0, 2, 3, 3, 3, 2, 3, 3, 2, 2, 2, 2, 0, 3, 1, 0, 1, 2, 1]
2021-09-16 20:15:34,637 :: INFO :: Line --> 91 :: episode:92  total reward:42.0  Path Followed:[0, 4, 4, 0, 4, 0, 4, 4, 4, 8, 9, 10, 9, 8, 8, 8, 4, 4, 0, 1, 1, 0, 1, 1, 0, 4, 0, 4, 0, 4, 0, 4, 8, 9, 10, 9, 8, 4, 4, 8, 4, 0, 1, 1, 2, 2, 2, 3, 3, 3, 3, 3, 2, 3, 3, 2, 3, 3, 3, 3, 2, 3, 3, 3, 3, 2, 3, 3, 3, 3, 2, 2, 2, 3, 2, 2, 3, 2, 2, 6, 10, 9, 8, 9, 13, 9, 8, 9, 10, 6, 10, 9, 10, 9, 8, 9, 10, 6, 2, 6]  Action Executed:[2, 0, 0, 2, 0, 2, 0, 0, 0, 3, 1, 0, 1, 3, 3, 3, 0, 0, 2, 3, 3, 2, 3, 3, 2, 0, 2, 0, 2, 0, 2, 0, 3, 1, 0, 1, 3, 0, 0, 3, 0, 2, 3, 3, 2, 2, 2, 3, 3, 3, 3, 3, 2, 3, 3, 2, 3, 3, 3, 3, 2, 3, 3, 3, 3, 2, 3, 3, 3, 3, 2, 2, 2, 3, 2, 2, 3, 2, 2, 2, 0, 1, 3, 1, 2, 1, 3, 1, 0, 2, 0, 1, 0, 1, 3, 1, 0, 2, 2, 2]
2021-09-16 20:15:37,362 :: INFO :: Line --> 91 :: episode:93  total reward:43.0  Path Followed:[0, 4, 8, 8, 8, 8, 8, 8, 8, 4, 4, 4, 0, 4, 0, 0, 4, 8, 4, 0, 4, 8, 8, 8, 9, 13, 13, 13, 9, 13, 13, 9, 13, 9, 10, 9, 13, 13, 14]  Action Executed:[2, 0, 3, 3, 3, 3, 3, 3, 3, 0, 0, 0, 2, 0, 2, 2, 0, 3, 0, 2, 0, 3, 3, 3, 1, 2, 2, 2, 1, 2, 2, 1, 2, 1, 0, 1, 2, 2, 1]
2021-09-16 20:15:39,784 :: INFO :: Line --> 91 :: episode:94  total reward:44.0  Path Followed:[0, 4, 4, 0, 1, 0, 4, 0, 1, 1, 0, 4, 4, 0, 4, 0, 1, 1, 0, 4, 8, 4, 8, 9, 8, 8, 4, 4, 8, 9, 13, 14]  Action Executed:[2, 0, 0, 2, 3, 2, 0, 2, 3, 3, 2, 0, 0, 2, 0, 2, 3, 3, 2, 0, 3, 0, 3, 1, 3, 3, 0, 0, 3, 1, 2, 1]
2021-09-16 20:15:41,976 :: INFO :: Line --> 91 :: episode:95  total reward:45.0  Path Followed:[0, 1, 1, 1, 1, 0, 1, 0, 0, 0, 0, 0, 1, 0, 4, 0, 4, 0, 1, 1, 2, 6, 10, 14, 13, 9, 13, 14, 14, 14]  Action Executed:[2, 3, 3, 3, 3, 2, 3, 2, 2, 2, 2, 2, 3, 2, 0, 2, 0, 2, 3, 3, 2, 2, 0, 1, 2, 1, 2, 1, 1, 1]
2021-09-16 20:15:43,126 :: INFO :: Line --> 91 :: episode:96  total reward:46.0  Path Followed:[0, 4, 0, 1, 2, 2, 6, 10, 9, 10, 14]  Action Executed:[2, 0, 2, 3, 2, 2, 2, 0, 1, 0, 1]
2021-09-16 20:15:49,090 :: INFO :: Line --> 91 :: episode:97  total reward:46.0  Path Followed:[0, 4, 0, 4, 4, 8, 4, 8, 4, 8, 8, 4, 4, 0, 0, 0, 1, 0, 0, 4, 4, 8, 8, 9, 8, 4, 0, 0, 4, 4, 8, 8, 9, 8, 4, 0, 0, 0, 1, 1, 0, 4, 4, 8, 9, 13, 13, 9, 13, 9, 8, 4, 8, 8, 8, 4, 4, 8, 9, 13, 9, 10, 9, 8, 4, 8, 4, 0, 0, 4, 0, 4, 0, 0, 1, 0, 4, 0, 0, 0, 1, 2, 6, 2, 6, 10, 14, 13, 14, 13, 14, 13, 9, 13, 9, 8, 4, 4, 0, 0]  Action Executed:[2, 0, 2, 0, 0, 3, 0, 3, 0, 3, 3, 0, 0, 2, 2, 2, 3, 2, 2, 0, 0, 3, 3, 1, 3, 0, 2, 2, 0, 0, 3, 3, 1, 3, 0, 2, 2, 2, 3, 3, 2, 0, 0, 3, 1, 2, 2, 1, 2, 1, 3, 0, 3, 3, 3, 0, 0, 3, 1, 2, 1, 0, 1, 3, 0, 3, 0, 2, 2, 0, 2, 0, 2, 2, 3, 2, 0, 2, 2, 2, 3, 2, 2, 2, 2, 0, 1, 2, 1, 2, 1, 2, 1, 2, 1, 3, 0, 0, 2, 2]
2021-09-16 20:15:51,004 :: INFO :: Line --> 91 :: episode:98  total reward:47.0  Path Followed:[0, 0, 4, 4, 0, 4, 0, 1, 1, 1, 0, 1, 1, 0, 1, 2, 6, 10, 9, 8, 8, 9, 10, 9, 13, 14, 14, 13, 13, 14]  Action Executed:[2, 2, 0, 0, 2, 0, 2, 3, 3, 3, 2, 3, 3, 2, 3, 2, 2, 0, 1, 3, 3, 1, 0, 1, 2, 1, 1, 2, 2, 1]
2021-09-16 20:15:52,750 :: INFO :: Line --> 91 :: episode:99  total reward:48.0  Path Followed:[0, 1, 0, 0, 1, 0, 1, 0, 0, 4, 0, 4, 8, 9, 8, 8, 9, 8, 8, 4, 4, 8, 8, 9, 13, 13, 14]  Action Executed:[2, 3, 2, 2, 3, 2, 3, 2, 2, 0, 2, 0, 3, 1, 3, 3, 1, 3, 3, 0, 0, 3, 3, 1, 2, 2, 1]
2021-09-16 20:15:53,727 :: INFO :: Line --> 91 :: episode:100  total reward:49.0  Path Followed:[0, 1, 2, 6, 10, 14, 14]  Action Executed:[2, 3, 2, 2, 0, 1, 1]
2021-09-16 20:15:54,271 :: INFO :: Line --> 101 :: episode:100  total reward:49.0  Model Accuracy:49.0
