2021-09-16 20:37:27,464 :: INFO :: Line --> 27 :: Inference Game with Model FrozenLake-v1_16-Sep-2021_15-53-31.h5
2021-09-16 20:37:27,465 :: INFO :: Line --> 28 :: --------------------------------------------------------------------------------------------------------------------------------
2021-09-16 20:37:28,075 :: WARNING :: Line --> 629 :: Model was constructed with shape (None, 16) for input KerasTensor(type_spec=TensorSpec(shape=(None, 16), dtype=tf.float32, name='dense_input'), name='dense_input', description="created by layer 'dense_input'"), but it was called on an input with incompatible shape (None, 1, 16).
2021-09-16 20:37:30,103 :: INFO :: Line --> 91 :: episode:1  total reward:0.0  Path Followed:[0, 0, 4, 0, 0, 0, 4, 0, 1, 0, 0, 0, 1, 2, 3, 3, 2, 2, 3, 3, 2, 3, 3, 3, 3, 3, 3, 3, 3, 3, 2, 2, 6, 2, 6]  Action Executed:[2, 2, 0, 2, 2, 2, 0, 2, 3, 2, 2, 2, 3, 2, 3, 3, 2, 2, 3, 3, 2, 3, 3, 3, 3, 3, 3, 3, 3, 3, 2, 2, 2, 2, 2]
2021-09-16 20:37:31,788 :: INFO :: Line --> 91 :: episode:2  total reward:1.0  Path Followed:[0, 1, 1, 1, 2, 6, 10, 6, 10, 9, 10, 14, 13, 14, 13, 14, 13, 9, 8, 9, 13, 9, 10, 14, 14, 14, 14, 14]  Action Executed:[2, 3, 3, 3, 2, 2, 0, 2, 0, 1, 0, 1, 2, 1, 2, 1, 2, 1, 3, 1, 2, 1, 0, 1, 1, 1, 1, 1]
2021-09-16 20:37:32,883 :: INFO :: Line --> 91 :: episode:3  total reward:2.0  Path Followed:[0, 4, 8, 9, 10, 14, 13, 9, 13, 9, 8, 8, 9, 13, 14, 14]  Action Executed:[2, 0, 3, 1, 0, 1, 2, 1, 2, 1, 3, 3, 1, 2, 1, 1]
2021-09-16 20:37:33,609 :: INFO :: Line --> 91 :: episode:4  total reward:3.0  Path Followed:[0, 1, 0, 4, 4, 8, 9, 13, 14]  Action Executed:[2, 3, 2, 0, 0, 3, 1, 2, 1]
2021-09-16 20:37:34,776 :: INFO :: Line --> 91 :: episode:5  total reward:3.0  Path Followed:[0, 0, 4, 0, 4, 8, 4, 0, 1, 2, 6, 10, 14, 13, 13, 9, 10, 6]  Action Executed:[2, 2, 0, 2, 0, 3, 0, 2, 3, 2, 2, 0, 1, 2, 2, 1, 0, 2]
2021-09-16 20:37:36,303 :: INFO :: Line --> 91 :: episode:6  total reward:4.0  Path Followed:[0, 4, 8, 8, 9, 13, 13, 13, 9, 13, 9, 13, 14, 14, 14, 13, 9, 8, 4, 8, 9, 8, 9, 10, 14]  Action Executed:[2, 0, 3, 3, 1, 2, 2, 2, 1, 2, 1, 2, 1, 1, 1, 2, 1, 3, 0, 3, 1, 3, 1, 0, 1]
2021-09-16 20:37:37,130 :: INFO :: Line --> 91 :: episode:7  total reward:5.0  Path Followed:[0, 4, 8, 8, 8, 9, 10, 14, 14, 13, 14]  Action Executed:[2, 0, 3, 3, 3, 1, 0, 1, 1, 2, 1]
2021-09-16 20:37:40,020 :: INFO :: Line --> 91 :: episode:8  total reward:6.0  Path Followed:[0, 1, 1, 1, 2, 6, 10, 6, 2, 2, 2, 3, 3, 3, 3, 2, 6, 2, 6, 10, 14, 14, 14, 14, 13, 13, 13, 14, 13, 9, 10, 9, 10, 9, 13, 9, 8, 8, 9, 8, 8, 9, 10, 9, 8, 9, 13, 9, 10, 14]  Action Executed:[2, 3, 3, 3, 2, 2, 0, 2, 2, 2, 2, 3, 3, 3, 3, 2, 2, 2, 2, 0, 1, 1, 1, 1, 2, 2, 2, 1, 2, 1, 0, 1, 0, 1, 2, 1, 3, 3, 1, 3, 3, 1, 0, 1, 3, 1, 2, 1, 0, 1]
2021-09-16 20:37:41,141 :: INFO :: Line --> 91 :: episode:9  total reward:6.0  Path Followed:[0, 4, 4, 4, 0, 4, 8, 4, 0, 1, 1, 2, 3, 3, 3, 2, 6]  Action Executed:[2, 0, 0, 0, 2, 0, 3, 0, 2, 3, 3, 2, 3, 3, 3, 2, 2]
2021-09-16 20:37:42,193 :: INFO :: Line --> 91 :: episode:10  total reward:7.0  Path Followed:[0, 1, 0, 1, 2, 6, 10, 9, 13, 9, 8, 9, 13, 14, 14]  Action Executed:[2, 3, 2, 3, 2, 2, 0, 1, 2, 1, 3, 1, 2, 1, 1]
2021-09-16 20:37:43,170 :: INFO :: Line --> 91 :: episode:11  total reward:7.0  Path Followed:[0, 1, 2, 3, 3, 3, 3, 3, 2, 2, 2, 6, 10, 6]  Action Executed:[2, 3, 2, 3, 3, 3, 3, 3, 2, 2, 2, 2, 0, 2]
2021-09-16 20:37:44,202 :: INFO :: Line --> 91 :: episode:12  total reward:7.0  Path Followed:[0, 1, 2, 2, 3, 2, 6, 10, 6, 2, 3, 3, 2, 2, 6]  Action Executed:[2, 3, 2, 2, 3, 2, 2, 0, 2, 2, 3, 3, 2, 2, 2]
2021-09-16 20:37:47,145 :: INFO :: Line --> 91 :: episode:13  total reward:7.0  Path Followed:[0, 0, 0, 0, 4, 4, 8, 4, 0, 1, 1, 0, 1, 1, 1, 0, 1, 1, 2, 3, 3, 3, 2, 6, 2, 3, 3, 3, 3, 3, 3, 3, 3, 2, 2, 6, 2, 2, 3, 3, 3, 3, 3, 3, 2, 3, 3, 3, 3, 2, 2, 6]  Action Executed:[2, 2, 2, 2, 0, 0, 3, 0, 2, 3, 3, 2, 3, 3, 3, 2, 3, 3, 2, 3, 3, 3, 2, 2, 2, 3, 3, 3, 3, 3, 3, 3, 3, 2, 2, 2, 2, 2, 3, 3, 3, 3, 3, 3, 2, 3, 3, 3, 3, 2, 2, 2]
2021-09-16 20:37:49,065 :: INFO :: Line --> 91 :: episode:14  total reward:8.0  Path Followed:[0, 0, 0, 0, 4, 0, 0, 4, 8, 8, 4, 4, 4, 4, 4, 0, 0, 4, 8, 8, 8, 9, 13, 14, 14, 13, 13, 14]  Action Executed:[2, 2, 2, 2, 0, 2, 2, 0, 3, 3, 0, 0, 0, 0, 0, 2, 2, 0, 3, 3, 3, 1, 2, 1, 1, 2, 2, 1]
2021-09-16 20:37:50,516 :: INFO :: Line --> 91 :: episode:15  total reward:9.0  Path Followed:[0, 4, 8, 4, 4, 8, 8, 4, 0, 4, 4, 0, 1, 1, 1, 2, 2, 2, 6, 10, 14]  Action Executed:[2, 0, 3, 0, 0, 3, 3, 0, 2, 0, 0, 2, 3, 3, 3, 2, 2, 2, 2, 0, 1]
2021-09-16 20:37:53,362 :: INFO :: Line --> 91 :: episode:16  total reward:9.0  Path Followed:[0, 4, 8, 9, 8, 4, 4, 4, 8, 8, 4, 0, 4, 4, 8, 9, 10, 9, 8, 8, 4, 8, 9, 8, 4, 0, 0, 1, 0, 1, 1, 0, 1, 1, 0, 1, 2, 3, 2, 6]  Action Executed:[2, 0, 3, 1, 3, 0, 0, 0, 3, 3, 0, 2, 0, 0, 3, 1, 0, 1, 3, 3, 0, 3, 1, 3, 0, 2, 2, 3, 2, 3, 3, 2, 3, 3, 2, 3, 2, 3, 2, 2]
2021-09-16 20:37:55,537 :: INFO :: Line --> 91 :: episode:17  total reward:10.0  Path Followed:[0, 4, 4, 0, 4, 4, 8, 8, 4, 0, 0, 1, 0, 1, 1, 0, 0, 0, 0, 4, 4, 8, 8, 4, 8, 9, 8, 4, 8, 9, 10, 14, 14, 13, 13, 13, 14]  Action Executed:[2, 0, 0, 2, 0, 0, 3, 3, 0, 2, 2, 3, 2, 3, 3, 2, 2, 2, 2, 0, 0, 3, 3, 0, 3, 1, 3, 0, 3, 1, 0, 1, 1, 2, 2, 2, 1]
2021-09-16 20:37:57,352 :: INFO :: Line --> 91 :: episode:18  total reward:10.0  Path Followed:[0, 0, 1, 2, 3, 3, 3, 3, 2, 3, 3, 2, 6, 10, 9, 8, 4, 0, 4, 0, 4, 4, 0, 1, 2, 2, 2, 6, 2, 6]  Action Executed:[2, 2, 3, 2, 3, 3, 3, 3, 2, 3, 3, 2, 2, 0, 1, 3, 0, 2, 0, 2, 0, 0, 2, 3, 2, 2, 2, 2, 2, 2]
2021-09-16 20:37:58,357 :: INFO :: Line --> 91 :: episode:19  total reward:11.0  Path Followed:[0, 0, 4, 0, 1, 1, 2, 2, 6, 2, 6, 10, 14]  Action Executed:[2, 2, 0, 2, 3, 3, 2, 2, 2, 2, 2, 0, 1]
2021-09-16 20:38:00,479 :: INFO :: Line --> 91 :: episode:20  total reward:11.0  Path Followed:[0, 4, 4, 8, 8, 4, 8, 9, 10, 14, 14, 13, 13, 9, 8, 4, 0, 0, 1, 1, 2, 6, 10, 9, 8, 9, 8, 9, 10, 6]  Action Executed:[2, 0, 0, 3, 3, 0, 3, 1, 0, 1, 1, 2, 2, 1, 3, 0, 2, 2, 3, 3, 2, 2, 0, 1, 3, 1, 3, 1, 0, 2]
2021-09-16 20:38:01,315 :: INFO :: Line --> 91 :: episode:21  total reward:11.0  Path Followed:[0, 1, 2, 3, 3, 3, 2, 6]  Action Executed:[2, 3, 2, 3, 3, 3, 2, 2]
2021-09-16 20:38:03,779 :: INFO :: Line --> 91 :: episode:22  total reward:11.0  Path Followed:[0, 4, 8, 4, 4, 8, 4, 0, 0, 1, 1, 1, 0, 4, 8, 4, 0, 1, 2, 3, 3, 3, 3, 2, 6, 2, 2, 3, 3, 3, 3, 2, 3, 3, 2, 6]  Action Executed:[2, 0, 3, 0, 0, 3, 0, 2, 2, 3, 3, 3, 2, 0, 3, 0, 2, 3, 2, 3, 3, 3, 3, 2, 2, 2, 2, 3, 3, 3, 3, 2, 3, 3, 2, 2]
2021-09-16 20:38:04,309 :: INFO :: Line --> 91 :: episode:23  total reward:11.0  Path Followed:[0, 1, 2, 6]  Action Executed:[2, 3, 2, 2]
2021-09-16 20:38:07,053 :: INFO :: Line --> 91 :: episode:24  total reward:12.0  Path Followed:[0, 0, 1, 1, 1, 0, 1, 1, 1, 0, 0, 0, 4, 4, 0, 0, 1, 2, 2, 2, 6, 10, 9, 13, 14, 14, 13, 9, 13, 9, 13, 9, 10, 9, 10, 9, 10, 14]  Action Executed:[2, 2, 3, 3, 3, 2, 3, 3, 3, 2, 2, 2, 0, 0, 2, 2, 3, 2, 2, 2, 2, 0, 1, 2, 1, 1, 2, 1, 2, 1, 2, 1, 0, 1, 0, 1, 0, 1]
2021-09-16 20:38:08,930 :: INFO :: Line --> 91 :: episode:25  total reward:12.0  Path Followed:[0, 4, 4, 0, 1, 1, 0, 1, 1, 0, 1, 0, 0, 0, 1, 0, 1, 2, 3, 3, 3, 2, 6]  Action Executed:[2, 0, 0, 2, 3, 3, 2, 3, 3, 2, 3, 2, 2, 2, 3, 2, 3, 2, 3, 3, 3, 2, 2]
2021-09-16 20:38:10,148 :: INFO :: Line --> 91 :: episode:26  total reward:12.0  Path Followed:[0, 4, 4, 8, 8, 8, 9, 10, 6, 2, 6]  Action Executed:[2, 0, 0, 3, 3, 3, 1, 0, 2, 2, 2]
2021-09-16 20:38:11,282 :: INFO :: Line --> 91 :: episode:27  total reward:12.0  Path Followed:[0, 4, 4, 0, 0, 1, 0, 0, 1, 1, 2, 2, 6]  Action Executed:[2, 0, 0, 2, 2, 3, 2, 2, 3, 3, 2, 2, 2]
2021-09-16 20:38:14,095 :: INFO :: Line --> 91 :: episode:28  total reward:13.0  Path Followed:[0, 4, 4, 0, 4, 4, 8, 8, 9, 8, 4, 0, 4, 0, 0, 1, 1, 2, 2, 6, 2, 6, 10, 9, 10, 9, 10, 9, 13, 14, 13, 13, 14, 14, 14, 14, 13, 14, 13, 14]  Action Executed:[2, 0, 0, 2, 0, 0, 3, 3, 1, 3, 0, 2, 0, 2, 2, 3, 3, 2, 2, 2, 2, 2, 0, 1, 0, 1, 0, 1, 2, 1, 2, 2, 1, 1, 1, 1, 2, 1, 2, 1]
2021-09-16 20:38:15,156 :: INFO :: Line --> 91 :: episode:29  total reward:14.0  Path Followed:[0, 4, 4, 8, 9, 13, 14, 13, 14, 13, 13, 14]  Action Executed:[2, 0, 0, 3, 1, 2, 1, 2, 1, 2, 2, 1]
2021-09-16 20:38:17,120 :: INFO :: Line --> 91 :: episode:30  total reward:15.0  Path Followed:[0, 0, 0, 1, 1, 0, 1, 1, 1, 1, 2, 3, 3, 3, 3, 3, 3, 2, 6, 10, 9, 13, 14, 14, 13, 9, 10, 6, 10, 14, 14]  Action Executed:[2, 2, 2, 3, 3, 2, 3, 3, 3, 3, 2, 3, 3, 3, 3, 3, 3, 2, 2, 0, 1, 2, 1, 1, 2, 1, 0, 2, 0, 1, 1]
2021-09-16 20:38:18,469 :: INFO :: Line --> 91 :: episode:31  total reward:16.0  Path Followed:[0, 0, 4, 0, 1, 1, 0, 0, 4, 8, 9, 8, 9, 10, 14, 14, 13, 14, 14, 14]  Action Executed:[2, 2, 0, 2, 3, 3, 2, 2, 0, 3, 1, 3, 1, 0, 1, 1, 2, 1, 1, 1]
2021-09-16 20:38:19,596 :: INFO :: Line --> 91 :: episode:32  total reward:16.0  Path Followed:[0, 0, 0, 1, 1, 2, 3, 3, 2, 2, 3, 2, 6]  Action Executed:[2, 2, 2, 3, 3, 2, 3, 3, 2, 2, 3, 2, 2]
2021-09-16 20:38:20,489 :: INFO :: Line --> 91 :: episode:33  total reward:17.0  Path Followed:[0, 1, 2, 6, 10, 6, 10, 14]  Action Executed:[2, 3, 2, 2, 0, 2, 0, 1]
2021-09-16 20:38:21,082 :: INFO :: Line --> 91 :: episode:34  total reward:17.0  Path Followed:[0, 4, 8, 9, 10, 6]  Action Executed:[2, 0, 3, 1, 0, 2]
2021-09-16 20:38:24,875 :: INFO :: Line --> 91 :: episode:35  total reward:18.0  Path Followed:[0, 4, 0, 1, 0, 1, 0, 4, 8, 8, 9, 10, 9, 13, 9, 13, 9, 10, 9, 8, 4, 4, 0, 0, 4, 0, 1, 2, 2, 2, 2, 6, 2, 6, 10, 9, 10, 14, 13, 9, 8, 4, 4, 0, 4, 8, 8, 8, 8, 8, 9, 13, 14, 13, 14]  Action Executed:[2, 0, 2, 3, 2, 3, 2, 0, 3, 3, 1, 0, 1, 2, 1, 2, 1, 0, 1, 3, 0, 0, 2, 2, 0, 2, 3, 2, 2, 2, 2, 2, 2, 2, 0, 1, 0, 1, 2, 1, 3, 0, 0, 2, 0, 3, 3, 3, 3, 3, 1, 2, 1, 2, 1]
2021-09-16 20:38:25,642 :: INFO :: Line --> 91 :: episode:36  total reward:19.0  Path Followed:[0, 1, 2, 6, 10, 9, 10, 14, 14]  Action Executed:[2, 3, 2, 2, 0, 1, 0, 1, 1]
2021-09-16 20:38:27,238 :: INFO :: Line --> 91 :: episode:37  total reward:19.0  Path Followed:[0, 1, 2, 3, 3, 2, 3, 3, 3, 2, 6, 2, 3, 2, 3, 3, 3, 3, 2, 2, 2, 3, 2, 6]  Action Executed:[2, 3, 2, 3, 3, 2, 3, 3, 3, 2, 2, 2, 3, 2, 3, 3, 3, 3, 2, 2, 2, 3, 2, 2]
2021-09-16 20:38:29,305 :: INFO :: Line --> 91 :: episode:38  total reward:19.0  Path Followed:[0, 1, 2, 3, 3, 2, 6, 2, 3, 2, 2, 3, 3, 2, 6, 10, 9, 8, 9, 10, 6, 2, 2, 2, 2, 2, 2, 3, 3, 3, 2, 6]  Action Executed:[2, 3, 2, 3, 3, 2, 2, 2, 3, 2, 2, 3, 3, 2, 2, 0, 1, 3, 1, 0, 2, 2, 2, 2, 2, 2, 2, 3, 3, 3, 2, 2]
2021-09-16 20:38:32,167 :: INFO :: Line --> 91 :: episode:39  total reward:20.0  Path Followed:[0, 1, 0, 0, 4, 0, 0, 0, 4, 0, 0, 4, 8, 8, 9, 10, 9, 13, 13, 13, 13, 9, 13, 9, 13, 9, 10, 6, 2, 3, 3, 2, 3, 3, 3, 3, 3, 2, 6, 2, 3, 2, 3, 2, 6, 2, 2, 6, 10, 14, 14]  Action Executed:[2, 3, 2, 2, 0, 2, 2, 2, 0, 2, 2, 0, 3, 3, 1, 0, 1, 2, 2, 2, 2, 1, 2, 1, 2, 1, 0, 2, 2, 3, 3, 2, 3, 3, 3, 3, 3, 2, 2, 2, 3, 2, 3, 2, 2, 2, 2, 2, 0, 1, 1]
2021-09-16 20:38:33,428 :: INFO :: Line --> 91 :: episode:40  total reward:21.0  Path Followed:[0, 1, 0, 0, 4, 4, 8, 9, 8, 9, 13, 13, 9, 8, 9, 13, 14, 14, 14]  Action Executed:[2, 3, 2, 2, 0, 0, 3, 1, 3, 1, 2, 2, 1, 3, 1, 2, 1, 1, 1]
2021-09-16 20:38:34,804 :: INFO :: Line --> 91 :: episode:41  total reward:22.0  Path Followed:[0, 4, 8, 4, 0, 0, 0, 4, 0, 4, 8, 9, 10, 6, 2, 6, 10, 14, 13, 14, 14]  Action Executed:[2, 0, 3, 0, 2, 2, 2, 0, 2, 0, 3, 1, 0, 2, 2, 2, 0, 1, 2, 1, 1]
2021-09-16 20:38:36,361 :: INFO :: Line --> 91 :: episode:42  total reward:22.0  Path Followed:[0, 0, 1, 1, 1, 2, 2, 3, 2, 2, 2, 2, 3, 2, 3, 3, 3, 2, 2, 3, 2, 2, 6]  Action Executed:[2, 2, 3, 3, 3, 2, 2, 3, 2, 2, 2, 2, 3, 2, 3, 3, 3, 2, 2, 3, 2, 2, 2]
2021-09-16 20:38:38,363 :: INFO :: Line --> 91 :: episode:43  total reward:22.0  Path Followed:[0, 1, 2, 6, 10, 9, 10, 14, 13, 9, 10, 6, 10, 6, 2, 2, 3, 3, 3, 3, 2, 2, 2, 6]  Action Executed:[2, 3, 2, 2, 0, 1, 0, 1, 2, 1, 0, 2, 0, 2, 2, 2, 3, 3, 3, 3, 2, 2, 2, 2]
2021-09-16 20:38:40,676 :: INFO :: Line --> 91 :: episode:44  total reward:22.0  Path Followed:[0, 0, 0, 0, 0, 0, 1, 1, 2, 3, 3, 2, 3, 2, 6, 2, 6, 2, 2, 6, 10, 6, 2, 6]  Action Executed:[2, 2, 2, 2, 2, 2, 3, 3, 2, 3, 3, 2, 3, 2, 2, 2, 2, 2, 2, 2, 0, 2, 2, 2]
2021-09-16 20:38:42,442 :: INFO :: Line --> 91 :: episode:45  total reward:22.0  Path Followed:[0, 0, 4, 8, 4, 4, 4, 4, 0, 0, 1, 0, 4, 4, 0, 0, 1, 2, 6]  Action Executed:[2, 2, 0, 3, 0, 0, 0, 0, 2, 2, 3, 2, 0, 0, 2, 2, 3, 2, 2]
2021-09-16 20:38:44,010 :: INFO :: Line --> 91 :: episode:46  total reward:23.0  Path Followed:[0, 0, 4, 0, 4, 4, 8, 8, 9, 13, 14, 13, 13, 9, 8, 9, 13, 14]  Action Executed:[2, 2, 0, 2, 0, 0, 3, 3, 1, 2, 1, 2, 2, 1, 3, 1, 2, 1]
2021-09-16 20:38:46,069 :: INFO :: Line --> 91 :: episode:47  total reward:24.0  Path Followed:[0, 0, 0, 4, 8, 4, 4, 0, 0, 1, 2, 2, 6, 10, 6, 2, 2, 6, 10, 9, 13, 9, 10, 9, 10, 14]  Action Executed:[2, 2, 2, 0, 3, 0, 0, 2, 2, 3, 2, 2, 2, 0, 2, 2, 2, 2, 0, 1, 2, 1, 0, 1, 0, 1]
2021-09-16 20:38:48,219 :: INFO :: Line --> 91 :: episode:48  total reward:24.0  Path Followed:[0, 0, 0, 4, 8, 9, 13, 13, 14, 13, 9, 8, 4, 0, 0, 1, 1, 1, 0, 1, 2, 3, 2, 6]  Action Executed:[2, 2, 2, 0, 3, 1, 2, 2, 1, 2, 1, 3, 0, 2, 2, 3, 3, 3, 2, 3, 2, 3, 2, 2]
2021-09-16 20:38:49,694 :: INFO :: Line --> 91 :: episode:49  total reward:25.0  Path Followed:[0, 0, 0, 0, 4, 4, 0, 1, 0, 1, 0, 4, 8, 8, 4, 8, 9, 13, 14]  Action Executed:[2, 2, 2, 2, 0, 0, 2, 3, 2, 3, 2, 0, 3, 3, 0, 3, 1, 2, 1]
2021-09-16 20:38:53,499 :: INFO :: Line --> 91 :: episode:50  total reward:25.0  Path Followed:[0, 4, 0, 1, 2, 6, 2, 3, 3, 2, 3, 2, 3, 3, 3, 3, 3, 3, 2, 2, 3, 3, 3, 3, 3, 2, 6, 2, 2, 3, 2, 3, 3, 3, 2, 6, 2, 2, 2, 6, 2, 2, 3, 3, 3, 2, 2, 3, 3, 2, 2, 3, 2, 3, 3, 3, 2, 6]  Action Executed:[2, 0, 2, 3, 2, 2, 2, 3, 3, 2, 3, 2, 3, 3, 3, 3, 3, 3, 2, 2, 3, 3, 3, 3, 3, 2, 2, 2, 2, 3, 2, 3, 3, 3, 2, 2, 2, 2, 2, 2, 2, 2, 3, 3, 3, 2, 2, 3, 3, 2, 2, 3, 2, 3, 3, 3, 2, 2]
2021-09-16 20:38:54,721 :: INFO :: Line --> 91 :: episode:51  total reward:26.0  Path Followed:[0, 0, 4, 0, 4, 4, 8, 8, 9, 10, 9, 13, 14, 14, 14]  Action Executed:[2, 2, 0, 2, 0, 0, 3, 3, 1, 0, 1, 2, 1, 1, 1]
2021-09-16 20:38:57,090 :: INFO :: Line --> 91 :: episode:52  total reward:26.0  Path Followed:[0, 4, 8, 4, 8, 9, 13, 14, 13, 14, 13, 9, 8, 4, 4, 0, 0, 0, 0, 0, 1, 2, 2, 3, 3, 3, 2, 2, 2, 6, 2, 3, 2, 6]  Action Executed:[2, 0, 3, 0, 3, 1, 2, 1, 2, 1, 2, 1, 3, 0, 0, 2, 2, 2, 2, 2, 3, 2, 2, 3, 3, 3, 2, 2, 2, 2, 2, 3, 2, 2]
2021-09-16 20:38:58,262 :: INFO :: Line --> 91 :: episode:53  total reward:26.0  Path Followed:[0, 1, 1, 1, 0, 0, 4, 0, 0, 1, 0, 1, 2, 6]  Action Executed:[2, 3, 3, 3, 2, 2, 0, 2, 2, 3, 2, 3, 2, 2]
2021-09-16 20:38:59,609 :: INFO :: Line --> 91 :: episode:54  total reward:26.0  Path Followed:[0, 4, 0, 0, 0, 4, 4, 0, 1, 2, 3, 3, 3, 3, 2, 2, 6]  Action Executed:[2, 0, 2, 2, 2, 0, 0, 2, 3, 2, 3, 3, 3, 3, 2, 2, 2]
2021-09-16 20:39:00,338 :: INFO :: Line --> 91 :: episode:55  total reward:26.0  Path Followed:[0, 1, 2, 6, 2, 6]  Action Executed:[2, 3, 2, 2, 2, 2]
2021-09-16 20:39:04,301 :: INFO :: Line --> 91 :: episode:56  total reward:27.0  Path Followed:[0, 1, 1, 0, 0, 1, 1, 0, 4, 4, 8, 4, 8, 8, 9, 10, 9, 8, 8, 4, 4, 4, 4, 8, 8, 8, 8, 9, 10, 9, 13, 13, 13, 9, 10, 9, 13, 13, 9, 8, 8, 9, 13, 14, 13, 14]  Action Executed:[2, 3, 3, 2, 2, 3, 3, 2, 0, 0, 3, 0, 3, 3, 1, 0, 1, 3, 3, 0, 0, 0, 0, 3, 3, 3, 3, 1, 0, 1, 2, 2, 2, 1, 0, 1, 2, 2, 1, 3, 3, 1, 2, 1, 2, 1]
2021-09-16 20:39:06,334 :: INFO :: Line --> 91 :: episode:57  total reward:28.0  Path Followed:[0, 4, 0, 4, 0, 4, 4, 4, 8, 4, 8, 4, 4, 8, 9, 10, 6, 10, 6, 10, 14]  Action Executed:[2, 0, 2, 0, 2, 0, 0, 0, 3, 0, 3, 0, 0, 3, 1, 0, 2, 0, 2, 0, 1]
2021-09-16 20:39:10,258 :: INFO :: Line --> 91 :: episode:58  total reward:29.0  Path Followed:[0, 4, 0, 0, 1, 0, 1, 0, 1, 0, 1, 1, 2, 2, 2, 2, 3, 3, 3, 3, 3, 2, 2, 2, 2, 3, 2, 2, 6, 2, 2, 2, 6, 10, 9, 13, 13, 9, 8, 9, 10, 14, 14]  Action Executed:[2, 0, 2, 2, 3, 2, 3, 2, 3, 2, 3, 3, 2, 2, 2, 2, 3, 3, 3, 3, 3, 2, 2, 2, 2, 3, 2, 2, 2, 2, 2, 2, 2, 0, 1, 2, 2, 1, 3, 1, 0, 1, 1]
2021-09-16 20:39:12,717 :: INFO :: Line --> 91 :: episode:59  total reward:29.0  Path Followed:[0, 1, 0, 0, 4, 4, 0, 1, 1, 1, 2, 3, 2, 3, 3, 3, 3, 3, 3, 2, 3, 2, 2, 2, 6]  Action Executed:[2, 3, 2, 2, 0, 0, 2, 3, 3, 3, 2, 3, 2, 3, 3, 3, 3, 3, 3, 2, 3, 2, 2, 2, 2]
2021-09-16 20:39:14,144 :: INFO :: Line --> 91 :: episode:60  total reward:29.0  Path Followed:[0, 1, 1, 2, 2, 3, 2, 6, 2, 2, 3, 3, 3, 2, 6]  Action Executed:[2, 3, 3, 2, 2, 3, 2, 2, 2, 2, 3, 3, 3, 2, 2]
2021-09-16 20:39:16,081 :: INFO :: Line --> 91 :: episode:61  total reward:29.0  Path Followed:[0, 4, 4, 0, 4, 4, 8, 4, 0, 0, 4, 8, 4, 4, 0, 4, 0, 1, 1, 2, 6]  Action Executed:[2, 0, 0, 2, 0, 0, 3, 0, 2, 2, 0, 3, 0, 0, 2, 0, 2, 3, 3, 2, 2]
2021-09-16 20:39:20,809 :: INFO :: Line --> 91 :: episode:62  total reward:29.0  Path Followed:[0, 0, 4, 8, 4, 4, 0, 0, 1, 1, 1, 1, 0, 4, 8, 9, 10, 9, 8, 4, 0, 4, 8, 4, 0, 0, 4, 0, 0, 4, 8, 4, 0, 0, 0, 0, 4, 8, 4, 0, 4, 0, 0, 0, 4, 4, 0, 1, 0, 1, 0, 1, 2, 2, 3, 2, 6, 2, 2, 6]  Action Executed:[2, 2, 0, 3, 0, 0, 2, 2, 3, 3, 3, 3, 2, 0, 3, 1, 0, 1, 3, 0, 2, 0, 3, 0, 2, 2, 0, 2, 2, 0, 3, 0, 2, 2, 2, 2, 0, 3, 0, 2, 0, 2, 2, 2, 0, 0, 2, 3, 2, 3, 2, 3, 2, 2, 3, 2, 2, 2, 2, 2]
2021-09-16 20:39:22,127 :: INFO :: Line --> 91 :: episode:63  total reward:29.0  Path Followed:[0, 4, 8, 8, 9, 8, 4, 0, 1, 2, 6]  Action Executed:[2, 0, 3, 3, 1, 3, 0, 2, 3, 2, 2]
2021-09-16 20:39:24,899 :: INFO :: Line --> 91 :: episode:64  total reward:30.0  Path Followed:[0, 4, 0, 4, 4, 0, 0, 4, 0, 4, 8, 9, 10, 14, 13, 9, 10, 14, 14, 13, 13, 13, 9, 10, 9, 13, 14, 14, 14]  Action Executed:[2, 0, 2, 0, 0, 2, 2, 0, 2, 0, 3, 1, 0, 1, 2, 1, 0, 1, 1, 2, 2, 2, 1, 0, 1, 2, 1, 1, 1]
2021-09-16 20:39:25,789 :: INFO :: Line --> 91 :: episode:65  total reward:30.0  Path Followed:[0, 1, 2, 2, 6]  Action Executed:[2, 3, 2, 2, 2]
2021-09-16 20:39:26,711 :: INFO :: Line --> 91 :: episode:66  total reward:30.0  Path Followed:[0, 0, 4, 4, 0, 1, 2, 2, 6]  Action Executed:[2, 2, 0, 0, 2, 3, 2, 2, 2]
2021-09-16 20:39:30,765 :: INFO :: Line --> 91 :: episode:67  total reward:30.0  Path Followed:[0, 0, 1, 1, 1, 0, 0, 0, 0, 1, 0, 4, 8, 8, 4, 0, 4, 0, 4, 4, 8, 8, 8, 4, 4, 8, 4, 0, 0, 4, 0, 4, 4, 4, 4, 0, 0, 0, 0, 4, 0, 4, 4, 4, 0, 1, 1, 1, 1, 0, 0, 4, 8, 8, 9, 8, 4, 4, 0, 4, 0, 1, 1, 2, 2, 6]  Action Executed:[2, 2, 3, 3, 3, 2, 2, 2, 2, 3, 2, 0, 3, 3, 0, 2, 0, 2, 0, 0, 3, 3, 3, 0, 0, 3, 0, 2, 2, 0, 2, 0, 0, 0, 0, 2, 2, 2, 2, 0, 2, 0, 0, 0, 2, 3, 3, 3, 3, 2, 2, 0, 3, 3, 1, 3, 0, 0, 2, 0, 2, 3, 3, 2, 2, 2]
2021-09-16 20:39:31,796 :: INFO :: Line --> 91 :: episode:68  total reward:31.0  Path Followed:[0, 1, 1, 0, 4, 8, 8, 9, 10, 14]  Action Executed:[2, 3, 3, 2, 0, 3, 3, 1, 0, 1]
2021-09-16 20:39:33,402 :: INFO :: Line --> 91 :: episode:69  total reward:32.0  Path Followed:[0, 0, 0, 0, 1, 0, 4, 0, 0, 1, 2, 6, 10, 9, 13, 9, 13, 14]  Action Executed:[2, 2, 2, 2, 3, 2, 0, 2, 2, 3, 2, 2, 0, 1, 2, 1, 2, 1]
2021-09-16 20:39:37,225 :: INFO :: Line --> 91 :: episode:70  total reward:32.0  Path Followed:[0, 0, 4, 8, 4, 8, 4, 0, 4, 4, 0, 0, 4, 0, 1, 0, 4, 4, 0, 4, 4, 8, 9, 10, 9, 10, 6, 2, 2, 2, 2, 3, 2, 6, 10, 9, 8, 8, 9, 10, 9, 8, 8, 4, 8, 9, 10, 9, 10, 6]  Action Executed:[2, 2, 0, 3, 0, 3, 0, 2, 0, 0, 2, 2, 0, 2, 3, 2, 0, 0, 2, 0, 0, 3, 1, 0, 1, 0, 2, 2, 2, 2, 2, 3, 2, 2, 0, 1, 3, 3, 1, 0, 1, 3, 3, 0, 3, 1, 0, 1, 0, 2]
2021-09-16 20:39:37,850 :: INFO :: Line --> 91 :: episode:71  total reward:32.0  Path Followed:[0, 1, 1, 1, 2, 6]  Action Executed:[2, 3, 3, 3, 2, 2]
2021-09-16 20:39:38,917 :: INFO :: Line --> 91 :: episode:72  total reward:32.0  Path Followed:[0, 0, 4, 4, 8, 8, 4, 8, 8, 8, 8, 8, 9, 10, 6]  Action Executed:[2, 2, 0, 0, 3, 3, 0, 3, 3, 3, 3, 3, 1, 0, 2]
2021-09-16 20:39:41,191 :: INFO :: Line --> 91 :: episode:73  total reward:32.0  Path Followed:[0, 4, 4, 0, 1, 1, 1, 1, 0, 4, 0, 4, 0, 4, 4, 0, 1, 2, 2, 6, 10, 9, 10, 14, 13, 9, 8, 8, 4, 0, 1, 2, 6]  Action Executed:[2, 0, 0, 2, 3, 3, 3, 3, 2, 0, 2, 0, 2, 0, 0, 2, 3, 2, 2, 2, 0, 1, 0, 1, 2, 1, 3, 3, 0, 2, 3, 2, 2]
2021-09-16 20:39:42,267 :: INFO :: Line --> 91 :: episode:74  total reward:33.0  Path Followed:[0, 4, 8, 9, 8, 9, 10, 14, 14, 14, 13, 9, 10, 14, 14]  Action Executed:[2, 0, 3, 1, 3, 1, 0, 1, 1, 1, 2, 1, 0, 1, 1]
2021-09-16 20:39:43,452 :: INFO :: Line --> 91 :: episode:75  total reward:33.0  Path Followed:[0, 1, 2, 3, 2, 3, 3, 3, 3, 3, 3, 3, 3, 2, 6, 10, 6]  Action Executed:[2, 3, 2, 3, 2, 3, 3, 3, 3, 3, 3, 3, 3, 2, 2, 0, 2]
2021-09-16 20:39:44,276 :: INFO :: Line --> 91 :: episode:76  total reward:34.0  Path Followed:[0, 1, 0, 1, 2, 2, 2, 6, 10, 14]  Action Executed:[2, 3, 2, 3, 2, 2, 2, 2, 0, 1]
2021-09-16 20:39:46,581 :: INFO :: Line --> 91 :: episode:77  total reward:34.0  Path Followed:[0, 4, 8, 9, 13, 13, 9, 8, 4, 8, 9, 8, 8, 8, 9, 8, 9, 13, 13, 9, 8, 4, 0, 4, 8, 8, 4, 0, 1, 0, 0, 1, 1, 2, 6, 2, 2, 2, 6]  Action Executed:[2, 0, 3, 1, 2, 2, 1, 3, 0, 3, 1, 3, 3, 3, 1, 3, 1, 2, 2, 1, 3, 0, 2, 0, 3, 3, 0, 2, 3, 2, 2, 3, 3, 2, 2, 2, 2, 2, 2]
2021-09-16 20:39:47,108 :: INFO :: Line --> 91 :: episode:78  total reward:34.0  Path Followed:[0, 1, 2, 6]  Action Executed:[2, 3, 2, 2]
2021-09-16 20:39:48,229 :: INFO :: Line --> 91 :: episode:79  total reward:34.0  Path Followed:[0, 1, 2, 3, 2, 3, 2, 6, 2, 6]  Action Executed:[2, 3, 2, 3, 2, 3, 2, 2, 2, 2]
2021-09-16 20:39:49,721 :: INFO :: Line --> 91 :: episode:80  total reward:35.0  Path Followed:[0, 4, 4, 8, 9, 10, 9, 13, 14, 14, 13, 9, 13, 13, 14, 14]  Action Executed:[2, 0, 0, 3, 1, 0, 1, 2, 1, 1, 2, 1, 2, 2, 1, 1]
2021-09-16 20:39:51,220 :: INFO :: Line --> 91 :: episode:81  total reward:35.0  Path Followed:[0, 1, 1, 1, 0, 1, 0, 0, 1, 2, 2, 3, 3, 3, 2, 6]  Action Executed:[2, 3, 3, 3, 2, 3, 2, 2, 3, 2, 2, 3, 3, 3, 2, 2]
2021-09-16 20:39:52,371 :: INFO :: Line --> 91 :: episode:82  total reward:35.0  Path Followed:[0, 4, 4, 0, 0, 1, 1, 2, 2, 3, 2, 6]  Action Executed:[2, 0, 0, 2, 2, 3, 3, 2, 2, 3, 2, 2]
2021-09-16 20:39:53,205 :: INFO :: Line --> 91 :: episode:83  total reward:36.0  Path Followed:[0, 1, 2, 2, 6, 10, 14, 14, 14, 14]  Action Executed:[2, 3, 2, 2, 2, 0, 1, 1, 1, 1]
2021-09-16 20:39:54,402 :: INFO :: Line --> 91 :: episode:84  total reward:36.0  Path Followed:[0, 4, 0, 0, 4, 0, 1, 0, 1, 1, 1, 1, 1, 2, 2, 2, 6]  Action Executed:[2, 0, 2, 2, 0, 2, 3, 2, 3, 3, 3, 3, 3, 2, 2, 2, 2]
2021-09-16 20:39:55,905 :: INFO :: Line --> 91 :: episode:85  total reward:36.0  Path Followed:[0, 4, 4, 0, 1, 2, 3, 3, 2, 2, 2, 2, 3, 2, 2, 3, 3, 3, 2, 3, 2, 2, 6]  Action Executed:[2, 0, 0, 2, 3, 2, 3, 3, 2, 2, 2, 2, 3, 2, 2, 3, 3, 3, 2, 3, 2, 2, 2]
2021-09-16 20:39:56,502 :: INFO :: Line --> 91 :: episode:86  total reward:36.0  Path Followed:[0, 1, 2, 2, 6]  Action Executed:[2, 3, 2, 2, 2]
2021-09-16 20:39:57,560 :: INFO :: Line --> 91 :: episode:87  total reward:36.0  Path Followed:[0, 4, 8, 9, 8, 8, 4, 4, 0, 1, 1, 2, 2, 6]  Action Executed:[2, 0, 3, 1, 3, 3, 0, 0, 2, 3, 3, 2, 2, 2]
2021-09-16 20:40:00,556 :: INFO :: Line --> 91 :: episode:88  total reward:36.0  Path Followed:[0, 4, 0, 0, 4, 4, 8, 9, 10, 6, 2, 3, 3, 3, 3, 2, 3, 3, 3, 3, 3, 3, 3, 3, 3, 2, 3, 2, 3, 3, 3, 3, 3, 3, 3, 3, 3, 3, 3, 3, 2, 3, 2, 6]  Action Executed:[2, 0, 2, 2, 0, 0, 3, 1, 0, 2, 2, 3, 3, 3, 3, 2, 3, 3, 3, 3, 3, 3, 3, 3, 3, 2, 3, 2, 3, 3, 3, 3, 3, 3, 3, 3, 3, 3, 3, 3, 2, 3, 2, 2]
2021-09-16 20:40:02,483 :: INFO :: Line --> 91 :: episode:89  total reward:37.0  Path Followed:[0, 0, 1, 1, 0, 0, 4, 4, 4, 4, 4, 8, 9, 8, 9, 10, 9, 13, 9, 13, 14, 13, 9, 10, 14]  Action Executed:[2, 2, 3, 3, 2, 2, 0, 0, 0, 0, 0, 3, 1, 3, 1, 0, 1, 2, 1, 2, 1, 2, 1, 0, 1]
2021-09-16 20:40:04,214 :: INFO :: Line --> 91 :: episode:90  total reward:38.0  Path Followed:[0, 1, 0, 0, 1, 0, 4, 8, 9, 10, 14, 14, 13, 14, 13, 14, 13, 13, 9, 13, 14]  Action Executed:[2, 3, 2, 2, 3, 2, 0, 3, 1, 0, 1, 1, 2, 1, 2, 1, 2, 2, 1, 2, 1]
2021-09-16 20:40:07,223 :: INFO :: Line --> 91 :: episode:91  total reward:39.0  Path Followed:[0, 4, 8, 8, 8, 8, 8, 8, 9, 8, 4, 8, 4, 4, 0, 1, 2, 3, 3, 3, 3, 3, 3, 3, 3, 2, 3, 2, 2, 6, 10, 14, 14]  Action Executed:[2, 0, 3, 3, 3, 3, 3, 3, 1, 3, 0, 3, 0, 0, 2, 3, 2, 3, 3, 3, 3, 3, 3, 3, 3, 2, 3, 2, 2, 2, 0, 1, 1]
2021-09-16 20:40:09,459 :: INFO :: Line --> 91 :: episode:92  total reward:39.0  Path Followed:[0, 4, 4, 4, 4, 4, 4, 8, 9, 10, 14, 13, 9, 8, 9, 10, 6, 2, 3, 2, 6, 2, 2, 6]  Action Executed:[2, 0, 0, 0, 0, 0, 0, 3, 1, 0, 1, 2, 1, 3, 1, 0, 2, 2, 3, 2, 2, 2, 2, 2]
2021-09-16 20:40:10,366 :: INFO :: Line --> 91 :: episode:93  total reward:39.0  Path Followed:[0, 0, 0, 1, 0, 1, 2, 6]  Action Executed:[2, 2, 2, 3, 2, 3, 2, 2]
2021-09-16 20:40:13,326 :: INFO :: Line --> 91 :: episode:94  total reward:40.0  Path Followed:[0, 4, 0, 1, 0, 0, 1, 0, 0, 1, 1, 2, 2, 3, 3, 3, 2, 3, 2, 3, 3, 2, 3, 3, 3, 2, 3, 3, 3, 3, 2, 3, 2, 6, 10, 6, 10, 14, 14, 13, 14]  Action Executed:[2, 0, 2, 3, 2, 2, 3, 2, 2, 3, 3, 2, 2, 3, 3, 3, 2, 3, 2, 3, 3, 2, 3, 3, 3, 2, 3, 3, 3, 3, 2, 3, 2, 2, 0, 2, 0, 1, 1, 2, 1]
2021-09-16 20:40:15,357 :: INFO :: Line --> 91 :: episode:95  total reward:41.0  Path Followed:[0, 4, 4, 0, 0, 0, 1, 0, 1, 1, 2, 3, 2, 6, 2, 2, 3, 2, 2, 3, 2, 6, 10, 9, 13, 13, 9, 13, 9, 10, 14]  Action Executed:[2, 0, 0, 2, 2, 2, 3, 2, 3, 3, 2, 3, 2, 2, 2, 2, 3, 2, 2, 3, 2, 2, 0, 1, 2, 2, 1, 2, 1, 0, 1]
2021-09-16 20:40:16,000 :: INFO :: Line --> 91 :: episode:96  total reward:41.0  Path Followed:[0, 1, 2, 6, 2, 6]  Action Executed:[2, 3, 2, 2, 2, 2]
2021-09-16 20:40:17,990 :: INFO :: Line --> 91 :: episode:97  total reward:41.0  Path Followed:[0, 1, 0, 4, 0, 0, 0, 4, 4, 4, 0, 4, 0, 4, 8, 8, 4, 8, 8, 4, 0, 1, 2, 3, 3, 2, 3, 2, 6, 2, 6]  Action Executed:[2, 3, 2, 0, 2, 2, 2, 0, 0, 0, 2, 0, 2, 0, 3, 3, 0, 3, 3, 0, 2, 3, 2, 3, 3, 2, 3, 2, 2, 2, 2]
2021-09-16 20:40:20,494 :: INFO :: Line --> 91 :: episode:98  total reward:41.0  Path Followed:[0, 0, 0, 1, 0, 4, 8, 8, 4, 4, 0, 1, 2, 3, 3, 2, 2, 3, 3, 3, 3, 3, 2, 2, 2, 6, 10, 9, 10, 9, 10, 14, 13, 13, 14, 13, 9, 10, 6]  Action Executed:[2, 2, 2, 3, 2, 0, 3, 3, 0, 0, 2, 3, 2, 3, 3, 2, 2, 3, 3, 3, 3, 3, 2, 2, 2, 2, 0, 1, 0, 1, 0, 1, 2, 2, 1, 2, 1, 0, 2]
2021-09-16 20:40:21,234 :: INFO :: Line --> 91 :: episode:99  total reward:41.0  Path Followed:[0, 0, 1, 1, 2, 6]  Action Executed:[2, 2, 3, 3, 2, 2]
2021-09-16 20:40:25,825 :: INFO :: Line --> 91 :: episode:100  total reward:41.0  Path Followed:[0, 0, 4, 4, 0, 1, 1, 0, 4, 0, 1, 0, 1, 1, 1, 1, 0, 1, 0, 4, 4, 8, 9, 8, 9, 8, 8, 9, 8, 4, 0, 4, 0, 4, 8, 4, 4, 0, 0, 1, 0, 4, 4, 4, 0, 4, 8, 8, 9, 8, 8, 9, 10, 9, 8, 8, 4, 8, 4, 0, 1, 2, 3, 2, 3, 2, 6]  Action Executed:[2, 2, 0, 0, 2, 3, 3, 2, 0, 2, 3, 2, 3, 3, 3, 3, 2, 3, 2, 0, 0, 3, 1, 3, 1, 3, 3, 1, 3, 0, 2, 0, 2, 0, 3, 0, 0, 2, 2, 3, 2, 0, 0, 0, 2, 0, 3, 3, 1, 3, 3, 1, 0, 1, 3, 3, 0, 3, 0, 2, 3, 2, 3, 2, 3, 2, 2]
2021-09-16 20:40:26,267 :: INFO :: Line --> 101 :: episode:100  total reward:41.0  Model Accuracy:41.0
