2021-09-16 20:45:34,049 :: INFO :: Line --> 27 :: Inference Game with Model FrozenLake-v1_16-Sep-2021_15-53-31.h5
2021-09-16 20:45:34,049 :: INFO :: Line --> 28 :: --------------------------------------------------------------------------------------------------------------------------------
2021-09-16 20:45:34,662 :: WARNING :: Line --> 629 :: Model was constructed with shape (None, 16) for input KerasTensor(type_spec=TensorSpec(shape=(None, 16), dtype=tf.float32, name='dense_input'), name='dense_input', description="created by layer 'dense_input'"), but it was called on an input with incompatible shape (None, 1, 16).
2021-09-16 20:45:35,611 :: INFO :: Line --> 91 :: episode:1  total reward:0.0  Path Followed:[0, 0, 1, 0, 1, 0, 1, 2, 6, 10, 6, 2, 6]  Action Executed:[2, 2, 3, 2, 3, 2, 3, 2, 2, 0, 2, 2, 2]
2021-09-16 20:45:37,177 :: INFO :: Line --> 91 :: episode:2  total reward:0.0  Path Followed:[0, 4, 8, 8, 8, 8, 4, 0, 1, 1, 0, 4, 0, 1, 1, 0, 4, 8, 9, 10, 9, 8, 9, 13, 9, 10, 6]  Action Executed:[2, 0, 3, 3, 3, 3, 0, 2, 3, 3, 2, 0, 2, 3, 3, 2, 0, 3, 1, 0, 1, 3, 1, 2, 1, 0, 2]
2021-09-16 20:45:39,327 :: INFO :: Line --> 91 :: episode:3  total reward:1.0  Path Followed:[0, 4, 4, 4, 0, 1, 2, 3, 3, 2, 3, 3, 3, 3, 3, 3, 3, 3, 3, 3, 2, 2, 2, 3, 2, 6, 10, 6, 2, 2, 2, 2, 6, 10, 6, 10, 14]  Action Executed:[2, 0, 0, 0, 2, 3, 2, 3, 3, 2, 3, 3, 3, 3, 3, 3, 3, 3, 3, 3, 2, 2, 2, 3, 2, 2, 0, 2, 2, 2, 2, 2, 2, 0, 2, 0, 1]
2021-09-16 20:45:40,253 :: INFO :: Line --> 91 :: episode:4  total reward:2.0  Path Followed:[0, 4, 4, 8, 4, 8, 8, 9, 13, 13, 13, 14]  Action Executed:[2, 0, 0, 3, 0, 3, 3, 1, 2, 2, 2, 1]
2021-09-16 20:45:43,583 :: INFO :: Line --> 91 :: episode:5  total reward:2.0  Path Followed:[0, 4, 8, 8, 4, 8, 4, 4, 0, 0, 1, 0, 0, 4, 8, 4, 8, 4, 8, 9, 13, 9, 10, 9, 10, 9, 13, 9, 8, 9, 8, 8, 8, 4, 4, 8, 8, 8, 4, 8, 8, 4, 0, 1, 1, 1, 0, 0, 1, 0, 1, 2, 2, 6]  Action Executed:[2, 0, 3, 3, 0, 3, 0, 0, 2, 2, 3, 2, 2, 0, 3, 0, 3, 0, 3, 1, 2, 1, 0, 1, 0, 1, 2, 1, 3, 1, 3, 3, 3, 0, 0, 3, 3, 3, 0, 3, 3, 0, 2, 3, 3, 3, 2, 2, 3, 2, 3, 2, 2, 2]
2021-09-16 20:45:45,794 :: INFO :: Line --> 91 :: episode:6  total reward:3.0  Path Followed:[0, 4, 8, 4, 4, 8, 9, 13, 13, 9, 10, 9, 8, 4, 0, 0, 0, 0, 0, 0, 1, 1, 1, 0, 0, 0, 1, 0, 0, 4, 8, 9, 10, 6, 10, 14, 13, 14]  Action Executed:[2, 0, 3, 0, 0, 3, 1, 2, 2, 1, 0, 1, 3, 0, 2, 2, 2, 2, 2, 2, 3, 3, 3, 2, 2, 2, 3, 2, 2, 0, 3, 1, 0, 2, 0, 1, 2, 1]
2021-09-16 20:45:47,732 :: INFO :: Line --> 91 :: episode:7  total reward:3.0  Path Followed:[0, 4, 0, 0, 4, 4, 4, 0, 0, 4, 4, 4, 0, 4, 4, 0, 4, 0, 0, 0, 1, 0, 4, 4, 0, 4, 0, 1, 2, 6]  Action Executed:[2, 0, 2, 2, 0, 0, 0, 2, 2, 0, 0, 0, 2, 0, 0, 2, 0, 2, 2, 2, 3, 2, 0, 0, 2, 0, 2, 3, 2, 2]
2021-09-16 20:45:48,368 :: INFO :: Line --> 91 :: episode:8  total reward:3.0  Path Followed:[0, 0, 1, 2, 6, 10, 6]  Action Executed:[2, 2, 3, 2, 2, 0, 2]
2021-09-16 20:45:49,516 :: INFO :: Line --> 91 :: episode:9  total reward:3.0  Path Followed:[0, 1, 2, 2, 6, 2, 2, 2, 3, 3, 2, 2, 3, 2, 2, 2, 6]  Action Executed:[2, 3, 2, 2, 2, 2, 2, 2, 3, 3, 2, 2, 3, 2, 2, 2, 2]
2021-09-16 20:45:50,762 :: INFO :: Line --> 91 :: episode:10  total reward:4.0  Path Followed:[0, 0, 0, 1, 2, 6, 2, 3, 3, 2, 6, 2, 2, 6, 10, 9, 10, 14, 14]  Action Executed:[2, 2, 2, 3, 2, 2, 2, 3, 3, 2, 2, 2, 2, 2, 0, 1, 0, 1, 1]
2021-09-16 20:45:52,058 :: INFO :: Line --> 91 :: episode:11  total reward:5.0  Path Followed:[0, 0, 0, 0, 4, 4, 0, 0, 4, 4, 0, 4, 8, 8, 9, 8, 8, 9, 10, 14]  Action Executed:[2, 2, 2, 2, 0, 0, 2, 2, 0, 0, 2, 0, 3, 3, 1, 3, 3, 1, 0, 1]
2021-09-16 20:45:53,106 :: INFO :: Line --> 91 :: episode:12  total reward:5.0  Path Followed:[0, 1, 1, 1, 2, 3, 3, 3, 3, 3, 3, 3, 3, 2, 6]  Action Executed:[2, 3, 3, 3, 2, 3, 3, 3, 3, 3, 3, 3, 3, 2, 2]
2021-09-16 20:45:53,734 :: INFO :: Line --> 91 :: episode:13  total reward:5.0  Path Followed:[0, 1, 2, 2, 6, 10, 6]  Action Executed:[2, 3, 2, 2, 2, 0, 2]
2021-09-16 20:45:54,266 :: INFO :: Line --> 91 :: episode:14  total reward:5.0  Path Followed:[0, 0, 1, 2, 6]  Action Executed:[2, 2, 3, 2, 2]
2021-09-16 20:45:59,416 :: INFO :: Line --> 91 :: episode:15  total reward:5.0  Path Followed:[0, 4, 0, 1, 1, 2, 2, 6, 10, 9, 10, 9, 8, 8, 4, 0, 0, 0, 1, 1, 2, 6, 2, 3, 2, 3, 3, 3, 2, 2, 2, 3, 3, 3, 2, 2, 3, 3, 3, 3, 3, 3, 3, 3, 3, 2, 2, 3, 2, 3, 3, 2, 6, 10, 14, 14, 14, 14, 13, 13, 14, 13, 13, 14, 14, 14, 13, 14, 13, 9, 10, 14, 13, 13, 13, 9, 10, 14, 13, 9, 10, 14, 14, 13, 9, 8, 9, 8, 8, 8, 9, 10, 9, 10, 6]  Action Executed:[2, 0, 2, 3, 3, 2, 2, 2, 0, 1, 0, 1, 3, 3, 0, 2, 2, 2, 3, 3, 2, 2, 2, 3, 2, 3, 3, 3, 2, 2, 2, 3, 3, 3, 2, 2, 3, 3, 3, 3, 3, 3, 3, 3, 3, 2, 2, 3, 2, 3, 3, 2, 2, 0, 1, 1, 1, 1, 2, 2, 1, 2, 2, 1, 1, 1, 2, 1, 2, 1, 0, 1, 2, 2, 2, 1, 0, 1, 2, 1, 0, 1, 1, 2, 1, 3, 1, 3, 3, 3, 1, 0, 1, 0, 2]
2021-09-16 20:46:02,939 :: INFO :: Line --> 91 :: episode:16  total reward:6.0  Path Followed:[0, 0, 1, 0, 4, 0, 4, 8, 4, 8, 9, 13, 13, 13, 13, 9, 13, 9, 8, 9, 13, 14, 13, 14, 13, 14, 14, 14, 13, 13, 13, 9, 13, 9, 10, 9, 8, 8, 9, 8, 9, 13, 13, 13, 13, 13, 14, 14, 13, 9, 13, 9, 10, 9, 8, 4, 8, 9, 8, 9, 13, 13, 14]  Action Executed:[2, 2, 3, 2, 0, 2, 0, 3, 0, 3, 1, 2, 2, 2, 2, 1, 2, 1, 3, 1, 2, 1, 2, 1, 2, 1, 1, 1, 2, 2, 2, 1, 2, 1, 0, 1, 3, 3, 1, 3, 1, 2, 2, 2, 2, 2, 1, 1, 2, 1, 2, 1, 0, 1, 3, 0, 3, 1, 3, 1, 2, 2, 1]
2021-09-16 20:46:03,432 :: INFO :: Line --> 91 :: episode:17  total reward:6.0  Path Followed:[0, 1, 2, 6]  Action Executed:[2, 3, 2, 2]
2021-09-16 20:46:05,676 :: INFO :: Line --> 91 :: episode:18  total reward:7.0  Path Followed:[0, 0, 0, 4, 4, 0, 4, 8, 4, 4, 4, 0, 1, 1, 0, 0, 0, 0, 4, 4, 0, 4, 8, 8, 4, 8, 4, 8, 8, 9, 8, 9, 8, 8, 9, 10, 14, 14]  Action Executed:[2, 2, 2, 0, 0, 2, 0, 3, 0, 0, 0, 2, 3, 3, 2, 2, 2, 2, 0, 0, 2, 0, 3, 3, 0, 3, 0, 3, 3, 1, 3, 1, 3, 3, 1, 0, 1, 1]
2021-09-16 20:46:08,659 :: INFO :: Line --> 91 :: episode:19  total reward:7.0  Path Followed:[0, 1, 0, 1, 1, 2, 3, 2, 3, 2, 2, 2, 3, 2, 6, 10, 14, 13, 13, 14, 13, 9, 8, 4, 4, 4, 4, 0, 4, 8, 9, 10, 6, 2, 2, 3, 2, 6, 2, 3, 3, 3, 3, 3, 3, 3, 3, 2, 2, 2, 2, 6]  Action Executed:[2, 3, 2, 3, 3, 2, 3, 2, 3, 2, 2, 2, 3, 2, 2, 0, 1, 2, 2, 1, 2, 1, 3, 0, 0, 0, 0, 2, 0, 3, 1, 0, 2, 2, 2, 3, 2, 2, 2, 3, 3, 3, 3, 3, 3, 3, 3, 2, 2, 2, 2, 2]
2021-09-16 20:46:10,605 :: INFO :: Line --> 91 :: episode:20  total reward:7.0  Path Followed:[0, 0, 4, 0, 0, 4, 4, 0, 1, 1, 0, 4, 8, 8, 4, 4, 8, 8, 4, 8, 4, 8, 8, 9, 8, 4, 0, 1, 2, 3, 2, 6]  Action Executed:[2, 2, 0, 2, 2, 0, 0, 2, 3, 3, 2, 0, 3, 3, 0, 0, 3, 3, 0, 3, 0, 3, 3, 1, 3, 0, 2, 3, 2, 3, 2, 2]
2021-09-16 20:46:12,293 :: INFO :: Line --> 91 :: episode:21  total reward:7.0  Path Followed:[0, 4, 4, 8, 8, 4, 8, 9, 8, 8, 9, 8, 4, 4, 0, 4, 4, 8, 8, 8, 8, 4, 0, 1, 1, 2, 6]  Action Executed:[2, 0, 0, 3, 3, 0, 3, 1, 3, 3, 1, 3, 0, 0, 2, 0, 0, 3, 3, 3, 3, 0, 2, 3, 3, 2, 2]
2021-09-16 20:46:14,354 :: INFO :: Line --> 91 :: episode:22  total reward:7.0  Path Followed:[0, 1, 1, 1, 1, 1, 0, 4, 0, 4, 4, 8, 4, 0, 1, 1, 0, 1, 0, 0, 4, 8, 4, 8, 8, 8, 8, 8, 9, 10, 6]  Action Executed:[2, 3, 3, 3, 3, 3, 2, 0, 2, 0, 0, 3, 0, 2, 3, 3, 2, 3, 2, 2, 0, 3, 0, 3, 3, 3, 3, 3, 1, 0, 2]
2021-09-16 20:46:18,988 :: INFO :: Line --> 91 :: episode:23  total reward:8.0  Path Followed:[0, 4, 4, 4, 4, 0, 4, 8, 9, 10, 6, 10, 6, 2, 2, 2, 2, 6, 10, 9, 10, 9, 10, 14, 13, 9, 8, 9, 13, 9, 8, 8, 8, 4, 0, 1, 2, 3, 2, 2, 3, 2, 2, 2, 2, 2, 6, 2, 3, 2, 6, 10, 14, 14, 13, 9, 13, 14, 13, 13, 14, 13, 9, 10, 9, 8, 4, 4, 8, 8, 8, 9, 13, 13, 9, 8, 9, 8, 4, 8, 9, 13, 14]  Action Executed:[2, 0, 0, 0, 0, 2, 0, 3, 1, 0, 2, 0, 2, 2, 2, 2, 2, 2, 0, 1, 0, 1, 0, 1, 2, 1, 3, 1, 2, 1, 3, 3, 3, 0, 2, 3, 2, 3, 2, 2, 3, 2, 2, 2, 2, 2, 2, 2, 3, 2, 2, 0, 1, 1, 2, 1, 2, 1, 2, 2, 1, 2, 1, 0, 1, 3, 0, 0, 3, 3, 3, 1, 2, 2, 1, 3, 1, 3, 0, 3, 1, 2, 1]
2021-09-16 20:46:19,784 :: INFO :: Line --> 91 :: episode:24  total reward:8.0  Path Followed:[0, 1, 0, 1, 0, 0, 1, 2, 2, 6]  Action Executed:[2, 3, 2, 3, 2, 2, 3, 2, 2, 2]
2021-09-16 20:46:20,424 :: INFO :: Line --> 91 :: episode:25  total reward:8.0  Path Followed:[0, 1, 1, 2, 6, 2, 6]  Action Executed:[2, 3, 3, 2, 2, 2, 2]
2021-09-16 20:46:23,814 :: INFO :: Line --> 91 :: episode:26  total reward:8.0  Path Followed:[0, 0, 0, 0, 1, 0, 4, 0, 1, 0, 1, 0, 1, 1, 0, 0, 4, 0, 1, 2, 3, 3, 3, 2, 6, 10, 14, 13, 14, 13, 9, 8, 8, 9, 8, 8, 9, 8, 8, 4, 8, 4, 8, 4, 0, 1, 2, 3, 3, 3, 3, 3, 3, 2, 3, 2, 2, 6, 2, 6]  Action Executed:[2, 2, 2, 2, 3, 2, 0, 2, 3, 2, 3, 2, 3, 3, 2, 2, 0, 2, 3, 2, 3, 3, 3, 2, 2, 0, 1, 2, 1, 2, 1, 3, 3, 1, 3, 3, 1, 3, 3, 0, 3, 0, 3, 0, 2, 3, 2, 3, 3, 3, 3, 3, 3, 2, 3, 2, 2, 2, 2, 2]
2021-09-16 20:46:24,820 :: INFO :: Line --> 91 :: episode:27  total reward:8.0  Path Followed:[0, 0, 4, 4, 0, 0, 0, 0, 4, 0, 1, 2, 2, 6]  Action Executed:[2, 2, 0, 0, 2, 2, 2, 2, 0, 2, 3, 2, 2, 2]
2021-09-16 20:46:25,825 :: INFO :: Line --> 91 :: episode:28  total reward:9.0  Path Followed:[0, 0, 1, 0, 4, 4, 8, 8, 9, 8, 8, 9, 13, 14]  Action Executed:[2, 2, 3, 2, 0, 0, 3, 3, 1, 3, 3, 1, 2, 1]
2021-09-16 20:46:27,343 :: INFO :: Line --> 91 :: episode:29  total reward:10.0  Path Followed:[0, 0, 4, 4, 8, 9, 10, 9, 10, 9, 8, 9, 10, 9, 13, 9, 10, 9, 13, 13, 9, 10, 14, 14]  Action Executed:[2, 2, 0, 0, 3, 1, 0, 1, 0, 1, 3, 1, 0, 1, 2, 1, 0, 1, 2, 2, 1, 0, 1, 1]
2021-09-16 20:46:29,172 :: INFO :: Line --> 91 :: episode:30  total reward:10.0  Path Followed:[0, 4, 4, 4, 0, 1, 2, 6, 2, 3, 3, 3, 2, 3, 3, 2, 6, 2, 3, 2, 2, 2, 3, 2, 2, 2, 2, 2, 2, 6]  Action Executed:[2, 0, 0, 0, 2, 3, 2, 2, 2, 3, 3, 3, 2, 3, 3, 2, 2, 2, 3, 2, 2, 2, 3, 2, 2, 2, 2, 2, 2, 2]
2021-09-16 20:46:30,442 :: INFO :: Line --> 91 :: episode:31  total reward:10.0  Path Followed:[0, 4, 4, 0, 0, 1, 2, 6, 10, 9, 13, 13, 9, 10, 9, 10, 6, 2, 6]  Action Executed:[2, 0, 0, 2, 2, 3, 2, 2, 0, 1, 2, 2, 1, 0, 1, 0, 2, 2, 2]
2021-09-16 20:46:31,812 :: INFO :: Line --> 91 :: episode:32  total reward:10.0  Path Followed:[0, 4, 0, 1, 1, 1, 2, 6, 10, 6, 2, 2, 3, 3, 2, 6, 2, 2, 6, 2, 6]  Action Executed:[2, 0, 2, 3, 3, 3, 2, 2, 0, 2, 2, 2, 3, 3, 2, 2, 2, 2, 2, 2, 2]
2021-09-16 20:46:33,031 :: INFO :: Line --> 91 :: episode:33  total reward:11.0  Path Followed:[0, 0, 1, 0, 1, 0, 0, 4, 8, 9, 10, 6, 10, 9, 13, 13, 13, 14]  Action Executed:[2, 2, 3, 2, 3, 2, 2, 0, 3, 1, 0, 2, 0, 1, 2, 2, 2, 1]
2021-09-16 20:46:33,726 :: INFO :: Line --> 91 :: episode:34  total reward:11.0  Path Followed:[0, 4, 8, 9, 10, 9, 10, 6]  Action Executed:[2, 0, 3, 1, 0, 1, 0, 2]
2021-09-16 20:46:34,294 :: INFO :: Line --> 91 :: episode:35  total reward:11.0  Path Followed:[0, 1, 1, 2, 6]  Action Executed:[2, 3, 3, 2, 2]
2021-09-16 20:46:36,994 :: INFO :: Line --> 91 :: episode:36  total reward:11.0  Path Followed:[0, 4, 0, 4, 4, 4, 0, 1, 1, 0, 1, 2, 3, 3, 3, 3, 3, 3, 3, 3, 2, 2, 2, 3, 3, 3, 3, 3, 3, 3, 2, 3, 3, 3, 2, 3, 3, 2, 2, 2, 3, 2, 3, 3, 2, 6]  Action Executed:[2, 0, 2, 0, 0, 0, 2, 3, 3, 2, 3, 2, 3, 3, 3, 3, 3, 3, 3, 3, 2, 2, 2, 3, 3, 3, 3, 3, 3, 3, 2, 3, 3, 3, 2, 3, 3, 2, 2, 2, 3, 2, 3, 3, 2, 2]
2021-09-16 20:46:41,332 :: INFO :: Line --> 91 :: episode:37  total reward:12.0  Path Followed:[0, 4, 4, 0, 0, 4, 8, 4, 0, 4, 0, 1, 1, 1, 2, 2, 3, 2, 3, 3, 3, 3, 3, 2, 6, 10, 9, 10, 6, 2, 6, 10, 14, 14, 13, 14, 13, 13, 9, 8, 9, 8, 4, 8, 8, 8, 4, 0, 0, 4, 0, 1, 0, 0, 4, 4, 0, 0, 4, 8, 9, 8, 4, 4, 4, 4, 8, 9, 10, 9, 13, 14, 14, 14, 14]  Action Executed:[2, 0, 0, 2, 2, 0, 3, 0, 2, 0, 2, 3, 3, 3, 2, 2, 3, 2, 3, 3, 3, 3, 3, 2, 2, 0, 1, 0, 2, 2, 2, 0, 1, 1, 2, 1, 2, 2, 1, 3, 1, 3, 0, 3, 3, 3, 0, 2, 2, 0, 2, 3, 2, 2, 0, 0, 2, 2, 0, 3, 1, 3, 0, 0, 0, 0, 3, 1, 0, 1, 2, 1, 1, 1, 1]
2021-09-16 20:46:42,602 :: INFO :: Line --> 91 :: episode:38  total reward:13.0  Path Followed:[0, 0, 4, 8, 4, 4, 8, 4, 4, 4, 8, 9, 8, 8, 9, 13, 13, 14, 14]  Action Executed:[2, 2, 0, 3, 0, 0, 3, 0, 0, 0, 3, 1, 3, 3, 1, 2, 2, 1, 1]
2021-09-16 20:46:43,251 :: INFO :: Line --> 91 :: episode:39  total reward:13.0  Path Followed:[0, 1, 2, 2, 2, 2, 6]  Action Executed:[2, 3, 2, 2, 2, 2, 2]
2021-09-16 20:46:46,091 :: INFO :: Line --> 91 :: episode:40  total reward:13.0  Path Followed:[0, 4, 8, 9, 8, 4, 4, 4, 4, 8, 9, 10, 6, 10, 6, 10, 9, 8, 8, 8, 9, 8, 9, 8, 4, 8, 9, 10, 6, 10, 9, 10, 14, 13, 9, 8, 9, 8, 9, 8, 4, 4, 0, 0, 1, 1, 1, 2, 6]  Action Executed:[2, 0, 3, 1, 3, 0, 0, 0, 0, 3, 1, 0, 2, 0, 2, 0, 1, 3, 3, 3, 1, 3, 1, 3, 0, 3, 1, 0, 2, 0, 1, 0, 1, 2, 1, 3, 1, 3, 1, 3, 0, 0, 2, 2, 3, 3, 3, 2, 2]
2021-09-16 20:46:46,847 :: INFO :: Line --> 91 :: episode:41  total reward:13.0  Path Followed:[0, 1, 0, 0, 1, 1, 2, 2, 6]  Action Executed:[2, 3, 2, 2, 3, 3, 2, 2, 2]
2021-09-16 20:46:47,927 :: INFO :: Line --> 91 :: episode:42  total reward:14.0  Path Followed:[0, 1, 0, 1, 0, 4, 8, 8, 8, 4, 8, 9, 13, 14, 14]  Action Executed:[2, 3, 2, 3, 2, 0, 3, 3, 3, 0, 3, 1, 2, 1, 1]
2021-09-16 20:46:50,143 :: INFO :: Line --> 91 :: episode:43  total reward:14.0  Path Followed:[0, 1, 1, 1, 0, 4, 0, 1, 0, 1, 1, 2, 3, 2, 6, 10, 6, 2, 3, 3, 3, 3, 2, 2, 2, 3, 3, 3, 3, 2, 2, 3, 3, 3, 3, 2, 6]  Action Executed:[2, 3, 3, 3, 2, 0, 2, 3, 2, 3, 3, 2, 3, 2, 2, 0, 2, 2, 3, 3, 3, 3, 2, 2, 2, 3, 3, 3, 3, 2, 2, 3, 3, 3, 3, 2, 2]
2021-09-16 20:46:51,108 :: INFO :: Line --> 91 :: episode:44  total reward:15.0  Path Followed:[0, 0, 4, 8, 9, 8, 4, 8, 9, 10, 9, 13, 14]  Action Executed:[2, 2, 0, 3, 1, 3, 0, 3, 1, 0, 1, 2, 1]
2021-09-16 20:46:52,966 :: INFO :: Line --> 91 :: episode:45  total reward:16.0  Path Followed:[0, 0, 1, 0, 4, 4, 0, 0, 0, 4, 0, 0, 4, 8, 8, 4, 0, 1, 2, 3, 3, 3, 2, 6, 10, 9, 13, 14, 13, 14]  Action Executed:[2, 2, 3, 2, 0, 0, 2, 2, 2, 0, 2, 2, 0, 3, 3, 0, 2, 3, 2, 3, 3, 3, 2, 2, 0, 1, 2, 1, 2, 1]
2021-09-16 20:46:54,972 :: INFO :: Line --> 91 :: episode:46  total reward:16.0  Path Followed:[0, 0, 4, 8, 4, 0, 4, 0, 1, 2, 6, 10, 9, 8, 9, 8, 9, 8, 8, 4, 4, 4, 0, 1, 2, 6, 2, 3, 2, 2, 2, 2, 6]  Action Executed:[2, 2, 0, 3, 0, 2, 0, 2, 3, 2, 2, 0, 1, 3, 1, 3, 1, 3, 3, 0, 0, 0, 2, 3, 2, 2, 2, 3, 2, 2, 2, 2, 2]
2021-09-16 20:46:56,206 :: INFO :: Line --> 91 :: episode:47  total reward:17.0  Path Followed:[0, 4, 4, 0, 4, 4, 4, 4, 4, 4, 4, 8, 8, 8, 9, 13, 13, 14]  Action Executed:[2, 0, 0, 2, 0, 0, 0, 0, 0, 0, 0, 3, 3, 3, 1, 2, 2, 1]
2021-09-16 20:46:58,483 :: INFO :: Line --> 91 :: episode:48  total reward:17.0  Path Followed:[0, 0, 4, 4, 8, 8, 8, 4, 0, 4, 0, 0, 0, 0, 4, 8, 8, 4, 8, 9, 13, 9, 8, 4, 4, 0, 4, 8, 4, 4, 0, 0, 1, 1, 0, 1, 2, 6]  Action Executed:[2, 2, 0, 0, 3, 3, 3, 0, 2, 0, 2, 2, 2, 2, 0, 3, 3, 0, 3, 1, 2, 1, 3, 0, 0, 2, 0, 3, 0, 0, 2, 2, 3, 3, 2, 3, 2, 2]
2021-09-16 20:47:00,288 :: INFO :: Line --> 91 :: episode:49  total reward:18.0  Path Followed:[0, 0, 4, 8, 8, 4, 0, 1, 2, 3, 3, 3, 3, 3, 3, 3, 3, 2, 6, 2, 3, 2, 2, 6, 10, 14, 14, 14, 14]  Action Executed:[2, 2, 0, 3, 3, 0, 2, 3, 2, 3, 3, 3, 3, 3, 3, 3, 3, 2, 2, 2, 3, 2, 2, 2, 0, 1, 1, 1, 1]
2021-09-16 20:47:01,932 :: INFO :: Line --> 91 :: episode:50  total reward:19.0  Path Followed:[0, 0, 0, 1, 1, 1, 0, 4, 4, 4, 8, 8, 4, 4, 8, 8, 4, 8, 8, 9, 13, 9, 10, 14, 14, 14]  Action Executed:[2, 2, 2, 3, 3, 3, 2, 0, 0, 0, 3, 3, 0, 0, 3, 3, 0, 3, 3, 1, 2, 1, 0, 1, 1, 1]
2021-09-16 20:47:03,476 :: INFO :: Line --> 91 :: episode:51  total reward:19.0  Path Followed:[0, 0, 4, 8, 8, 9, 13, 13, 13, 13, 13, 13, 9, 8, 8, 8, 9, 8, 8, 9, 10, 6, 2, 6]  Action Executed:[2, 2, 0, 3, 3, 1, 2, 2, 2, 2, 2, 2, 1, 3, 3, 3, 1, 3, 3, 1, 0, 2, 2, 2]
2021-09-16 20:47:05,347 :: INFO :: Line --> 91 :: episode:52  total reward:19.0  Path Followed:[0, 1, 0, 1, 1, 1, 1, 1, 2, 2, 2, 6, 2, 2, 6, 2, 6, 2, 3, 2, 2, 3, 3, 3, 2, 3, 3, 2, 2, 6]  Action Executed:[2, 3, 2, 3, 3, 3, 3, 3, 2, 2, 2, 2, 2, 2, 2, 2, 2, 2, 3, 2, 2, 3, 3, 3, 2, 3, 3, 2, 2, 2]
2021-09-16 20:47:06,321 :: INFO :: Line --> 91 :: episode:53  total reward:20.0  Path Followed:[0, 1, 2, 2, 3, 2, 3, 3, 2, 6, 10, 14, 14]  Action Executed:[2, 3, 2, 2, 3, 2, 3, 3, 2, 2, 0, 1, 1]
2021-09-16 20:47:09,757 :: INFO :: Line --> 91 :: episode:54  total reward:21.0  Path Followed:[0, 0, 1, 0, 0, 0, 0, 0, 4, 8, 4, 8, 4, 0, 4, 8, 9, 13, 13, 14, 14, 13, 13, 9, 8, 4, 0, 0, 0, 0, 4, 8, 8, 8, 8, 4, 8, 8, 4, 0, 4, 0, 4, 8, 8, 4, 0, 4, 0, 1, 2, 2, 3, 2, 6, 10, 14]  Action Executed:[2, 2, 3, 2, 2, 2, 2, 2, 0, 3, 0, 3, 0, 2, 0, 3, 1, 2, 2, 1, 1, 2, 2, 1, 3, 0, 2, 2, 2, 2, 0, 3, 3, 3, 3, 0, 3, 3, 0, 2, 0, 2, 0, 3, 3, 0, 2, 0, 2, 3, 2, 2, 3, 2, 2, 0, 1]
2021-09-16 20:47:12,794 :: INFO :: Line --> 91 :: episode:55  total reward:21.0  Path Followed:[0, 4, 0, 0, 4, 8, 4, 0, 4, 0, 4, 0, 1, 0, 1, 0, 1, 1, 2, 2, 6, 2, 6, 2, 6, 10, 6, 2, 2, 6, 2, 2, 3, 3, 3, 3, 3, 3, 3, 3, 3, 2, 3, 2, 2, 3, 2, 3, 3, 3, 3, 2, 6]  Action Executed:[2, 0, 2, 2, 0, 3, 0, 2, 0, 2, 0, 2, 3, 2, 3, 2, 3, 3, 2, 2, 2, 2, 2, 2, 2, 0, 2, 2, 2, 2, 2, 2, 3, 3, 3, 3, 3, 3, 3, 3, 3, 2, 3, 2, 2, 3, 2, 3, 3, 3, 3, 2, 2]
2021-09-16 20:47:14,012 :: INFO :: Line --> 91 :: episode:56  total reward:22.0  Path Followed:[0, 4, 8, 8, 9, 8, 4, 8, 4, 4, 4, 8, 8, 9, 8, 9, 10, 14]  Action Executed:[2, 0, 3, 3, 1, 3, 0, 3, 0, 0, 0, 3, 3, 1, 3, 1, 0, 1]
2021-09-16 20:47:16,399 :: INFO :: Line --> 91 :: episode:57  total reward:22.0  Path Followed:[0, 1, 0, 4, 8, 4, 8, 9, 8, 4, 4, 4, 8, 8, 8, 4, 8, 8, 4, 0, 0, 4, 8, 9, 8, 8, 4, 8, 9, 13, 13, 14, 13, 14, 13, 9, 8, 9, 10, 6]  Action Executed:[2, 3, 2, 0, 3, 0, 3, 1, 3, 0, 0, 0, 3, 3, 3, 0, 3, 3, 0, 2, 2, 0, 3, 1, 3, 3, 0, 3, 1, 2, 2, 1, 2, 1, 2, 1, 3, 1, 0, 2]
2021-09-16 20:47:16,951 :: INFO :: Line --> 91 :: episode:58  total reward:22.0  Path Followed:[0, 1, 1, 2, 6]  Action Executed:[2, 3, 3, 2, 2]
2021-09-16 20:47:17,467 :: INFO :: Line --> 91 :: episode:59  total reward:22.0  Path Followed:[0, 1, 2, 6]  Action Executed:[2, 3, 2, 2]
2021-09-16 20:47:18,383 :: INFO :: Line --> 91 :: episode:60  total reward:22.0  Path Followed:[0, 1, 2, 3, 3, 2, 3, 3, 2, 2, 2, 6]  Action Executed:[2, 3, 2, 3, 3, 2, 3, 3, 2, 2, 2, 2]
2021-09-16 20:47:20,693 :: INFO :: Line --> 91 :: episode:61  total reward:22.0  Path Followed:[0, 4, 0, 1, 1, 0, 4, 0, 1, 1, 1, 2, 3, 2, 3, 3, 3, 2, 6, 10, 9, 8, 9, 10, 9, 8, 4, 8, 4, 4, 0, 0, 1, 1, 0, 1, 1, 2, 6]  Action Executed:[2, 0, 2, 3, 3, 2, 0, 2, 3, 3, 3, 2, 3, 2, 3, 3, 3, 2, 2, 0, 1, 3, 1, 0, 1, 3, 0, 3, 0, 0, 2, 2, 3, 3, 2, 3, 3, 2, 2]
2021-09-16 20:47:24,529 :: INFO :: Line --> 91 :: episode:62  total reward:23.0  Path Followed:[0, 4, 0, 4, 4, 8, 4, 0, 1, 1, 2, 6, 10, 14, 14, 14, 13, 14, 13, 9, 10, 9, 13, 9, 10, 9, 10, 9, 13, 13, 14, 13, 13, 9, 13, 9, 8, 4, 4, 0, 4, 0, 4, 8, 4, 8, 4, 0, 4, 4, 4, 8, 8, 8, 8, 8, 8, 4, 8, 4, 4, 0, 1, 1, 2, 6, 10, 14]  Action Executed:[2, 0, 2, 0, 0, 3, 0, 2, 3, 3, 2, 2, 0, 1, 1, 1, 2, 1, 2, 1, 0, 1, 2, 1, 0, 1, 0, 1, 2, 2, 1, 2, 2, 1, 2, 1, 3, 0, 0, 2, 0, 2, 0, 3, 0, 3, 0, 2, 0, 0, 0, 3, 3, 3, 3, 3, 3, 0, 3, 0, 0, 2, 3, 3, 2, 2, 0, 1]
2021-09-16 20:47:25,348 :: INFO :: Line --> 91 :: episode:63  total reward:24.0  Path Followed:[0, 0, 4, 8, 9, 13, 13, 9, 10, 14]  Action Executed:[2, 2, 0, 3, 1, 2, 2, 1, 0, 1]
2021-09-16 20:47:26,348 :: INFO :: Line --> 91 :: episode:64  total reward:24.0  Path Followed:[0, 1, 0, 0, 0, 0, 1, 1, 2, 3, 3, 2, 6]  Action Executed:[2, 3, 2, 2, 2, 2, 3, 3, 2, 3, 3, 2, 2]
2021-09-16 20:47:28,581 :: INFO :: Line --> 91 :: episode:65  total reward:25.0  Path Followed:[0, 4, 8, 8, 4, 0, 4, 4, 4, 8, 8, 4, 8, 8, 8, 8, 8, 4, 4, 0, 0, 4, 8, 8, 8, 9, 13, 9, 10, 14, 14, 13, 13, 13, 14]  Action Executed:[2, 0, 3, 3, 0, 2, 0, 0, 0, 3, 3, 0, 3, 3, 3, 3, 3, 0, 0, 2, 2, 0, 3, 3, 3, 1, 2, 1, 0, 1, 1, 2, 2, 2, 1]
2021-09-16 20:47:29,276 :: INFO :: Line --> 91 :: episode:66  total reward:25.0  Path Followed:[0, 1, 2, 2, 6, 2, 6]  Action Executed:[2, 3, 2, 2, 2, 2, 2]
2021-09-16 20:47:31,145 :: INFO :: Line --> 91 :: episode:67  total reward:25.0  Path Followed:[0, 1, 0, 0, 0, 4, 8, 4, 0, 0, 1, 1, 0, 0, 1, 0, 4, 0, 1, 1, 0, 4, 0, 1, 2, 6, 10, 9, 10, 6]  Action Executed:[2, 3, 2, 2, 2, 0, 3, 0, 2, 2, 3, 3, 2, 2, 3, 2, 0, 2, 3, 3, 2, 0, 2, 3, 2, 2, 0, 1, 0, 2]
2021-09-16 20:47:34,933 :: INFO :: Line --> 91 :: episode:68  total reward:26.0  Path Followed:[0, 4, 0, 4, 0, 4, 4, 0, 4, 4, 4, 8, 8, 8, 4, 4, 4, 0, 4, 4, 0, 0, 0, 4, 4, 4, 0, 4, 0, 4, 8, 4, 0, 4, 4, 0, 4, 8, 4, 4, 4, 4, 0, 4, 8, 4, 0, 4, 4, 4, 8, 4, 4, 0, 1, 0, 1, 2, 2, 2, 2, 3, 2, 2, 6, 10, 14]  Action Executed:[2, 0, 2, 0, 2, 0, 0, 2, 0, 0, 0, 3, 3, 3, 0, 0, 0, 2, 0, 0, 2, 2, 2, 0, 0, 0, 2, 0, 2, 0, 3, 0, 2, 0, 0, 2, 0, 3, 0, 0, 0, 0, 2, 0, 3, 0, 2, 0, 0, 0, 3, 0, 0, 2, 3, 2, 3, 2, 2, 2, 2, 3, 2, 2, 2, 0, 1]
2021-09-16 20:47:36,923 :: INFO :: Line --> 91 :: episode:69  total reward:27.0  Path Followed:[0, 0, 1, 0, 4, 4, 4, 0, 4, 8, 4, 0, 1, 2, 3, 2, 2, 2, 3, 3, 3, 2, 6, 10, 6, 2, 6, 2, 2, 6, 10, 14]  Action Executed:[2, 2, 3, 2, 0, 0, 0, 2, 0, 3, 0, 2, 3, 2, 3, 2, 2, 2, 3, 3, 3, 2, 2, 0, 2, 2, 2, 2, 2, 2, 0, 1]
2021-09-16 20:47:38,436 :: INFO :: Line --> 91 :: episode:70  total reward:28.0  Path Followed:[0, 0, 1, 1, 1, 0, 1, 0, 1, 2, 2, 2, 3, 3, 2, 2, 6, 10, 14, 14]  Action Executed:[2, 2, 3, 3, 3, 2, 3, 2, 3, 2, 2, 2, 3, 3, 2, 2, 2, 0, 1, 1]
2021-09-16 20:47:41,179 :: INFO :: Line --> 91 :: episode:71  total reward:28.0  Path Followed:[0, 0, 0, 1, 0, 1, 1, 2, 3, 3, 3, 3, 3, 3, 3, 3, 3, 3, 2, 6, 2, 3, 2, 2, 3, 2, 2, 3, 2, 6, 10, 14, 13, 9, 10, 6, 10, 9, 13, 13, 9, 10, 6, 10, 6, 2, 6]  Action Executed:[2, 2, 2, 3, 2, 3, 3, 2, 3, 3, 3, 3, 3, 3, 3, 3, 3, 3, 2, 2, 2, 3, 2, 2, 3, 2, 2, 3, 2, 2, 0, 1, 2, 1, 0, 2, 0, 1, 2, 2, 1, 0, 2, 0, 2, 2, 2]
2021-09-16 20:47:42,031 :: INFO :: Line --> 91 :: episode:72  total reward:28.0  Path Followed:[0, 1, 1, 0, 4, 4, 8, 9, 10, 6]  Action Executed:[2, 3, 3, 2, 0, 0, 3, 1, 0, 2]
2021-09-16 20:47:44,010 :: INFO :: Line --> 91 :: episode:73  total reward:28.0  Path Followed:[0, 1, 0, 0, 1, 1, 1, 2, 6, 2, 3, 2, 2, 3, 3, 3, 2, 3, 3, 2, 2, 3, 3, 3, 2, 3, 3, 2, 3, 2, 2, 6]  Action Executed:[2, 3, 2, 2, 3, 3, 3, 2, 2, 2, 3, 2, 2, 3, 3, 3, 2, 3, 3, 2, 2, 3, 3, 3, 2, 3, 3, 2, 3, 2, 2, 2]
2021-09-16 20:47:44,686 :: INFO :: Line --> 91 :: episode:74  total reward:28.0  Path Followed:[0, 1, 2, 3, 3, 2, 6]  Action Executed:[2, 3, 2, 3, 3, 2, 2]
2021-09-16 20:47:46,140 :: INFO :: Line --> 91 :: episode:75  total reward:29.0  Path Followed:[0, 4, 4, 0, 4, 0, 0, 0, 0, 4, 4, 8, 8, 8, 9, 8, 9, 13, 14, 14, 13, 14]  Action Executed:[2, 0, 0, 2, 0, 2, 2, 2, 2, 0, 0, 3, 3, 3, 1, 3, 1, 2, 1, 1, 2, 1]
2021-09-16 20:47:51,682 :: INFO :: Line --> 91 :: episode:76  total reward:29.0  Path Followed:[0, 1, 1, 2, 2, 3, 3, 2, 2, 3, 2, 6, 2, 3, 2, 3, 2, 2, 6, 10, 14, 13, 14, 13, 9, 8, 4, 8, 8, 4, 8, 4, 0, 4, 8, 8, 4, 8, 4, 0, 4, 0, 0, 4, 0, 4, 8, 9, 8, 9, 8, 4, 4, 4, 0, 1, 1, 1, 2, 2, 3, 3, 2, 3, 3, 3, 3, 3, 3, 3, 3, 3, 2, 2, 6, 2, 3, 2, 2, 3, 3, 2, 2, 3, 3, 2, 2, 3, 3, 3, 2, 2, 3, 3, 3, 3, 3, 3, 3, 3]  Action Executed:[2, 3, 3, 2, 2, 3, 3, 2, 2, 3, 2, 2, 2, 3, 2, 3, 2, 2, 2, 0, 1, 2, 1, 2, 1, 3, 0, 3, 3, 0, 3, 0, 2, 0, 3, 3, 0, 3, 0, 2, 0, 2, 2, 0, 2, 0, 3, 1, 3, 1, 3, 0, 0, 0, 2, 3, 3, 3, 2, 2, 3, 3, 2, 3, 3, 3, 3, 3, 3, 3, 3, 3, 2, 2, 2, 2, 3, 2, 2, 3, 3, 2, 2, 3, 3, 2, 2, 3, 3, 3, 2, 2, 3, 3, 3, 3, 3, 3, 3, 3]
2021-09-16 20:47:53,198 :: INFO :: Line --> 91 :: episode:77  total reward:30.0  Path Followed:[0, 0, 4, 8, 9, 8, 4, 8, 4, 0, 1, 1, 1, 2, 6, 2, 2, 6, 10, 14, 13, 13, 14]  Action Executed:[2, 2, 0, 3, 1, 3, 0, 3, 0, 2, 3, 3, 3, 2, 2, 2, 2, 2, 0, 1, 2, 2, 1]
2021-09-16 20:47:54,715 :: INFO :: Line --> 91 :: episode:78  total reward:31.0  Path Followed:[0, 4, 4, 8, 8, 4, 8, 9, 8, 9, 13, 9, 10, 14, 14, 14, 13, 13, 9, 13, 14, 14, 14]  Action Executed:[2, 0, 0, 3, 3, 0, 3, 1, 3, 1, 2, 1, 0, 1, 1, 1, 2, 2, 1, 2, 1, 1, 1]
2021-09-16 20:47:57,458 :: INFO :: Line --> 91 :: episode:79  total reward:31.0  Path Followed:[0, 0, 0, 1, 1, 1, 0, 1, 1, 0, 0, 4, 8, 8, 9, 10, 14, 13, 9, 8, 8, 4, 0, 4, 0, 0, 4, 4, 4, 8, 4, 0, 4, 4, 0, 0, 1, 1, 1, 1, 2, 2, 2, 2, 2, 6]  Action Executed:[2, 2, 2, 3, 3, 3, 2, 3, 3, 2, 2, 0, 3, 3, 1, 0, 1, 2, 1, 3, 3, 0, 2, 0, 2, 2, 0, 0, 0, 3, 0, 2, 0, 0, 2, 2, 3, 3, 3, 3, 2, 2, 2, 2, 2, 2]
2021-09-16 20:47:58,615 :: INFO :: Line --> 91 :: episode:80  total reward:32.0  Path Followed:[0, 4, 4, 4, 0, 0, 4, 4, 8, 4, 0, 4, 8, 9, 13, 14]  Action Executed:[2, 0, 0, 0, 2, 2, 0, 0, 3, 0, 2, 0, 3, 1, 2, 1]
2021-09-16 20:47:59,357 :: INFO :: Line --> 91 :: episode:81  total reward:32.0  Path Followed:[0, 1, 2, 3, 3, 3, 2, 6]  Action Executed:[2, 3, 2, 3, 3, 3, 2, 2]
2021-09-16 20:48:00,455 :: INFO :: Line --> 91 :: episode:82  total reward:33.0  Path Followed:[0, 1, 2, 6, 2, 6, 2, 6, 10, 14, 13, 9, 13, 14, 14]  Action Executed:[2, 3, 2, 2, 2, 2, 2, 2, 0, 1, 2, 1, 2, 1, 1]
2021-09-16 20:48:01,770 :: INFO :: Line --> 91 :: episode:83  total reward:34.0  Path Followed:[0, 0, 0, 1, 0, 1, 0, 0, 4, 4, 0, 4, 4, 8, 4, 8, 9, 13, 14]  Action Executed:[2, 2, 2, 3, 2, 3, 2, 2, 0, 0, 2, 0, 0, 3, 0, 3, 1, 2, 1]
2021-09-16 20:48:04,072 :: INFO :: Line --> 91 :: episode:84  total reward:35.0  Path Followed:[0, 1, 1, 0, 1, 0, 0, 1, 0, 0, 0, 4, 8, 9, 10, 14, 14, 13, 9, 13, 9, 8, 8, 9, 8, 4, 4, 8, 9, 10, 9, 10, 9, 10, 14, 14, 13, 14]  Action Executed:[2, 3, 3, 2, 3, 2, 2, 3, 2, 2, 2, 0, 3, 1, 0, 1, 1, 2, 1, 2, 1, 3, 3, 1, 3, 0, 0, 3, 1, 0, 1, 0, 1, 0, 1, 1, 2, 1]
2021-09-16 20:48:05,224 :: INFO :: Line --> 91 :: episode:85  total reward:35.0  Path Followed:[0, 4, 8, 9, 13, 14, 14, 13, 9, 8, 8, 4, 8, 9, 10, 6]  Action Executed:[2, 0, 3, 1, 2, 1, 1, 2, 1, 3, 3, 0, 3, 1, 0, 2]
2021-09-16 20:48:07,779 :: INFO :: Line --> 91 :: episode:86  total reward:35.0  Path Followed:[0, 4, 8, 8, 8, 8, 8, 4, 0, 4, 0, 4, 4, 8, 8, 4, 4, 0, 1, 1, 1, 0, 0, 0, 1, 2, 2, 3, 3, 3, 3, 3, 3, 3, 3, 3, 2, 2, 6]  Action Executed:[2, 0, 3, 3, 3, 3, 3, 0, 2, 0, 2, 0, 0, 3, 3, 0, 0, 2, 3, 3, 3, 2, 2, 2, 3, 2, 2, 3, 3, 3, 3, 3, 3, 3, 3, 3, 2, 2, 2]
2021-09-16 20:48:09,361 :: INFO :: Line --> 91 :: episode:87  total reward:35.0  Path Followed:[0, 4, 4, 4, 4, 0, 4, 0, 4, 0, 1, 1, 2, 6, 2, 3, 2, 6, 2, 2, 2, 6, 2, 6]  Action Executed:[2, 0, 0, 0, 0, 2, 0, 2, 0, 2, 3, 3, 2, 2, 2, 3, 2, 2, 2, 2, 2, 2, 2, 2]
2021-09-16 20:48:10,521 :: INFO :: Line --> 91 :: episode:88  total reward:36.0  Path Followed:[0, 4, 4, 4, 8, 4, 8, 8, 4, 8, 8, 8, 9, 13, 14, 14]  Action Executed:[2, 0, 0, 0, 3, 0, 3, 3, 0, 3, 3, 3, 1, 2, 1, 1]
2021-09-16 20:48:12,476 :: INFO :: Line --> 91 :: episode:89  total reward:36.0  Path Followed:[0, 4, 0, 1, 1, 1, 0, 0, 1, 1, 1, 0, 1, 2, 3, 3, 2, 2, 6, 2, 2, 3, 2, 2, 2, 2, 2, 3, 3, 2, 6]  Action Executed:[2, 0, 2, 3, 3, 3, 2, 2, 3, 3, 3, 2, 3, 2, 3, 3, 2, 2, 2, 2, 2, 3, 2, 2, 2, 2, 2, 3, 3, 2, 2]
2021-09-16 20:48:15,573 :: INFO :: Line --> 91 :: episode:90  total reward:36.0  Path Followed:[0, 4, 4, 0, 4, 0, 4, 0, 1, 0, 4, 0, 4, 4, 8, 8, 8, 4, 0, 4, 4, 0, 0, 0, 0, 0, 1, 2, 6, 2, 3, 2, 3, 3, 2, 3, 3, 2, 2, 3, 2, 3, 3, 3, 3, 2, 2, 6, 2, 3, 2, 6]  Action Executed:[2, 0, 0, 2, 0, 2, 0, 2, 3, 2, 0, 2, 0, 0, 3, 3, 3, 0, 2, 0, 0, 2, 2, 2, 2, 2, 3, 2, 2, 2, 3, 2, 3, 3, 2, 3, 3, 2, 2, 3, 2, 3, 3, 3, 3, 2, 2, 2, 2, 3, 2, 2]
2021-09-16 20:48:16,708 :: INFO :: Line --> 91 :: episode:91  total reward:37.0  Path Followed:[0, 0, 1, 1, 1, 2, 6, 10, 6, 10, 6, 2, 6, 10, 14]  Action Executed:[2, 2, 3, 3, 3, 2, 2, 0, 2, 0, 2, 2, 2, 0, 1]
2021-09-16 20:48:19,480 :: INFO :: Line --> 91 :: episode:92  total reward:37.0  Path Followed:[0, 0, 4, 8, 4, 0, 0, 4, 8, 4, 4, 4, 0, 0, 1, 0, 4, 8, 8, 8, 9, 10, 6, 2, 3, 3, 3, 2, 2, 3, 2, 2, 2, 2, 2, 2, 2, 3, 3, 3, 3, 2, 2, 2, 2, 6]  Action Executed:[2, 2, 0, 3, 0, 2, 2, 0, 3, 0, 0, 0, 2, 2, 3, 2, 0, 3, 3, 3, 1, 0, 2, 2, 3, 3, 3, 2, 2, 3, 2, 2, 2, 2, 2, 2, 2, 3, 3, 3, 3, 2, 2, 2, 2, 2]
2021-09-16 20:48:20,646 :: INFO :: Line --> 91 :: episode:93  total reward:38.0  Path Followed:[0, 0, 1, 2, 2, 2, 6, 10, 9, 13, 13, 9, 13, 9, 10, 14]  Action Executed:[2, 2, 3, 2, 2, 2, 2, 0, 1, 2, 2, 1, 2, 1, 0, 1]
2021-09-16 20:48:22,022 :: INFO :: Line --> 91 :: episode:94  total reward:39.0  Path Followed:[0, 4, 8, 8, 8, 8, 4, 8, 9, 10, 14, 13, 9, 8, 9, 10, 9, 13, 13, 14]  Action Executed:[2, 0, 3, 3, 3, 3, 0, 3, 1, 0, 1, 2, 1, 3, 1, 0, 1, 2, 2, 1]
2021-09-16 20:48:22,826 :: INFO :: Line --> 91 :: episode:95  total reward:39.0  Path Followed:[0, 1, 0, 0, 1, 2, 2, 2, 6]  Action Executed:[2, 3, 2, 2, 3, 2, 2, 2, 2]
2021-09-16 20:48:25,763 :: INFO :: Line --> 91 :: episode:96  total reward:40.0  Path Followed:[0, 1, 0, 4, 0, 1, 0, 4, 0, 0, 4, 8, 4, 4, 4, 8, 8, 9, 10, 6, 10, 9, 10, 9, 13, 13, 9, 8, 9, 8, 4, 0, 1, 1, 0, 4, 4, 8, 4, 4, 4, 8, 9, 13, 9, 10, 14, 13, 13, 14]  Action Executed:[2, 3, 2, 0, 2, 3, 2, 0, 2, 2, 0, 3, 0, 0, 0, 3, 3, 1, 0, 2, 0, 1, 0, 1, 2, 2, 1, 3, 1, 3, 0, 2, 3, 3, 2, 0, 0, 3, 0, 0, 0, 3, 1, 2, 1, 0, 1, 2, 2, 1]
2021-09-16 20:48:26,671 :: INFO :: Line --> 91 :: episode:97  total reward:41.0  Path Followed:[0, 0, 1, 0, 4, 8, 9, 10, 6, 10, 14]  Action Executed:[2, 2, 3, 2, 0, 3, 1, 0, 2, 0, 1]
2021-09-16 20:48:27,957 :: INFO :: Line --> 91 :: episode:98  total reward:41.0  Path Followed:[0, 4, 0, 0, 1, 0, 1, 1, 0, 1, 0, 0, 1, 1, 2, 6, 2, 6]  Action Executed:[2, 0, 2, 2, 3, 2, 3, 3, 2, 3, 2, 2, 3, 3, 2, 2, 2, 2]
2021-09-16 20:48:29,136 :: INFO :: Line --> 91 :: episode:99  total reward:41.0  Path Followed:[0, 0, 0, 4, 0, 0, 0, 1, 0, 0, 0, 0, 1, 1, 2, 6]  Action Executed:[2, 2, 2, 0, 2, 2, 2, 3, 2, 2, 2, 2, 3, 3, 2, 2]
2021-09-16 20:48:32,689 :: INFO :: Line --> 91 :: episode:100  total reward:42.0  Path Followed:[0, 0, 4, 8, 8, 8, 8, 4, 4, 0, 0, 4, 4, 0, 0, 4, 0, 1, 2, 2, 3, 2, 6, 10, 9, 8, 8, 8, 4, 0, 0, 4, 8, 9, 8, 4, 8, 4, 8, 4, 0, 1, 0, 4, 8, 4, 0, 1, 0, 1, 1, 0, 0, 4, 4, 4, 8, 4, 8, 9, 10, 14]  Action Executed:[2, 2, 0, 3, 3, 3, 3, 0, 0, 2, 2, 0, 0, 2, 2, 0, 2, 3, 2, 2, 3, 2, 2, 0, 1, 3, 3, 3, 0, 2, 2, 0, 3, 1, 3, 0, 3, 0, 3, 0, 2, 3, 2, 0, 3, 0, 2, 3, 2, 3, 3, 2, 2, 0, 0, 0, 3, 0, 3, 1, 0, 1]
2021-09-16 20:48:33,109 :: INFO :: Line --> 101 :: episode:100  total reward:42.0  Model Accuracy:42.0
